--------------- Build Started: 05/10/2020 12:34:04 Project: FinalProject, Configuration: ARM GCC 5.4-2016-q2-update Debug ---------------
cydsfit.exe -.appdatapath "C:\Users\dlau\AppData\Local\Cypress Semiconductor\PSoC Creator\4.2" -.fdsnotice -.fdswarpdepfile=warp_dependencies.txt -.fdselabdepfile=elab_dependencies.txt -.fdsbldfile=generated_files.txt -.fdsreffile=referenced_files.txt -p "C:\Users\dlau\Documents\PSoC Creator\ME135_235\FinalProject.cydsn\FinalProject.cyprj" -d CY8C5888LTI-LP097 -s "C:\Users\dlau\Documents\PSoC Creator\ME135_235\FinalProject.cydsn\Generated_Source\PSoC5" -- -yv2 -q10 -ygs -o2 -v3 -.fftcfgtype=LE
Elaborating Design...
HDL Generation...
Synthesis...
Tech Mapping...
Analog Placement...
Info: apr.M0002: Analog signal "\ADC_DelSig:Net_35\" is connected to one terminal only. (App=cydsfit)
Log: apr.M0058: The analog placement iterative improvement is 32% done. (App=cydsfit)
Log: apr.M0058: The analog placement iterative improvement is 56% done. (App=cydsfit)
Log: apr.M0058: The analog placement iterative improvement is 76% done. (App=cydsfit)
Analog Routing...
Analog Code Generation...
Digital Placement...
Digital Routing...
Bitstream Generation...
Bitstream Verification...
Static timing analysis...
API Generation...
Dependency Generation...
Cleanup...
arm-none-eabi-gcc.exe -mcpu=cortex-m3 -mthumb -I. -IGenerated_Source\PSoC5 -Wa,-alh=.\CortexM3\ARM_GCC_541\Debug/main.lst -g -D DEBUG -D CY_CORE_ID=0 -Wall -ffunction-sections -ffat-lto-objects -Og -c main.c -o .\CortexM3\ARM_GCC_541\Debug\main.o
arm-none-eabi-gcc.exe -mcpu=cortex-m3 -mthumb -I. -IGenerated_Source\PSoC5 -Wa,-alh=.\CortexM3\ARM_GCC_541\Debug/cyfitter_cfg.lst -g -D DEBUG -D CY_CORE_ID=0 -Wall -ffunction-sections -ffat-lto-objects -Og -c Generated_Source\PSoC5\cyfitter_cfg.c -o .\CortexM3\ARM_GCC_541\Debug\cyfitter_cfg.o
arm-none-eabi-gcc.exe -mcpu=cortex-m3 -mthumb -I. -IGenerated_Source\PSoC5 -Wa,-alh=.\CortexM3\ARM_GCC_541\Debug/Timer_1.lst -g -D DEBUG -D CY_CORE_ID=0 -Wall -ffunction-sections -ffat-lto-objects -Og -c Generated_Source\PSoC5\Timer_1.c -o .\CortexM3\ARM_GCC_541\Debug\Timer_1.o
arm-none-eabi-gcc.exe -mcpu=cortex-m3 -mthumb -I. -IGenerated_Source\PSoC5 -Wa,-alh=.\CortexM3\ARM_GCC_541\Debug/Timer_1_PM.lst -g -D DEBUG -D CY_CORE_ID=0 -Wall -ffunction-sections -ffat-lto-objects -Og -c Generated_Source\PSoC5\Timer_1_PM.c -o .\CortexM3\ARM_GCC_541\Debug\Timer_1_PM.o
arm-none-eabi-ar.exe -rs .\CortexM3\ARM_GCC_541\Debug\FinalProject.a .\CortexM3\ARM_GCC_541\Debug\Vin.o .\CortexM3\ARM_GCC_541\Debug\Vout.o .\CortexM3\ARM_GCC_541\Debug\cy_em_eeprom.o .\CortexM3\ARM_GCC_541\Debug\CyDmac.o .\CortexM3\ARM_GCC_541\Debug\CyFlash.o .\CortexM3\ARM_GCC_541\Debug\CyLib.o .\CortexM3\ARM_GCC_541\Debug\cyPm.o .\CortexM3\ARM_GCC_541\Debug\CySpc.o .\CortexM3\ARM_GCC_541\Debug\cyutils.o .\CortexM3\ARM_GCC_541\Debug\Timer_1.o .\CortexM3\ARM_GCC_541\Debug\Timer_1_PM.o .\CortexM3\ARM_GCC_541\Debug\TimerInterrupt.o .\CortexM3\ARM_GCC_541\Debug\LabVIEW_UART.o .\CortexM3\ARM_GCC_541\Debug\LabVIEW_UART_PM.o .\CortexM3\ARM_GCC_541\Debug\LabVIEW_UART_INT.o .\CortexM3\ARM_GCC_541\Debug\LabVIEW_UART_BOOT.o .\CortexM3\ARM_GCC_541\Debug\UARTReset.o .\CortexM3\ARM_GCC_541\Debug\UARTReset_PM.o .\CortexM3\ARM_GCC_541\Debug\ByteReceived.o .\CortexM3\ARM_GCC_541\Debug\LEDDrive.o .\CortexM3\ARM_GCC_541\Debug\LEDDrive_PM.o .\CortexM3\ARM_GCC_541\Debug\LED.o .\CortexM3\ARM_GCC_541\Debug\ByteCounter.o .\CortexM3\ARM_GCC_541\Debug\ByteCounter_PM.o .\CortexM3\ARM_GCC_541\Debug\ByteCountReset.o .\CortexM3\ARM_GCC_541\Debug\ByteCountReset_PM.o .\CortexM3\ARM_GCC_541\Debug\CommandReceived.o .\CortexM3\ARM_GCC_541\Debug\LabVIEW_UART_IntClock.o .\CortexM3\ARM_GCC_541\Debug\WaveGenerator.o .\CortexM3\ARM_GCC_541\Debug\WaveGenerator_PM.o .\CortexM3\ARM_GCC_541\Debug\WaveGenerator_DacClk.o .\CortexM3\ARM_GCC_541\Debug\WaveGenerator_Wave1_DMA_dma.o .\CortexM3\ARM_GCC_541\Debug\WaveGenerator_Wave2_DMA_dma.o .\CortexM3\ARM_GCC_541\Debug\WaveGenerator_VDAC8.o .\CortexM3\ARM_GCC_541\Debug\WaveGenerator_VDAC8_PM.o .\CortexM3\ARM_GCC_541\Debug\ADC_DelSig.o .\CortexM3\ARM_GCC_541\Debug\ADC_DelSig_PM.o .\CortexM3\ARM_GCC_541\Debug\ADC_DelSig_INT.o .\CortexM3\ARM_GCC_541\Debug\ADC_DelSig_AMux.o .\CortexM3\ARM_GCC_541\Debug\ADC_DelSig_Ext_CP_Clk.o .\CortexM3\ARM_GCC_541\Debug\ADC_DelSig_IRQ.o .\CortexM3\ARM_GCC_541\Debug\ADC_DelSig_theACLK.o .\CortexM3\ARM_GCC_541\Debug\TimerReset.o .\CortexM3\ARM_GCC_541\Debug\TimerReset_PM.o .\CortexM3\ARM_GCC_541\Debug\CyBootAsmGnu.o
arm-none-eabi-ar.exe: creating .\CortexM3\ARM_GCC_541\Debug\FinalProject.a
arm-none-eabi-gcc.exe -Wl,--start-group -o "C:\Users\dlau\Documents\PSoC Creator\ME135_235\FinalProject.cydsn\CortexM3\ARM_GCC_541\Debug\FinalProject.elf" .\CortexM3\ARM_GCC_541\Debug\main.o .\CortexM3\ARM_GCC_541\Debug\cyfitter_cfg.o .\CortexM3\ARM_GCC_541\Debug\cymetadata.o .\CortexM3\ARM_GCC_541\Debug\Cm3Start.o .\CortexM3\ARM_GCC_541\Debug\FinalProject.a "C:\Program Files (x86)\Cypress\PSoC Creator\4.2\PSoC Creator\psoc\content\cycomponentlibrary\CyComponentLibrary.cylib\CortexM3\ARM_GCC_541\Debug\CyComponentLibrary.a" -mcpu=cortex-m3 -mthumb -L Generated_Source\PSoC5 -Wl,-Map,.\CortexM3\ARM_GCC_541\Debug/FinalProject.map -T Generated_Source\PSoC5\cm3gcc.ld -specs=nano.specs -Wl,--gc-sections -g -ffunction-sections -Og -ffat-lto-objects -Wl,--end-group
cyelftool.exe -C "C:\Users\dlau\Documents\PSoC Creator\ME135_235\FinalProject.cydsn\CortexM3\ARM_GCC_541\Debug\FinalProject.elf" --flash_row_size 256 --flash_size 262144 --flash_offset 0x00000000
No ELF section .cychecksum found, creating one
Application checksum calculated and stored in ELF section .cychecksum
Checksum calculated and stored in ELF section .cymeta
cyelftool.exe -S "C:\Users\dlau\Documents\PSoC Creator\ME135_235\FinalProject.cydsn\CortexM3\ARM_GCC_541\Debug\FinalProject.elf"
Flash used: 7110 of 262144 bytes (2.7%).
SRAM used: 2985 of 65536 bytes (4.6%). Stack: 2048 bytes. Heap: 128 bytes.
--------------- Build Succeeded: 05/10/2020 12:34:50 ---------------
