ARM GAS  C:\Users\dlau\AppData\Local\Temp\ccOaS4XO.s 			page 1


   1              		.syntax unified
   2              		.cpu cortex-m3
   3              		.fpu softvfp
   4              		.eabi_attribute 20, 1
   5              		.eabi_attribute 21, 1
   6              		.eabi_attribute 23, 3
   7              		.eabi_attribute 24, 1
   8              		.eabi_attribute 25, 1
   9              		.eabi_attribute 26, 1
  10              		.eabi_attribute 30, 1
  11              		.eabi_attribute 34, 1
  12              		.eabi_attribute 18, 4
  13              		.thumb
  14              		.syntax unified
  15              		.file	"cymetadata.c"
  16              		.text
  17              	.Ltext0:
  18              		.cfi_sections	.debug_frame
  19              		.global	cy_metadata
  20              		.global	cy_meta_flashprotect
  21              		.global	cy_meta_wonvl
  22              		.global	cy_meta_custnvl
  23              		.global	cy_meta_configecc
  24              		.section	.cyconfigecc,"a",%progbits
  25              		.align	2
  26              		.type	cy_meta_configecc, %object
  27              		.size	cy_meta_configecc, 1900
  28              	cy_meta_configecc:
  29 0000 01       		.byte	1
  30 0001 52       		.byte	82
  31 0002 00       		.byte	0
  32 0003 40       		.byte	64
  33 0004 01       		.byte	1
  34 0005 5A       		.byte	90
  35 0006 00       		.byte	0
  36 0007 40       		.byte	64
  37 0008 05       		.byte	5
  38 0009 64       		.byte	100
  39 000a 00       		.byte	0
  40 000b 40       		.byte	64
  41 000c 03       		.byte	3
  42 000d 65       		.byte	101
  43 000e 00       		.byte	0
  44 000f 40       		.byte	64
  45 0010 01       		.byte	1
  46 0011 03       		.byte	3
  47 0012 01       		.byte	1
  48 0013 40       		.byte	64
  49 0014 01       		.byte	1
  50 0015 05       		.byte	5
  51 0016 01       		.byte	1
  52 0017 40       		.byte	64
  53 0018 04       		.byte	4
  54 0019 06       		.byte	6
  55 001a 01       		.byte	1
  56 001b 40       		.byte	64
  57 001c 02       		.byte	2
ARM GAS  C:\Users\dlau\AppData\Local\Temp\ccOaS4XO.s 			page 2


  58 001d 07       		.byte	7
  59 001e 01       		.byte	1
  60 001f 40       		.byte	64
  61 0020 60       		.byte	96
  62 0021 08       		.byte	8
  63 0022 01       		.byte	1
  64 0023 40       		.byte	64
  65 0024 44       		.byte	68
  66 0025 09       		.byte	9
  67 0026 01       		.byte	1
  68 0027 40       		.byte	64
  69 0028 5F       		.byte	95
  70 0029 0A       		.byte	10
  71 002a 01       		.byte	1
  72 002b 40       		.byte	64
  73 002c 43       		.byte	67
  74 002d 0B       		.byte	11
  75 002e 01       		.byte	1
  76 002f 40       		.byte	64
  77 0030 4C       		.byte	76
  78 0031 0C       		.byte	12
  79 0032 01       		.byte	1
  80 0033 40       		.byte	64
  81 0034 36       		.byte	54
  82 0035 0D       		.byte	13
  83 0036 01       		.byte	1
  84 0037 40       		.byte	64
  85 0038 03       		.byte	3
  86 0039 17       		.byte	23
  87 003a 01       		.byte	1
  88 003b 40       		.byte	64
  89 003c 5C       		.byte	92
  90 003d 18       		.byte	24
  91 003e 01       		.byte	1
  92 003f 40       		.byte	64
  93 0040 48       		.byte	72
  94 0041 19       		.byte	25
  95 0042 01       		.byte	1
  96 0043 40       		.byte	64
  97 0044 51       		.byte	81
  98 0045 1A       		.byte	26
  99 0046 01       		.byte	1
 100 0047 40       		.byte	64
 101 0048 46       		.byte	70
 102 0049 1B       		.byte	27
 103 004a 01       		.byte	1
 104 004b 40       		.byte	64
 105 004c 06       		.byte	6
 106 004d 40       		.byte	64
 107 004e 01       		.byte	1
 108 004f 40       		.byte	64
 109 0050 05       		.byte	5
 110 0051 41       		.byte	65
 111 0052 01       		.byte	1
 112 0053 40       		.byte	64
 113 0054 05       		.byte	5
 114 0055 42       		.byte	66
ARM GAS  C:\Users\dlau\AppData\Local\Temp\ccOaS4XO.s 			page 3


 115 0056 01       		.byte	1
 116 0057 40       		.byte	64
 117 0058 04       		.byte	4
 118 0059 43       		.byte	67
 119 005a 01       		.byte	1
 120 005b 40       		.byte	64
 121 005c 02       		.byte	2
 122 005d 44       		.byte	68
 123 005e 01       		.byte	1
 124 005f 40       		.byte	64
 125 0060 03       		.byte	3
 126 0061 45       		.byte	69
 127 0062 01       		.byte	1
 128 0063 40       		.byte	64
 129 0064 04       		.byte	4
 130 0065 46       		.byte	70
 131 0066 01       		.byte	1
 132 0067 40       		.byte	64
 133 0068 05       		.byte	5
 134 0069 47       		.byte	71
 135 006a 01       		.byte	1
 136 006b 40       		.byte	64
 137 006c 09       		.byte	9
 138 006d 48       		.byte	72
 139 006e 01       		.byte	1
 140 006f 40       		.byte	64
 141 0070 04       		.byte	4
 142 0071 4C       		.byte	76
 143 0072 01       		.byte	1
 144 0073 40       		.byte	64
 145 0074 07       		.byte	7
 146 0075 4D       		.byte	77
 147 0076 01       		.byte	1
 148 0077 40       		.byte	64
 149 0078 09       		.byte	9
 150 0079 50       		.byte	80
 151 007a 01       		.byte	1
 152 007b 40       		.byte	64
 153 007c 02       		.byte	2
 154 007d 51       		.byte	81
 155 007e 01       		.byte	1
 156 007f 40       		.byte	64
 157 0080 11       		.byte	17
 158 0081 02       		.byte	2
 159 0082 9F       		.byte	-97
 160 0083 01       		.byte	1
 161 0084 78       		.byte	120
 162 0085 01       		.byte	1
 163 0086 7C       		.byte	124
 164 0087 01       		.byte	1
 165 0088 88       		.byte	-120
 166 0089 0D       		.byte	13
 167 008a 8B       		.byte	-117
 168 008b 72       		.byte	114
 169 008c 8D       		.byte	-115
 170 008d 38       		.byte	56
 171 008e 79       		.byte	121
ARM GAS  C:\Users\dlau\AppData\Local\Temp\ccOaS4XO.s 			page 4


 172 008f 01       		.byte	1
 173 0090 89       		.byte	-119
 174 0091 67       		.byte	103
 175 0092 8B       		.byte	-117
 176 0093 0F       		.byte	15
 177 0094 E6       		.byte	-26
 178 0095 04       		.byte	4
 179 0096 E2       		.byte	-30
 180 0097 08       		.byte	8
 181 0098 39       		.byte	57
 182 0099 88       		.byte	-120
 183 009a 3F       		.byte	63
 184 009b 44       		.byte	68
 185 009c 59       		.byte	89
 186 009d 04       		.byte	4
 187 009e 5F       		.byte	95
 188 009f 01       		.byte	1
 189 00a0 24       		.byte	36
 190 00a1 22       		.byte	34
 191 00a2 E4       		.byte	-28
 192 00a3 04       		.byte	4
 193 00a4 01       		.byte	1
 194 00a5 08       		.byte	8
 195 00a6 02       		.byte	2
 196 00a7 01       		.byte	1
 197 00a8 04       		.byte	4
 198 00a9 04       		.byte	4
 199 00aa 05       		.byte	5
 200 00ab 04       		.byte	4
 201 00ac 06       		.byte	6
 202 00ad 02       		.byte	2
 203 00ae 08       		.byte	8
 204 00af 0E       		.byte	14
 205 00b0 09       		.byte	9
 206 00b1 0C       		.byte	12
 207 00b2 0C       		.byte	12
 208 00b3 08       		.byte	8
 209 00b4 0D       		.byte	13
 210 00b5 2F       		.byte	47
 211 00b6 0E       		.byte	14
 212 00b7 02       		.byte	2
 213 00b8 13       		.byte	19
 214 00b9 02       		.byte	2
 215 00ba 15       		.byte	21
 216 00bb 23       		.byte	35
 217 00bc 16       		.byte	22
 218 00bd 01       		.byte	1
 219 00be 17       		.byte	23
 220 00bf 0C       		.byte	12
 221 00c0 18       		.byte	24
 222 00c1 02       		.byte	2
 223 00c2 19       		.byte	25
 224 00c3 02       		.byte	2
 225 00c4 1A       		.byte	26
 226 00c5 0C       		.byte	12
 227 00c6 1C       		.byte	28
 228 00c7 0E       		.byte	14
ARM GAS  C:\Users\dlau\AppData\Local\Temp\ccOaS4XO.s 			page 5


 229 00c8 1D       		.byte	29
 230 00c9 0E       		.byte	14
 231 00ca 1F       		.byte	31
 232 00cb 30       		.byte	48
 233 00cc 21       		.byte	33
 234 00cd 0F       		.byte	15
 235 00ce 23       		.byte	35
 236 00cf 10       		.byte	16
 237 00d0 27       		.byte	39
 238 00d1 21       		.byte	33
 239 00d2 28       		.byte	40
 240 00d3 0E       		.byte	14
 241 00d4 29       		.byte	41
 242 00d5 0E       		.byte	14
 243 00d6 2B       		.byte	43
 244 00d7 01       		.byte	1
 245 00d8 30       		.byte	48
 246 00d9 01       		.byte	1
 247 00da 31       		.byte	49
 248 00db 3F       		.byte	63
 249 00dc 32       		.byte	50
 250 00dd 0E       		.byte	14
 251 00de 3B       		.byte	59
 252 00df 02       		.byte	2
 253 00e0 3E       		.byte	62
 254 00e1 01       		.byte	1
 255 00e2 40       		.byte	64
 256 00e3 56       		.byte	86
 257 00e4 41       		.byte	65
 258 00e5 04       		.byte	4
 259 00e6 49       		.byte	73
 260 00e7 FF       		.byte	-1
 261 00e8 4A       		.byte	74
 262 00e9 FF       		.byte	-1
 263 00ea 4B       		.byte	75
 264 00eb FF       		.byte	-1
 265 00ec 4F       		.byte	79
 266 00ed 01       		.byte	1
 267 00ee 50       		.byte	80
 268 00ef 18       		.byte	24
 269 00f0 54       		.byte	84
 270 00f1 01       		.byte	1
 271 00f2 56       		.byte	86
 272 00f3 04       		.byte	4
 273 00f4 58       		.byte	88
 274 00f5 04       		.byte	4
 275 00f6 59       		.byte	89
 276 00f7 04       		.byte	4
 277 00f8 5A       		.byte	90
 278 00f9 04       		.byte	4
 279 00fa 5B       		.byte	91
 280 00fb 04       		.byte	4
 281 00fc 5C       		.byte	92
 282 00fd 11       		.byte	17
 283 00fe 5D       		.byte	93
 284 00ff 99       		.byte	-103
 285 0100 5F       		.byte	95
ARM GAS  C:\Users\dlau\AppData\Local\Temp\ccOaS4XO.s 			page 6


 286 0101 05       		.byte	5
 287 0102 60       		.byte	96
 288 0103 40       		.byte	64
 289 0104 62       		.byte	98
 290 0105 40       		.byte	64
 291 0106 64       		.byte	100
 292 0107 40       		.byte	64
 293 0108 65       		.byte	101
 294 0109 40       		.byte	64
 295 010a 66       		.byte	102
 296 010b 80       		.byte	-128
 297 010c 68       		.byte	104
 298 010d 80       		.byte	-128
 299 010e 6A       		.byte	106
 300 010f 80       		.byte	-128
 301 0110 6C       		.byte	108
 302 0111 80       		.byte	-128
 303 0112 6E       		.byte	110
 304 0113 80       		.byte	-128
 305 0114 83       		.byte	-125
 306 0115 04       		.byte	4
 307 0116 85       		.byte	-123
 308 0117 01       		.byte	1
 309 0118 86       		.byte	-122
 310 0119 01       		.byte	1
 311 011a 8F       		.byte	-113
 312 011b 01       		.byte	1
 313 011c 99       		.byte	-103
 314 011d 02       		.byte	2
 315 011e 9C       		.byte	-100
 316 011f 01       		.byte	1
 317 0120 9F       		.byte	-97
 318 0121 02       		.byte	2
 319 0122 A1       		.byte	-95
 320 0123 04       		.byte	4
 321 0124 AF       		.byte	-81
 322 0125 01       		.byte	1
 323 0126 B1       		.byte	-79
 324 0127 04       		.byte	4
 325 0128 B3       		.byte	-77
 326 0129 02       		.byte	2
 327 012a B4       		.byte	-76
 328 012b 01       		.byte	1
 329 012c B7       		.byte	-73
 330 012d 01       		.byte	1
 331 012e BF       		.byte	-65
 332 012f 44       		.byte	68
 333 0130 C0       		.byte	-64
 334 0131 52       		.byte	82
 335 0132 C1       		.byte	-63
 336 0133 04       		.byte	4
 337 0134 C9       		.byte	-55
 338 0135 FF       		.byte	-1
 339 0136 CA       		.byte	-54
 340 0137 FF       		.byte	-1
 341 0138 CB       		.byte	-53
 342 0139 FF       		.byte	-1
ARM GAS  C:\Users\dlau\AppData\Local\Temp\ccOaS4XO.s 			page 7


 343 013a CD       		.byte	-51
 344 013b 83       		.byte	-125
 345 013c CE       		.byte	-50
 346 013d 03       		.byte	3
 347 013e CF       		.byte	-49
 348 013f 01       		.byte	1
 349 0140 D0       		.byte	-48
 350 0141 18       		.byte	24
 351 0142 D2       		.byte	-46
 352 0143 80       		.byte	-128
 353 0144 D8       		.byte	-40
 354 0145 04       		.byte	4
 355 0146 D9       		.byte	-39
 356 0147 04       		.byte	4
 357 0148 DA       		.byte	-38
 358 0149 04       		.byte	4
 359 014a DB       		.byte	-37
 360 014b 04       		.byte	4
 361 014c DC       		.byte	-36
 362 014d 11       		.byte	17
 363 014e DD       		.byte	-35
 364 014f 99       		.byte	-103
 365 0150 DF       		.byte	-33
 366 0151 01       		.byte	1
 367 0152 E0       		.byte	-32
 368 0153 40       		.byte	64
 369 0154 E2       		.byte	-30
 370 0155 40       		.byte	64
 371 0156 E4       		.byte	-28
 372 0157 40       		.byte	64
 373 0158 E5       		.byte	-27
 374 0159 40       		.byte	64
 375 015a E6       		.byte	-26
 376 015b 80       		.byte	-128
 377 015c E8       		.byte	-24
 378 015d 80       		.byte	-128
 379 015e EA       		.byte	-22
 380 015f 80       		.byte	-128
 381 0160 EC       		.byte	-20
 382 0161 80       		.byte	-128
 383 0162 EE       		.byte	-18
 384 0163 80       		.byte	-128
 385 0164 00       		.byte	0
 386 0165 04       		.byte	4
 387 0166 04       		.byte	4
 388 0167 82       		.byte	-126
 389 0168 07       		.byte	7
 390 0169 24       		.byte	36
 391 016a 08       		.byte	8
 392 016b 40       		.byte	64
 393 016c 0C       		.byte	12
 394 016d 40       		.byte	64
 395 016e 0F       		.byte	15
 396 016f 28       		.byte	40
 397 0170 17       		.byte	23
 398 0171 10       		.byte	16
 399 0172 18       		.byte	24
ARM GAS  C:\Users\dlau\AppData\Local\Temp\ccOaS4XO.s 			page 8


 400 0173 04       		.byte	4
 401 0174 1E       		.byte	30
 402 0175 40       		.byte	64
 403 0176 1F       		.byte	31
 404 0177 08       		.byte	8
 405 0178 20       		.byte	32
 406 0179 82       		.byte	-126
 407 017a 21       		.byte	33
 408 017b 05       		.byte	5
 409 017c 27       		.byte	39
 410 017d 40       		.byte	64
 411 017e 28       		.byte	40
 412 017f 40       		.byte	64
 413 0180 2A       		.byte	42
 414 0181 80       		.byte	-128
 415 0182 2B       		.byte	43
 416 0183 0C       		.byte	12
 417 0184 2C       		.byte	44
 418 0185 40       		.byte	64
 419 0186 2D       		.byte	45
 420 0187 10       		.byte	16
 421 0188 2F       		.byte	47
 422 0189 10       		.byte	16
 423 018a 30       		.byte	48
 424 018b 80       		.byte	-128
 425 018c 31       		.byte	49
 426 018d 10       		.byte	16
 427 018e 34       		.byte	52
 428 018f 20       		.byte	32
 429 0190 35       		.byte	53
 430 0191 01       		.byte	1
 431 0192 37       		.byte	55
 432 0193 68       		.byte	104
 433 0194 38       		.byte	56
 434 0195 48       		.byte	72
 435 0196 39       		.byte	57
 436 0197 02       		.byte	2
 437 0198 3C       		.byte	60
 438 0199 80       		.byte	-128
 439 019a 3E       		.byte	62
 440 019b 2A       		.byte	42
 441 019c 43       		.byte	67
 442 019d 21       		.byte	33
 443 019e 47       		.byte	71
 444 019f 01       		.byte	1
 445 01a0 4A       		.byte	74
 446 01a1 02       		.byte	2
 447 01a2 4C       		.byte	76
 448 01a3 01       		.byte	1
 449 01a4 4E       		.byte	78
 450 01a5 02       		.byte	2
 451 01a6 4F       		.byte	79
 452 01a7 20       		.byte	32
 453 01a8 5E       		.byte	94
 454 01a9 40       		.byte	64
 455 01aa 5F       		.byte	95
 456 01ab 05       		.byte	5
ARM GAS  C:\Users\dlau\AppData\Local\Temp\ccOaS4XO.s 			page 9


 457 01ac 67       		.byte	103
 458 01ad 80       		.byte	-128
 459 01ae 6F       		.byte	111
 460 01af 03       		.byte	3
 461 01b0 72       		.byte	114
 462 01b1 80       		.byte	-128
 463 01b2 7F       		.byte	127
 464 01b3 02       		.byte	2
 465 01b4 89       		.byte	-119
 466 01b5 84       		.byte	-124
 467 01b6 90       		.byte	-112
 468 01b7 4A       		.byte	74
 469 01b8 91       		.byte	-111
 470 01b9 10       		.byte	16
 471 01ba 92       		.byte	-110
 472 01bb 04       		.byte	4
 473 01bc 93       		.byte	-109
 474 01bd 25       		.byte	37
 475 01be 94       		.byte	-108
 476 01bf 80       		.byte	-128
 477 01c0 95       		.byte	-107
 478 01c1 02       		.byte	2
 479 01c2 97       		.byte	-105
 480 01c3 80       		.byte	-128
 481 01c4 98       		.byte	-104
 482 01c5 40       		.byte	64
 483 01c6 9A       		.byte	-102
 484 01c7 2A       		.byte	42
 485 01c8 9B       		.byte	-101
 486 01c9 1C       		.byte	28
 487 01ca 9C       		.byte	-100
 488 01cb 20       		.byte	32
 489 01cc 9F       		.byte	-97
 490 01cd 41       		.byte	65
 491 01ce A1       		.byte	-95
 492 01cf 10       		.byte	16
 493 01d0 A3       		.byte	-93
 494 01d1 30       		.byte	48
 495 01d2 A7       		.byte	-89
 496 01d3 08       		.byte	8
 497 01d4 C0       		.byte	-64
 498 01d5 F4       		.byte	-12
 499 01d6 C2       		.byte	-62
 500 01d7 E1       		.byte	-31
 501 01d8 C4       		.byte	-60
 502 01d9 40       		.byte	64
 503 01da CA       		.byte	-54
 504 01db E9       		.byte	-23
 505 01dc CC       		.byte	-52
 506 01dd FC       		.byte	-4
 507 01de CE       		.byte	-50
 508 01df FB       		.byte	-5
 509 01e0 D0       		.byte	-48
 510 01e1 85       		.byte	-123
 511 01e2 D2       		.byte	-46
 512 01e3 38       		.byte	56
 513 01e4 D6       		.byte	-42
ARM GAS  C:\Users\dlau\AppData\Local\Temp\ccOaS4XO.s 			page 10


 514 01e5 D0       		.byte	-48
 515 01e6 D8       		.byte	-40
 516 01e7 80       		.byte	-128
 517 01e8 DE       		.byte	-34
 518 01e9 10       		.byte	16
 519 01ea E4       		.byte	-28
 520 01eb 04       		.byte	4
 521 01ec 01       		.byte	1
 522 01ed 0C       		.byte	12
 523 01ee 05       		.byte	5
 524 01ef 0C       		.byte	12
 525 01f0 0B       		.byte	11
 526 01f1 0C       		.byte	12
 527 01f2 0D       		.byte	13
 528 01f3 08       		.byte	8
 529 01f4 0E       		.byte	14
 530 01f5 01       		.byte	1
 531 01f6 0F       		.byte	15
 532 01f7 02       		.byte	2
 533 01f8 1B       		.byte	27
 534 01f9 0C       		.byte	12
 535 01fa 1F       		.byte	31
 536 01fb 0C       		.byte	12
 537 01fc 21       		.byte	33
 538 01fd 0C       		.byte	12
 539 01fe 25       		.byte	37
 540 01ff 04       		.byte	4
 541 0200 27       		.byte	39
 542 0201 02       		.byte	2
 543 0202 29       		.byte	41
 544 0203 0C       		.byte	12
 545 0204 2B       		.byte	43
 546 0205 01       		.byte	1
 547 0206 31       		.byte	49
 548 0207 0C       		.byte	12
 549 0208 34       		.byte	52
 550 0209 01       		.byte	1
 551 020a 37       		.byte	55
 552 020b 03       		.byte	3
 553 020c 3F       		.byte	63
 554 020d 40       		.byte	64
 555 020e 40       		.byte	64
 556 020f 52       		.byte	82
 557 0210 41       		.byte	65
 558 0211 04       		.byte	4
 559 0212 49       		.byte	73
 560 0213 FF       		.byte	-1
 561 0214 4A       		.byte	74
 562 0215 FF       		.byte	-1
 563 0216 4B       		.byte	75
 564 0217 FF       		.byte	-1
 565 0218 4D       		.byte	77
 566 0219 83       		.byte	-125
 567 021a 4E       		.byte	78
 568 021b 03       		.byte	3
 569 021c 4F       		.byte	79
 570 021d 01       		.byte	1
ARM GAS  C:\Users\dlau\AppData\Local\Temp\ccOaS4XO.s 			page 11


 571 021e 50       		.byte	80
 572 021f 18       		.byte	24
 573 0220 52       		.byte	82
 574 0221 80       		.byte	-128
 575 0222 58       		.byte	88
 576 0223 04       		.byte	4
 577 0224 59       		.byte	89
 578 0225 04       		.byte	4
 579 0226 5A       		.byte	90
 580 0227 04       		.byte	4
 581 0228 5B       		.byte	91
 582 0229 04       		.byte	4
 583 022a 5C       		.byte	92
 584 022b 19       		.byte	25
 585 022c 5D       		.byte	93
 586 022d 99       		.byte	-103
 587 022e 5F       		.byte	95
 588 022f 01       		.byte	1
 589 0230 60       		.byte	96
 590 0231 40       		.byte	64
 591 0232 62       		.byte	98
 592 0233 40       		.byte	64
 593 0234 64       		.byte	100
 594 0235 40       		.byte	64
 595 0236 65       		.byte	101
 596 0237 40       		.byte	64
 597 0238 66       		.byte	102
 598 0239 80       		.byte	-128
 599 023a 68       		.byte	104
 600 023b 80       		.byte	-128
 601 023c 6A       		.byte	106
 602 023d 80       		.byte	-128
 603 023e 6C       		.byte	108
 604 023f 80       		.byte	-128
 605 0240 6E       		.byte	110
 606 0241 80       		.byte	-128
 607 0242 81       		.byte	-127
 608 0243 10       		.byte	16
 609 0244 85       		.byte	-123
 610 0245 08       		.byte	8
 611 0246 89       		.byte	-119
 612 0247 18       		.byte	24
 613 0248 8D       		.byte	-115
 614 0249 03       		.byte	3
 615 024a 8F       		.byte	-113
 616 024b 04       		.byte	4
 617 024c 91       		.byte	-111
 618 024d 02       		.byte	2
 619 024e 95       		.byte	-107
 620 024f 03       		.byte	3
 621 0250 97       		.byte	-105
 622 0251 1C       		.byte	28
 623 0252 99       		.byte	-103
 624 0253 1B       		.byte	27
 625 0254 9D       		.byte	-99
 626 0255 18       		.byte	24
 627 0256 9F       		.byte	-97
ARM GAS  C:\Users\dlau\AppData\Local\Temp\ccOaS4XO.s 			page 12


 628 0257 03       		.byte	3
 629 0258 A3       		.byte	-93
 630 0259 03       		.byte	3
 631 025a A4       		.byte	-92
 632 025b 01       		.byte	1
 633 025c A5       		.byte	-91
 634 025d 01       		.byte	1
 635 025e A8       		.byte	-88
 636 025f 01       		.byte	1
 637 0260 A9       		.byte	-87
 638 0261 03       		.byte	3
 639 0262 AC       		.byte	-84
 640 0263 01       		.byte	1
 641 0264 AD       		.byte	-83
 642 0265 1B       		.byte	27
 643 0266 B4       		.byte	-76
 644 0267 01       		.byte	1
 645 0268 B5       		.byte	-75
 646 0269 1F       		.byte	31
 647 026a BB       		.byte	-69
 648 026b 20       		.byte	32
 649 026c C0       		.byte	-64
 650 026d 56       		.byte	86
 651 026e C1       		.byte	-63
 652 026f 04       		.byte	4
 653 0270 C5       		.byte	-59
 654 0271 EC       		.byte	-20
 655 0272 C6       		.byte	-58
 656 0273 20       		.byte	32
 657 0274 C8       		.byte	-56
 658 0275 0B       		.byte	11
 659 0276 C9       		.byte	-55
 660 0277 FF       		.byte	-1
 661 0278 CA       		.byte	-54
 662 0279 FF       		.byte	-1
 663 027a CB       		.byte	-53
 664 027b FF       		.byte	-1
 665 027c CD       		.byte	-51
 666 027d 83       		.byte	-125
 667 027e CE       		.byte	-50
 668 027f 03       		.byte	3
 669 0280 CF       		.byte	-49
 670 0281 01       		.byte	1
 671 0282 D0       		.byte	-48
 672 0283 18       		.byte	24
 673 0284 D6       		.byte	-42
 674 0285 02       		.byte	2
 675 0286 D7       		.byte	-41
 676 0287 11       		.byte	17
 677 0288 D8       		.byte	-40
 678 0289 04       		.byte	4
 679 028a D9       		.byte	-39
 680 028b 04       		.byte	4
 681 028c DA       		.byte	-38
 682 028d 04       		.byte	4
 683 028e DB       		.byte	-37
 684 028f 04       		.byte	4
ARM GAS  C:\Users\dlau\AppData\Local\Temp\ccOaS4XO.s 			page 13


 685 0290 DC       		.byte	-36
 686 0291 11       		.byte	17
 687 0292 DD       		.byte	-35
 688 0293 19       		.byte	25
 689 0294 DE       		.byte	-34
 690 0295 08       		.byte	8
 691 0296 DF       		.byte	-33
 692 0297 01       		.byte	1
 693 0298 E0       		.byte	-32
 694 0299 40       		.byte	64
 695 029a E2       		.byte	-30
 696 029b 40       		.byte	64
 697 029c E4       		.byte	-28
 698 029d 40       		.byte	64
 699 029e E5       		.byte	-27
 700 029f 40       		.byte	64
 701 02a0 E6       		.byte	-26
 702 02a1 80       		.byte	-128
 703 02a2 E8       		.byte	-24
 704 02a3 80       		.byte	-128
 705 02a4 EA       		.byte	-22
 706 02a5 80       		.byte	-128
 707 02a6 EC       		.byte	-20
 708 02a7 80       		.byte	-128
 709 02a8 EE       		.byte	-18
 710 02a9 80       		.byte	-128
 711 02aa 00       		.byte	0
 712 02ab 40       		.byte	64
 713 02ac 04       		.byte	4
 714 02ad 80       		.byte	-128
 715 02ae 07       		.byte	7
 716 02af 02       		.byte	2
 717 02b0 15       		.byte	21
 718 02b1 40       		.byte	64
 719 02b2 17       		.byte	23
 720 02b3 14       		.byte	20
 721 02b4 18       		.byte	24
 722 02b5 08       		.byte	8
 723 02b6 1D       		.byte	29
 724 02b7 20       		.byte	32
 725 02b8 1F       		.byte	31
 726 02b9 10       		.byte	16
 727 02ba 21       		.byte	33
 728 02bb 40       		.byte	64
 729 02bc 22       		.byte	34
 730 02bd 01       		.byte	1
 731 02be 24       		.byte	36
 732 02bf 04       		.byte	4
 733 02c0 27       		.byte	39
 734 02c1 08       		.byte	8
 735 02c2 28       		.byte	40
 736 02c3 60       		.byte	96
 737 02c4 29       		.byte	41
 738 02c5 08       		.byte	8
 739 02c6 2B       		.byte	43
 740 02c7 08       		.byte	8
 741 02c8 2C       		.byte	44
ARM GAS  C:\Users\dlau\AppData\Local\Temp\ccOaS4XO.s 			page 14


 742 02c9 81       		.byte	-127
 743 02ca 2D       		.byte	45
 744 02cb 08       		.byte	8
 745 02cc 2F       		.byte	47
 746 02cd 08       		.byte	8
 747 02ce 31       		.byte	49
 748 02cf 20       		.byte	32
 749 02d0 33       		.byte	51
 750 02d1 40       		.byte	64
 751 02d2 37       		.byte	55
 752 02d3 6A       		.byte	106
 753 02d4 38       		.byte	56
 754 02d5 84       		.byte	-124
 755 02d6 39       		.byte	57
 756 02d7 12       		.byte	18
 757 02d8 3E       		.byte	62
 758 02d9 6A       		.byte	106
 759 02da 43       		.byte	67
 760 02db 21       		.byte	33
 761 02dc 47       		.byte	71
 762 02dd 01       		.byte	1
 763 02de 4B       		.byte	75
 764 02df 40       		.byte	64
 765 02e0 4F       		.byte	79
 766 02e1 65       		.byte	101
 767 02e2 57       		.byte	87
 768 02e3 30       		.byte	48
 769 02e4 5E       		.byte	94
 770 02e5 20       		.byte	32
 771 02e6 6D       		.byte	109
 772 02e7 60       		.byte	96
 773 02e8 6E       		.byte	110
 774 02e9 04       		.byte	4
 775 02ea 6F       		.byte	111
 776 02eb 14       		.byte	20
 777 02ec 70       		.byte	112
 778 02ed 01       		.byte	1
 779 02ee 73       		.byte	115
 780 02ef 40       		.byte	64
 781 02f0 74       		.byte	116
 782 02f1 20       		.byte	32
 783 02f2 75       		.byte	117
 784 02f3 80       		.byte	-128
 785 02f4 76       		.byte	118
 786 02f5 2A       		.byte	42
 787 02f6 7F       		.byte	127
 788 02f7 02       		.byte	2
 789 02f8 87       		.byte	-121
 790 02f9 40       		.byte	64
 791 02fa 88       		.byte	-120
 792 02fb 80       		.byte	-128
 793 02fc 89       		.byte	-119
 794 02fd 20       		.byte	32
 795 02fe 90       		.byte	-112
 796 02ff 40       		.byte	64
 797 0300 91       		.byte	-111
 798 0301 10       		.byte	16
ARM GAS  C:\Users\dlau\AppData\Local\Temp\ccOaS4XO.s 			page 15


 799 0302 92       		.byte	-110
 800 0303 40       		.byte	64
 801 0304 95       		.byte	-107
 802 0305 82       		.byte	-126
 803 0306 96       		.byte	-106
 804 0307 02       		.byte	2
 805 0308 98       		.byte	-104
 806 0309 41       		.byte	65
 807 030a 9B       		.byte	-101
 808 030b 20       		.byte	32
 809 030c 9D       		.byte	-99
 810 030d 80       		.byte	-128
 811 030e 9E       		.byte	-98
 812 030f 20       		.byte	32
 813 0310 9F       		.byte	-97
 814 0311 48       		.byte	72
 815 0312 A2       		.byte	-94
 816 0313 10       		.byte	16
 817 0314 A3       		.byte	-93
 818 0315 02       		.byte	2
 819 0316 A4       		.byte	-92
 820 0317 20       		.byte	32
 821 0318 A5       		.byte	-91
 822 0319 20       		.byte	32
 823 031a A9       		.byte	-87
 824 031b 40       		.byte	64
 825 031c C0       		.byte	-64
 826 031d 01       		.byte	1
 827 031e C4       		.byte	-60
 828 031f E0       		.byte	-32
 829 0320 CA       		.byte	-54
 830 0321 F7       		.byte	-9
 831 0322 CC       		.byte	-52
 832 0323 FC       		.byte	-4
 833 0324 CE       		.byte	-50
 834 0325 FF       		.byte	-1
 835 0326 D0       		.byte	-48
 836 0327 85       		.byte	-123
 837 0328 D2       		.byte	-46
 838 0329 38       		.byte	56
 839 032a D6       		.byte	-42
 840 032b 20       		.byte	32
 841 032c DE       		.byte	-34
 842 032d 10       		.byte	16
 843 032e EC       		.byte	-20
 844 032f 04       		.byte	4
 845 0330 00       		.byte	0
 846 0331 01       		.byte	1
 847 0332 07       		.byte	7
 848 0333 11       		.byte	17
 849 0334 09       		.byte	9
 850 0335 06       		.byte	6
 851 0336 0B       		.byte	11
 852 0337 19       		.byte	25
 853 0338 0D       		.byte	13
 854 0339 07       		.byte	7
 855 033a 0F       		.byte	15
ARM GAS  C:\Users\dlau\AppData\Local\Temp\ccOaS4XO.s 			page 16


 856 033b 08       		.byte	8
 857 033c 10       		.byte	16
 858 033d 01       		.byte	1
 859 033e 11       		.byte	17
 860 033f 17       		.byte	23
 861 0340 15       		.byte	21
 862 0341 11       		.byte	17
 863 0342 17       		.byte	23
 864 0343 06       		.byte	6
 865 0344 1D       		.byte	29
 866 0345 07       		.byte	7
 867 0346 1F       		.byte	31
 868 0347 10       		.byte	16
 869 0348 22       		.byte	34
 870 0349 02       		.byte	2
 871 034a 24       		.byte	36
 872 034b 01       		.byte	1
 873 034c 25       		.byte	37
 874 034d 02       		.byte	2
 875 034e 28       		.byte	40
 876 034f 01       		.byte	1
 877 0350 29       		.byte	41
 878 0351 06       		.byte	6
 879 0352 2D       		.byte	45
 880 0353 04       		.byte	4
 881 0354 30       		.byte	48
 882 0355 02       		.byte	2
 883 0356 32       		.byte	50
 884 0357 01       		.byte	1
 885 0358 33       		.byte	51
 886 0359 1E       		.byte	30
 887 035a 35       		.byte	53
 888 035b 07       		.byte	7
 889 035c 3B       		.byte	59
 890 035d 08       		.byte	8
 891 035e 3E       		.byte	62
 892 035f 04       		.byte	4
 893 0360 58       		.byte	88
 894 0361 04       		.byte	4
 895 0362 59       		.byte	89
 896 0363 04       		.byte	4
 897 0364 5B       		.byte	91
 898 0365 04       		.byte	4
 899 0366 5C       		.byte	92
 900 0367 11       		.byte	17
 901 0368 5F       		.byte	95
 902 0369 01       		.byte	1
 903 036a 82       		.byte	-126
 904 036b 02       		.byte	2
 905 036c 83       		.byte	-125
 906 036d 01       		.byte	1
 907 036e 87       		.byte	-121
 908 036f 02       		.byte	2
 909 0370 90       		.byte	-112
 910 0371 01       		.byte	1
 911 0372 9A       		.byte	-102
 912 0373 01       		.byte	1
ARM GAS  C:\Users\dlau\AppData\Local\Temp\ccOaS4XO.s 			page 17


 913 0374 9B       		.byte	-101
 914 0375 02       		.byte	2
 915 0376 A4       		.byte	-92
 916 0377 02       		.byte	2
 917 0378 AA       		.byte	-86
 918 0379 02       		.byte	2
 919 037a AC       		.byte	-84
 920 037b 02       		.byte	2
 921 037c AF       		.byte	-81
 922 037d 01       		.byte	1
 923 037e B4       		.byte	-76
 924 037f 01       		.byte	1
 925 0380 B5       		.byte	-75
 926 0381 01       		.byte	1
 927 0382 B6       		.byte	-74
 928 0383 02       		.byte	2
 929 0384 B7       		.byte	-73
 930 0385 02       		.byte	2
 931 0386 B8       		.byte	-72
 932 0387 80       		.byte	-128
 933 0388 BF       		.byte	-65
 934 0389 50       		.byte	80
 935 038a C0       		.byte	-64
 936 038b 62       		.byte	98
 937 038c C1       		.byte	-63
 938 038d 05       		.byte	5
 939 038e C2       		.byte	-62
 940 038f 03       		.byte	3
 941 0390 C4       		.byte	-60
 942 0391 01       		.byte	1
 943 0392 C7       		.byte	-57
 944 0393 EC       		.byte	-20
 945 0394 C8       		.byte	-56
 946 0395 30       		.byte	48
 947 0396 C9       		.byte	-55
 948 0397 FF       		.byte	-1
 949 0398 CA       		.byte	-54
 950 0399 FF       		.byte	-1
 951 039a CB       		.byte	-53
 952 039b FF       		.byte	-1
 953 039c CC       		.byte	-52
 954 039d 62       		.byte	98
 955 039e CD       		.byte	-51
 956 039f A0       		.byte	-96
 957 03a0 CE       		.byte	-50
 958 03a1 F0       		.byte	-16
 959 03a2 CF       		.byte	-49
 960 03a3 41       		.byte	65
 961 03a4 D0       		.byte	-48
 962 03a5 0C       		.byte	12
 963 03a6 D4       		.byte	-44
 964 03a7 18       		.byte	24
 965 03a8 D6       		.byte	-42
 966 03a9 04       		.byte	4
 967 03aa D8       		.byte	-40
 968 03ab 04       		.byte	4
 969 03ac D9       		.byte	-39
ARM GAS  C:\Users\dlau\AppData\Local\Temp\ccOaS4XO.s 			page 18


 970 03ad 04       		.byte	4
 971 03ae DA       		.byte	-38
 972 03af 04       		.byte	4
 973 03b0 DB       		.byte	-37
 974 03b1 04       		.byte	4
 975 03b2 DC       		.byte	-36
 976 03b3 01       		.byte	1
 977 03b4 DD       		.byte	-35
 978 03b5 11       		.byte	17
 979 03b6 DF       		.byte	-33
 980 03b7 0D       		.byte	13
 981 03b8 E6       		.byte	-26
 982 03b9 40       		.byte	64
 983 03ba E7       		.byte	-25
 984 03bb 02       		.byte	2
 985 03bc E9       		.byte	-23
 986 03bd 10       		.byte	16
 987 03be EA       		.byte	-22
 988 03bf 30       		.byte	48
 989 03c0 EB       		.byte	-21
 990 03c1 10       		.byte	16
 991 03c2 ED       		.byte	-19
 992 03c3 10       		.byte	16
 993 03c4 EE       		.byte	-18
 994 03c5 10       		.byte	16
 995 03c6 EF       		.byte	-17
 996 03c7 12       		.byte	18
 997 03c8 03       		.byte	3
 998 03c9 40       		.byte	64
 999 03ca 07       		.byte	7
 1000 03cb 40       		.byte	64
 1001 03cc 0A       		.byte	10
 1002 03cd 48       		.byte	72
 1003 03ce 0C       		.byte	12
 1004 03cf 03       		.byte	3
 1005 03d0 0D       		.byte	13
 1006 03d1 01       		.byte	1
 1007 03d2 10       		.byte	16
 1008 03d3 01       		.byte	1
 1009 03d4 13       		.byte	19
 1010 03d5 28       		.byte	40
 1011 03d6 15       		.byte	21
 1012 03d7 10       		.byte	16
 1013 03d8 17       		.byte	23
 1014 03d9 29       		.byte	41
 1015 03da 19       		.byte	25
 1016 03db 40       		.byte	64
 1017 03dc 1A       		.byte	26
 1018 03dd 08       		.byte	8
 1019 03de 1E       		.byte	30
 1020 03df 60       		.byte	96
 1021 03e0 1F       		.byte	31
 1022 03e1 02       		.byte	2
 1023 03e2 20       		.byte	32
 1024 03e3 04       		.byte	4
 1025 03e4 22       		.byte	34
 1026 03e5 80       		.byte	-128
ARM GAS  C:\Users\dlau\AppData\Local\Temp\ccOaS4XO.s 			page 19


 1027 03e6 26       		.byte	38
 1028 03e7 20       		.byte	32
 1029 03e8 27       		.byte	39
 1030 03e9 24       		.byte	36
 1031 03ea 29       		.byte	41
 1032 03eb 40       		.byte	64
 1033 03ec 2C       		.byte	44
 1034 03ed 20       		.byte	32
 1035 03ee 2D       		.byte	45
 1036 03ef 80       		.byte	-128
 1037 03f0 2E       		.byte	46
 1038 03f1 20       		.byte	32
 1039 03f2 32       		.byte	50
 1040 03f3 20       		.byte	32
 1041 03f4 34       		.byte	52
 1042 03f5 01       		.byte	1
 1043 03f6 37       		.byte	55
 1044 03f7 48       		.byte	72
 1045 03f8 38       		.byte	56
 1046 03f9 0A       		.byte	10
 1047 03fa 3D       		.byte	61
 1048 03fb 10       		.byte	16
 1049 03fc 3E       		.byte	62
 1050 03fd 44       		.byte	68
 1051 03fe 41       		.byte	65
 1052 03ff 60       		.byte	96
 1053 0400 42       		.byte	66
 1054 0401 04       		.byte	4
 1055 0402 43       		.byte	67
 1056 0403 04       		.byte	4
 1057 0404 48       		.byte	72
 1058 0405 02       		.byte	2
 1059 0406 4A       		.byte	74
 1060 0407 04       		.byte	4
 1061 0408 50       		.byte	80
 1062 0409 05       		.byte	5
 1063 040a 5A       		.byte	90
 1064 040b 02       		.byte	2
 1065 040c 5E       		.byte	94
 1066 040d 08       		.byte	8
 1067 040e 5F       		.byte	95
 1068 040f 08       		.byte	8
 1069 0410 60       		.byte	96
 1070 0411 44       		.byte	68
 1071 0412 62       		.byte	98
 1072 0413 80       		.byte	-128
 1073 0414 69       		.byte	105
 1074 0415 40       		.byte	64
 1075 0416 6F       		.byte	111
 1076 0417 01       		.byte	1
 1077 0418 78       		.byte	120
 1078 0419 40       		.byte	64
 1079 041a 7B       		.byte	123
 1080 041b 02       		.byte	2
 1081 041c 80       		.byte	-128
 1082 041d 40       		.byte	64
 1083 041e C0       		.byte	-64
ARM GAS  C:\Users\dlau\AppData\Local\Temp\ccOaS4XO.s 			page 20


 1084 041f 18       		.byte	24
 1085 0420 C2       		.byte	-62
 1086 0421 1A       		.byte	26
 1087 0422 C4       		.byte	-60
 1088 0423 77       		.byte	119
 1089 0424 CA       		.byte	-54
 1090 0425 78       		.byte	120
 1091 0426 CC       		.byte	-52
 1092 0427 D4       		.byte	-44
 1093 0428 CE       		.byte	-50
 1094 0429 73       		.byte	115
 1095 042a D0       		.byte	-48
 1096 042b 0E       		.byte	14
 1097 042c D2       		.byte	-46
 1098 042d 0C       		.byte	12
 1099 042e D6       		.byte	-42
 1100 042f 01       		.byte	1
 1101 0430 D8       		.byte	-40
 1102 0431 0D       		.byte	13
 1103 0432 DE       		.byte	-34
 1104 0433 08       		.byte	8
 1105 0434 B4       		.byte	-76
 1106 0435 11       		.byte	17
 1107 0436 E2       		.byte	-30
 1108 0437 04       		.byte	4
 1109 0438 EC       		.byte	-20
 1110 0439 10       		.byte	16
 1111 043a 01       		.byte	1
 1112 043b 01       		.byte	1
 1113 043c 03       		.byte	3
 1114 043d 02       		.byte	2
 1115 043e 04       		.byte	4
 1116 043f 01       		.byte	1
 1117 0440 05       		.byte	5
 1118 0441 03       		.byte	3
 1119 0442 09       		.byte	9
 1120 0443 03       		.byte	3
 1121 0444 11       		.byte	17
 1122 0445 0F       		.byte	15
 1123 0446 13       		.byte	19
 1124 0447 10       		.byte	16
 1125 0448 15       		.byte	21
 1126 0449 0C       		.byte	12
 1127 044a 16       		.byte	22
 1128 044b 01       		.byte	1
 1129 044c 17       		.byte	23
 1130 044d 70       		.byte	112
 1131 044e 19       		.byte	25
 1132 044f 48       		.byte	72
 1133 0450 1B       		.byte	27
 1134 0451 20       		.byte	32
 1135 0452 1D       		.byte	29
 1136 0453 02       		.byte	2
 1137 0454 1F       		.byte	31
 1138 0455 01       		.byte	1
 1139 0456 23       		.byte	35
 1140 0457 40       		.byte	64
ARM GAS  C:\Users\dlau\AppData\Local\Temp\ccOaS4XO.s 			page 21


 1141 0458 24       		.byte	36
 1142 0459 01       		.byte	1
 1143 045a 25       		.byte	37
 1144 045b 0C       		.byte	12
 1145 045c 27       		.byte	39
 1146 045d 20       		.byte	32
 1147 045e 28       		.byte	40
 1148 045f 02       		.byte	2
 1149 0460 2B       		.byte	43
 1150 0461 24       		.byte	36
 1151 0462 2D       		.byte	45
 1152 0463 0C       		.byte	12
 1153 0464 2F       		.byte	47
 1154 0465 20       		.byte	32
 1155 0466 31       		.byte	49
 1156 0467 03       		.byte	3
 1157 0468 35       		.byte	53
 1158 0469 7C       		.byte	124
 1159 046a 36       		.byte	54
 1160 046b 03       		.byte	3
 1161 046c 38       		.byte	56
 1162 046d 80       		.byte	-128
 1163 046e 3B       		.byte	59
 1164 046f 20       		.byte	32
 1165 0470 40       		.byte	64
 1166 0471 32       		.byte	50
 1167 0472 41       		.byte	65
 1168 0473 06       		.byte	6
 1169 0474 45       		.byte	69
 1170 0475 EC       		.byte	-20
 1171 0476 47       		.byte	71
 1172 0477 0B       		.byte	11
 1173 0478 48       		.byte	72
 1174 0479 13       		.byte	19
 1175 047a 49       		.byte	73
 1176 047b FF       		.byte	-1
 1177 047c 4A       		.byte	74
 1178 047d FF       		.byte	-1
 1179 047e 4B       		.byte	75
 1180 047f FF       		.byte	-1
 1181 0480 4E       		.byte	78
 1182 0481 F0       		.byte	-16
 1183 0482 4F       		.byte	79
 1184 0483 44       		.byte	68
 1185 0484 50       		.byte	80
 1186 0485 0C       		.byte	12
 1187 0486 58       		.byte	88
 1188 0487 04       		.byte	4
 1189 0488 59       		.byte	89
 1190 0489 04       		.byte	4
 1191 048a 5A       		.byte	90
 1192 048b 04       		.byte	4
 1193 048c 5C       		.byte	92
 1194 048d 11       		.byte	17
 1195 048e 5D       		.byte	93
 1196 048f 01       		.byte	1
 1197 0490 5F       		.byte	95
ARM GAS  C:\Users\dlau\AppData\Local\Temp\ccOaS4XO.s 			page 22


 1198 0491 09       		.byte	9
 1199 0492 66       		.byte	102
 1200 0493 C0       		.byte	-64
 1201 0494 6A       		.byte	106
 1202 0495 40       		.byte	64
 1203 0496 6B       		.byte	107
 1204 0497 02       		.byte	2
 1205 0498 83       		.byte	-125
 1206 0499 03       		.byte	3
 1207 049a 84       		.byte	-124
 1208 049b 02       		.byte	2
 1209 049c 8C       		.byte	-116
 1210 049d 02       		.byte	2
 1211 049e 91       		.byte	-111
 1212 049f 02       		.byte	2
 1213 04a0 A2       		.byte	-94
 1214 04a1 01       		.byte	1
 1215 04a2 B1       		.byte	-79
 1216 04a3 01       		.byte	1
 1217 04a4 B3       		.byte	-77
 1218 04a5 02       		.byte	2
 1219 04a6 B4       		.byte	-76
 1220 04a7 01       		.byte	1
 1221 04a8 B6       		.byte	-74
 1222 04a9 02       		.byte	2
 1223 04aa B8       		.byte	-72
 1224 04ab 80       		.byte	-128
 1225 04ac BE       		.byte	-66
 1226 04ad 40       		.byte	64
 1227 04ae BF       		.byte	-65
 1228 04af 04       		.byte	4
 1229 04b0 C0       		.byte	-64
 1230 04b1 51       		.byte	81
 1231 04b2 C1       		.byte	-63
 1232 04b3 06       		.byte	6
 1233 04b4 C5       		.byte	-59
 1234 04b5 02       		.byte	2
 1235 04b6 C6       		.byte	-58
 1236 04b7 C4       		.byte	-60
 1237 04b8 C7       		.byte	-57
 1238 04b9 0E       		.byte	14
 1239 04ba C8       		.byte	-56
 1240 04bb 1F       		.byte	31
 1241 04bc C9       		.byte	-55
 1242 04bd FF       		.byte	-1
 1243 04be CA       		.byte	-54
 1244 04bf FF       		.byte	-1
 1245 04c0 CB       		.byte	-53
 1246 04c1 FF       		.byte	-1
 1247 04c2 CD       		.byte	-51
 1248 04c3 A0       		.byte	-96
 1249 04c4 CF       		.byte	-49
 1250 04c5 01       		.byte	1
 1251 04c6 D0       		.byte	-48
 1252 04c7 18       		.byte	24
 1253 04c8 D4       		.byte	-44
 1254 04c9 07       		.byte	7
ARM GAS  C:\Users\dlau\AppData\Local\Temp\ccOaS4XO.s 			page 23


 1255 04ca D6       		.byte	-42
 1256 04cb 04       		.byte	4
 1257 04cc D8       		.byte	-40
 1258 04cd 04       		.byte	4
 1259 04ce D9       		.byte	-39
 1260 04cf 04       		.byte	4
 1261 04d0 DA       		.byte	-38
 1262 04d1 04       		.byte	4
 1263 04d2 DB       		.byte	-37
 1264 04d3 04       		.byte	4
 1265 04d4 DC       		.byte	-36
 1266 04d5 99       		.byte	-103
 1267 04d6 DD       		.byte	-35
 1268 04d7 99       		.byte	-103
 1269 04d8 DF       		.byte	-33
 1270 04d9 05       		.byte	5
 1271 04da E0       		.byte	-32
 1272 04db 40       		.byte	64
 1273 04dc E2       		.byte	-30
 1274 04dd 80       		.byte	-128
 1275 04de E4       		.byte	-28
 1276 04df 40       		.byte	64
 1277 04e0 E5       		.byte	-27
 1278 04e1 40       		.byte	64
 1279 04e2 E6       		.byte	-26
 1280 04e3 80       		.byte	-128
 1281 04e4 E8       		.byte	-24
 1282 04e5 40       		.byte	64
 1283 04e6 EA       		.byte	-22
 1284 04e7 50       		.byte	80
 1285 04e8 EB       		.byte	-21
 1286 04e9 A8       		.byte	-88
 1287 04ea EC       		.byte	-20
 1288 04eb 40       		.byte	64
 1289 04ec ED       		.byte	-19
 1290 04ed 20       		.byte	32
 1291 04ee EE       		.byte	-18
 1292 04ef 50       		.byte	80
 1293 04f0 EF       		.byte	-17
 1294 04f1 A8       		.byte	-88
 1295 04f2 00       		.byte	0
 1296 04f3 04       		.byte	4
 1297 04f4 01       		.byte	1
 1298 04f5 40       		.byte	64
 1299 04f6 04       		.byte	4
 1300 04f7 08       		.byte	8
 1301 04f8 0E       		.byte	14
 1302 04f9 20       		.byte	32
 1303 04fa 10       		.byte	16
 1304 04fb 80       		.byte	-128
 1305 04fc 16       		.byte	22
 1306 04fd 08       		.byte	8
 1307 04fe 17       		.byte	23
 1308 04ff 04       		.byte	4
 1309 0500 18       		.byte	24
 1310 0501 05       		.byte	5
 1311 0502 19       		.byte	25
ARM GAS  C:\Users\dlau\AppData\Local\Temp\ccOaS4XO.s 			page 24


 1312 0503 10       		.byte	16
 1313 0504 1F       		.byte	31
 1314 0505 40       		.byte	64
 1315 0506 21       		.byte	33
 1316 0507 02       		.byte	2
 1317 0508 22       		.byte	34
 1318 0509 04       		.byte	4
 1319 050a 24       		.byte	36
 1320 050b 80       		.byte	-128
 1321 050c 27       		.byte	39
 1322 050d 44       		.byte	68
 1323 050e 2C       		.byte	44
 1324 050f 04       		.byte	4
 1325 0510 2D       		.byte	45
 1326 0511 04       		.byte	4
 1327 0512 2F       		.byte	47
 1328 0513 42       		.byte	66
 1329 0514 31       		.byte	49
 1330 0515 02       		.byte	2
 1331 0516 36       		.byte	54
 1332 0517 10       		.byte	16
 1333 0518 37       		.byte	55
 1334 0519 45       		.byte	69
 1335 051a 3B       		.byte	59
 1336 051b 02       		.byte	2
 1337 051c 3D       		.byte	61
 1338 051d 20       		.byte	32
 1339 051e 3E       		.byte	62
 1340 051f 06       		.byte	6
 1341 0520 40       		.byte	64
 1342 0521 01       		.byte	1
 1343 0522 44       		.byte	68
 1344 0523 C4       		.byte	-60
 1345 0524 46       		.byte	70
 1346 0525 08       		.byte	8
 1347 0526 47       		.byte	71
 1348 0527 05       		.byte	5
 1349 0528 48       		.byte	72
 1350 0529 01       		.byte	1
 1351 052a 49       		.byte	73
 1352 052b 04       		.byte	4
 1353 052c 4A       		.byte	74
 1354 052d 08       		.byte	8
 1355 052e 4B       		.byte	75
 1356 052f 02       		.byte	2
 1357 0530 4C       		.byte	76
 1358 0531 04       		.byte	4
 1359 0532 4D       		.byte	77
 1360 0533 06       		.byte	6
 1361 0534 4F       		.byte	79
 1362 0535 14       		.byte	20
 1363 0536 50       		.byte	80
 1364 0537 80       		.byte	-128
 1365 0538 52       		.byte	82
 1366 0539 14       		.byte	20
 1367 053a 57       		.byte	87
 1368 053b 08       		.byte	8
ARM GAS  C:\Users\dlau\AppData\Local\Temp\ccOaS4XO.s 			page 25


 1369 053c 58       		.byte	88
 1370 053d 10       		.byte	16
 1371 053e 59       		.byte	89
 1372 053f 80       		.byte	-128
 1373 0540 5A       		.byte	90
 1374 0541 08       		.byte	8
 1375 0542 62       		.byte	98
 1376 0543 15       		.byte	21
 1377 0544 64       		.byte	100
 1378 0545 10       		.byte	16
 1379 0546 65       		.byte	101
 1380 0547 04       		.byte	4
 1381 0548 69       		.byte	105
 1382 0549 40       		.byte	64
 1383 054a 79       		.byte	121
 1384 054b 40       		.byte	64
 1385 054c 7C       		.byte	124
 1386 054d 80       		.byte	-128
 1387 054e 82       		.byte	-126
 1388 054f 01       		.byte	1
 1389 0550 8B       		.byte	-117
 1390 0551 12       		.byte	18
 1391 0552 92       		.byte	-110
 1392 0553 04       		.byte	4
 1393 0554 94       		.byte	-108
 1394 0555 80       		.byte	-128
 1395 0556 98       		.byte	-104
 1396 0557 40       		.byte	64
 1397 0558 99       		.byte	-103
 1398 0559 80       		.byte	-128
 1399 055a 9C       		.byte	-100
 1400 055b 20       		.byte	32
 1401 055c 9D       		.byte	-99
 1402 055d 11       		.byte	17
 1403 055e A0       		.byte	-96
 1404 055f 01       		.byte	1
 1405 0560 A1       		.byte	-95
 1406 0561 10       		.byte	16
 1407 0562 A2       		.byte	-94
 1408 0563 08       		.byte	8
 1409 0564 A4       		.byte	-92
 1410 0565 80       		.byte	-128
 1411 0566 B6       		.byte	-74
 1412 0567 08       		.byte	8
 1413 0568 C0       		.byte	-64
 1414 0569 25       		.byte	37
 1415 056a C2       		.byte	-62
 1416 056b 20       		.byte	32
 1417 056c C4       		.byte	-60
 1418 056d 68       		.byte	104
 1419 056e CA       		.byte	-54
 1420 056f F0       		.byte	-16
 1421 0570 CC       		.byte	-52
 1422 0571 F1       		.byte	-15
 1423 0572 CE       		.byte	-50
 1424 0573 E1       		.byte	-31
 1425 0574 D0       		.byte	-48
ARM GAS  C:\Users\dlau\AppData\Local\Temp\ccOaS4XO.s 			page 26


 1426 0575 68       		.byte	104
 1427 0576 D2       		.byte	-46
 1428 0577 2C       		.byte	44
 1429 0578 D6       		.byte	-42
 1430 0579 0E       		.byte	14
 1431 057a D8       		.byte	-40
 1432 057b 07       		.byte	7
 1433 057c DE       		.byte	-34
 1434 057d 18       		.byte	24
 1435 057e E8       		.byte	-24
 1436 057f 40       		.byte	64
 1437 0580 EC       		.byte	-20
 1438 0581 50       		.byte	80
 1439 0582 03       		.byte	3
 1440 0583 09       		.byte	9
 1441 0584 07       		.byte	7
 1442 0585 0E       		.byte	14
 1443 0586 08       		.byte	8
 1444 0587 03       		.byte	3
 1445 0588 0B       		.byte	11
 1446 0589 08       		.byte	8
 1447 058a 14       		.byte	20
 1448 058b 02       		.byte	2
 1449 058c 15       		.byte	21
 1450 058d 09       		.byte	9
 1451 058e 17       		.byte	23
 1452 058f 04       		.byte	4
 1453 0590 18       		.byte	24
 1454 0591 03       		.byte	3
 1455 0592 1B       		.byte	27
 1456 0593 04       		.byte	4
 1457 0594 1D       		.byte	29
 1458 0595 10       		.byte	16
 1459 0596 21       		.byte	33
 1460 0597 01       		.byte	1
 1461 0598 23       		.byte	35
 1462 0599 02       		.byte	2
 1463 059a 26       		.byte	38
 1464 059b 01       		.byte	1
 1465 059c 2B       		.byte	43
 1466 059d 05       		.byte	5
 1467 059e 31       		.byte	49
 1468 059f 10       		.byte	16
 1469 05a0 35       		.byte	53
 1470 05a1 0F       		.byte	15
 1471 05a2 36       		.byte	54
 1472 05a3 03       		.byte	3
 1473 05a4 38       		.byte	56
 1474 05a5 80       		.byte	-128
 1475 05a6 3B       		.byte	59
 1476 05a7 20       		.byte	32
 1477 05a8 3E       		.byte	62
 1478 05a9 40       		.byte	64
 1479 05aa 3F       		.byte	63
 1480 05ab 01       		.byte	1
 1481 05ac 40       		.byte	64
 1482 05ad 01       		.byte	1
ARM GAS  C:\Users\dlau\AppData\Local\Temp\ccOaS4XO.s 			page 27


 1483 05ae 46       		.byte	70
 1484 05af 40       		.byte	64
 1485 05b0 49       		.byte	73
 1486 05b1 FF       		.byte	-1
 1487 05b2 4A       		.byte	74
 1488 05b3 07       		.byte	7
 1489 05b4 4B       		.byte	75
 1490 05b5 FF       		.byte	-1
 1491 05b6 4C       		.byte	76
 1492 05b7 40       		.byte	64
 1493 05b8 4D       		.byte	77
 1494 05b9 20       		.byte	32
 1495 05ba 4E       		.byte	78
 1496 05bb F0       		.byte	-16
 1497 05bc 4F       		.byte	79
 1498 05bd 05       		.byte	5
 1499 05be 50       		.byte	80
 1500 05bf 08       		.byte	8
 1501 05c0 58       		.byte	88
 1502 05c1 04       		.byte	4
 1503 05c2 59       		.byte	89
 1504 05c3 04       		.byte	4
 1505 05c4 5A       		.byte	90
 1506 05c5 04       		.byte	4
 1507 05c6 5C       		.byte	92
 1508 05c7 10       		.byte	16
 1509 05c8 5D       		.byte	93
 1510 05c9 01       		.byte	1
 1511 05ca 5F       		.byte	95
 1512 05cb 09       		.byte	9
 1513 05cc 60       		.byte	96
 1514 05cd 40       		.byte	64
 1515 05ce 61       		.byte	97
 1516 05cf A8       		.byte	-88
 1517 05d0 62       		.byte	98
 1518 05d1 40       		.byte	64
 1519 05d2 63       		.byte	99
 1520 05d3 20       		.byte	32
 1521 05d4 80       		.byte	-128
 1522 05d5 20       		.byte	32
 1523 05d6 84       		.byte	-124
 1524 05d7 01       		.byte	1
 1525 05d8 86       		.byte	-122
 1526 05d9 0E       		.byte	14
 1527 05da 87       		.byte	-121
 1528 05db 20       		.byte	32
 1529 05dc 88       		.byte	-120
 1530 05dd 02       		.byte	2
 1531 05de 89       		.byte	-119
 1532 05df 2C       		.byte	44
 1533 05e0 8A       		.byte	-118
 1534 05e1 05       		.byte	5
 1535 05e2 8B       		.byte	-117
 1536 05e3 11       		.byte	17
 1537 05e4 91       		.byte	-111
 1538 05e5 1C       		.byte	28
 1539 05e6 93       		.byte	-109
ARM GAS  C:\Users\dlau\AppData\Local\Temp\ccOaS4XO.s 			page 28


 1540 05e7 22       		.byte	34
 1541 05e8 94       		.byte	-108
 1542 05e9 0C       		.byte	12
 1543 05ea 95       		.byte	-107
 1544 05eb 30       		.byte	48
 1545 05ec 96       		.byte	-106
 1546 05ed 13       		.byte	19
 1547 05ee 97       		.byte	-105
 1548 05ef 0C       		.byte	12
 1549 05f0 98       		.byte	-104
 1550 05f1 10       		.byte	16
 1551 05f2 99       		.byte	-103
 1552 05f3 10       		.byte	16
 1553 05f4 9C       		.byte	-100
 1554 05f5 5F       		.byte	95
 1555 05f6 9F       		.byte	-97
 1556 05f7 03       		.byte	3
 1557 05f8 A1       		.byte	-95
 1558 05f9 09       		.byte	9
 1559 05fa A2       		.byte	-94
 1560 05fb 0C       		.byte	12
 1561 05fc A3       		.byte	-93
 1562 05fd 10       		.byte	16
 1563 05fe A7       		.byte	-89
 1564 05ff 20       		.byte	32
 1565 0600 A9       		.byte	-87
 1566 0601 14       		.byte	20
 1567 0602 AA       		.byte	-86
 1568 0603 08       		.byte	8
 1569 0604 AD       		.byte	-83
 1570 0605 1F       		.byte	31
 1571 0606 AE       		.byte	-82
 1572 0607 40       		.byte	64
 1573 0608 B0       		.byte	-80
 1574 0609 40       		.byte	64
 1575 060a B2       		.byte	-78
 1576 060b 1F       		.byte	31
 1577 060c B3       		.byte	-77
 1578 060d 20       		.byte	32
 1579 060e B4       		.byte	-76
 1580 060f 20       		.byte	32
 1581 0610 B7       		.byte	-73
 1582 0611 1F       		.byte	31
 1583 0612 BE       		.byte	-66
 1584 0613 10       		.byte	16
 1585 0614 BF       		.byte	-65
 1586 0615 04       		.byte	4
 1587 0616 D4       		.byte	-44
 1588 0617 01       		.byte	1
 1589 0618 D8       		.byte	-40
 1590 0619 04       		.byte	4
 1591 061a D9       		.byte	-39
 1592 061b 04       		.byte	4
 1593 061c DB       		.byte	-37
 1594 061d 04       		.byte	4
 1595 061e DC       		.byte	-36
 1596 061f 11       		.byte	17
ARM GAS  C:\Users\dlau\AppData\Local\Temp\ccOaS4XO.s 			page 29


 1597 0620 DD       		.byte	-35
 1598 0621 10       		.byte	16
 1599 0622 DF       		.byte	-33
 1600 0623 05       		.byte	5
 1601 0624 03       		.byte	3
 1602 0625 04       		.byte	4
 1603 0626 04       		.byte	4
 1604 0627 04       		.byte	4
 1605 0628 05       		.byte	5
 1606 0629 02       		.byte	2
 1607 062a 07       		.byte	7
 1608 062b 04       		.byte	4
 1609 062c 09       		.byte	9
 1610 062d 38       		.byte	56
 1611 062e 0C       		.byte	12
 1612 062f 60       		.byte	96
 1613 0630 0E       		.byte	14
 1614 0631 20       		.byte	32
 1615 0632 10       		.byte	16
 1616 0633 20       		.byte	32
 1617 0634 15       		.byte	21
 1618 0635 21       		.byte	33
 1619 0636 16       		.byte	22
 1620 0637 02       		.byte	2
 1621 0638 18       		.byte	24
 1622 0639 01       		.byte	1
 1623 063a 1D       		.byte	29
 1624 063b 09       		.byte	9
 1625 063c 1E       		.byte	30
 1626 063d 28       		.byte	40
 1627 063e 20       		.byte	32
 1628 063f 04       		.byte	4
 1629 0640 21       		.byte	33
 1630 0641 20       		.byte	32
 1631 0642 22       		.byte	34
 1632 0643 01       		.byte	1
 1633 0644 25       		.byte	37
 1634 0645 04       		.byte	4
 1635 0646 26       		.byte	38
 1636 0647 80       		.byte	-128
 1637 0648 28       		.byte	40
 1638 0649 44       		.byte	68
 1639 064a 2C       		.byte	44
 1640 064b 20       		.byte	32
 1641 064c 2D       		.byte	45
 1642 064d 41       		.byte	65
 1643 064e 2E       		.byte	46
 1644 064f 08       		.byte	8
 1645 0650 2F       		.byte	47
 1646 0651 48       		.byte	72
 1647 0652 30       		.byte	48
 1648 0653 20       		.byte	32
 1649 0654 31       		.byte	49
 1650 0655 08       		.byte	8
 1651 0656 32       		.byte	50
 1652 0657 80       		.byte	-128
 1653 0658 34       		.byte	52
ARM GAS  C:\Users\dlau\AppData\Local\Temp\ccOaS4XO.s 			page 30


 1654 0659 04       		.byte	4
 1655 065a 36       		.byte	54
 1656 065b A2       		.byte	-94
 1657 065c 37       		.byte	55
 1658 065d 04       		.byte	4
 1659 065e 38       		.byte	56
 1660 065f 04       		.byte	4
 1661 0660 39       		.byte	57
 1662 0661 21       		.byte	33
 1663 0662 3D       		.byte	61
 1664 0663 20       		.byte	32
 1665 0664 3F       		.byte	63
 1666 0665 14       		.byte	20
 1667 0666 40       		.byte	64
 1668 0667 01       		.byte	1
 1669 0668 48       		.byte	72
 1670 0669 20       		.byte	32
 1671 066a 51       		.byte	81
 1672 066b 10       		.byte	16
 1673 066c 52       		.byte	82
 1674 066d 20       		.byte	32
 1675 066e 5D       		.byte	93
 1676 066f A2       		.byte	-94
 1677 0670 5E       		.byte	94
 1678 0671 08       		.byte	8
 1679 0672 65       		.byte	101
 1680 0673 20       		.byte	32
 1681 0674 67       		.byte	103
 1682 0675 04       		.byte	4
 1683 0676 78       		.byte	120
 1684 0677 40       		.byte	64
 1685 0678 79       		.byte	121
 1686 0679 40       		.byte	64
 1687 067a 7D       		.byte	125
 1688 067b 40       		.byte	64
 1689 067c 81       		.byte	-127
 1690 067d 08       		.byte	8
 1691 067e 82       		.byte	-126
 1692 067f 02       		.byte	2
 1693 0680 86       		.byte	-122
 1694 0681 01       		.byte	1
 1695 0682 8C       		.byte	-116
 1696 0683 20       		.byte	32
 1697 0684 8D       		.byte	-115
 1698 0685 84       		.byte	-124
 1699 0686 8E       		.byte	-114
 1700 0687 02       		.byte	2
 1701 0688 93       		.byte	-109
 1702 0689 84       		.byte	-124
 1703 068a 97       		.byte	-105
 1704 068b 10       		.byte	16
 1705 068c 98       		.byte	-104
 1706 068d 40       		.byte	64
 1707 068e 99       		.byte	-103
 1708 068f 02       		.byte	2
 1709 0690 9B       		.byte	-101
 1710 0691 04       		.byte	4
ARM GAS  C:\Users\dlau\AppData\Local\Temp\ccOaS4XO.s 			page 31


 1711 0692 9C       		.byte	-100
 1712 0693 20       		.byte	32
 1713 0694 9D       		.byte	-99
 1714 0695 01       		.byte	1
 1715 0696 9E       		.byte	-98
 1716 0697 0A       		.byte	10
 1717 0698 A3       		.byte	-93
 1718 0699 08       		.byte	8
 1719 069a A6       		.byte	-90
 1720 069b 10       		.byte	16
 1721 069c C0       		.byte	-64
 1722 069d 72       		.byte	114
 1723 069e C2       		.byte	-62
 1724 069f E6       		.byte	-26
 1725 06a0 C4       		.byte	-60
 1726 06a1 D4       		.byte	-44
 1727 06a2 CA       		.byte	-54
 1728 06a3 F5       		.byte	-11
 1729 06a4 CC       		.byte	-52
 1730 06a5 FE       		.byte	-2
 1731 06a6 CE       		.byte	-50
 1732 06a7 67       		.byte	103
 1733 06a8 D0       		.byte	-48
 1734 06a9 08       		.byte	8
 1735 06aa D6       		.byte	-42
 1736 06ab F0       		.byte	-16
 1737 06ac DE       		.byte	-34
 1738 06ad 18       		.byte	24
 1739 06ae E4       		.byte	-28
 1740 06af 02       		.byte	2
 1741 06b0 30       		.byte	48
 1742 06b1 02       		.byte	2
 1743 06b2 31       		.byte	49
 1744 06b3 10       		.byte	16
 1745 06b4 35       		.byte	53
 1746 06b5 80       		.byte	-128
 1747 06b6 3C       		.byte	60
 1748 06b7 40       		.byte	64
 1749 06b8 CC       		.byte	-52
 1750 06b9 70       		.byte	112
 1751 06ba CE       		.byte	-50
 1752 06bb 20       		.byte	32
 1753 06bc 81       		.byte	-127
 1754 06bd 10       		.byte	16
 1755 06be 94       		.byte	-108
 1756 06bf 40       		.byte	64
 1757 06c0 9D       		.byte	-99
 1758 06c1 90       		.byte	-112
 1759 06c2 A4       		.byte	-92
 1760 06c3 02       		.byte	2
 1761 06c4 E6       		.byte	-26
 1762 06c5 20       		.byte	32
 1763 06c6 84       		.byte	-124
 1764 06c7 02       		.byte	2
 1765 06c8 94       		.byte	-108
 1766 06c9 40       		.byte	64
 1767 06ca 9D       		.byte	-99
ARM GAS  C:\Users\dlau\AppData\Local\Temp\ccOaS4XO.s 			page 32


 1768 06cb 80       		.byte	-128
 1769 06cc A4       		.byte	-92
 1770 06cd 02       		.byte	2
 1771 06ce E2       		.byte	-30
 1772 06cf 10       		.byte	16
 1773 06d0 80       		.byte	-128
 1774 06d1 40       		.byte	64
 1775 06d2 94       		.byte	-108
 1776 06d3 40       		.byte	64
 1777 06d4 9D       		.byte	-99
 1778 06d5 80       		.byte	-128
 1779 06d6 E4       		.byte	-28
 1780 06d7 20       		.byte	32
 1781 06d8 7C       		.byte	124
 1782 06d9 20       		.byte	32
 1783 06da DE       		.byte	-34
 1784 06db 01       		.byte	1
 1785 06dc 53       		.byte	83
 1786 06dd 01       		.byte	1
 1787 06de 9C       		.byte	-100
 1788 06df 20       		.byte	32
 1789 06e0 D4       		.byte	-44
 1790 06e1 01       		.byte	1
 1791 06e2 45       		.byte	69
 1792 06e3 02       		.byte	2
 1793 06e4 9C       		.byte	-100
 1794 06e5 20       		.byte	32
 1795 06e6 AB       		.byte	-85
 1796 06e7 01       		.byte	1
 1797 06e8 D0       		.byte	-48
 1798 06e9 01       		.byte	1
 1799 06ea 33       		.byte	51
 1800 06eb 80       		.byte	-128
 1801 06ec 83       		.byte	-125
 1802 06ed 80       		.byte	-128
 1803 06ee 9C       		.byte	-100
 1804 06ef 20       		.byte	32
 1805 06f0 A5       		.byte	-91
 1806 06f1 02       		.byte	2
 1807 06f2 CC       		.byte	-52
 1808 06f3 08       		.byte	8
 1809 06f4 24       		.byte	36
 1810 06f5 40       		.byte	64
 1811 06f6 27       		.byte	39
 1812 06f7 04       		.byte	4
 1813 06f8 81       		.byte	-127
 1814 06f9 80       		.byte	-128
 1815 06fa 94       		.byte	-108
 1816 06fb 40       		.byte	64
 1817 06fc 9D       		.byte	-99
 1818 06fd 80       		.byte	-128
 1819 06fe 9F       		.byte	-97
 1820 06ff 04       		.byte	4
 1821 0700 B7       		.byte	-73
 1822 0701 04       		.byte	4
 1823 0702 C8       		.byte	-56
 1824 0703 A0       		.byte	-96
ARM GAS  C:\Users\dlau\AppData\Local\Temp\ccOaS4XO.s 			page 33


 1825 0704 E2       		.byte	-30
 1826 0705 20       		.byte	32
 1827 0706 B4       		.byte	-76
 1828 0707 20       		.byte	32
 1829 0708 B5       		.byte	-75
 1830 0709 02       		.byte	2
 1831 070a E8       		.byte	-24
 1832 070b 02       		.byte	2
 1833 070c EC       		.byte	-20
 1834 070d 08       		.byte	8
 1835 070e 12       		.byte	18
 1836 070f 80       		.byte	-128
 1837 0710 74       		.byte	116
 1838 0711 04       		.byte	4
 1839 0712 84       		.byte	-124
 1840 0713 04       		.byte	4
 1841 0714 8E       		.byte	-114
 1842 0715 80       		.byte	-128
 1843 0716 C4       		.byte	-60
 1844 0717 08       		.byte	8
 1845 0718 DE       		.byte	-34
 1846 0719 04       		.byte	4
 1847 071a E2       		.byte	-30
 1848 071b 02       		.byte	2
 1849 071c 00       		.byte	0
 1850 071d 02       		.byte	2
 1851 071e 01       		.byte	1
 1852 071f 01       		.byte	1
 1853 0720 0C       		.byte	12
 1854 0721 02       		.byte	2
 1855 0722 0D       		.byte	13
 1856 0723 01       		.byte	1
 1857 0724 0E       		.byte	14
 1858 0725 02       		.byte	2
 1859 0726 10       		.byte	16
 1860 0727 02       		.byte	2
 1861 0728 11       		.byte	17
 1862 0729 01       		.byte	1
 1863 072a 1C       		.byte	28
 1864 072b 02       		.byte	2
 1865 072c 1D       		.byte	29
 1866 072d 01       		.byte	1
 1867 072e 00       		.byte	0
 1868 072f 3F       		.byte	63
 1869 0730 10       		.byte	16
 1870 0731 02       		.byte	2
 1871 0732 00       		.byte	0
 1872 0733 00       		.byte	0
 1873 0734 80       		.byte	-128
 1874 0735 80       		.byte	-128
 1875 0736 00       		.byte	0
 1876 0737 00       		.byte	0
 1877 0738 40       		.byte	64
 1878 0739 00       		.byte	0
 1879 073a 00       		.byte	0
 1880 073b 00       		.byte	0
 1881 073c 80       		.byte	-128
ARM GAS  C:\Users\dlau\AppData\Local\Temp\ccOaS4XO.s 			page 34


 1882 073d 00       		.byte	0
 1883 073e 40       		.byte	64
 1884 073f 80       		.byte	-128
 1885 0740 80       		.byte	-128
 1886 0741 00       		.byte	0
 1887 0742 80       		.byte	-128
 1888 0743 00       		.byte	0
 1889 0744 00       		.byte	0
 1890 0745 00       		.byte	0
 1891 0746 00       		.byte	0
 1892 0747 00       		.byte	0
 1893 0748 00       		.byte	0
 1894 0749 00       		.byte	0
 1895 074a 00       		.byte	0
 1896 074b 00       		.byte	0
 1897 074c 00       		.byte	0
 1898 074d 00       		.byte	0
 1899 074e 01       		.byte	1
 1900 074f 00       		.byte	0
 1901 0750 00       		.byte	0
 1902 0751 0B       		.byte	11
 1903 0752 0B       		.byte	11
 1904 0753 00       		.byte	0
 1905 0754 00       		.byte	0
 1906 0755 00       		.byte	0
 1907 0756 00       		.byte	0
 1908 0757 00       		.byte	0
 1909 0758 00       		.byte	0
 1910 0759 02       		.byte	2
 1911 075a 02       		.byte	2
 1912 075b 00       		.byte	0
 1913 075c 02       		.byte	2
 1914 075d 00       		.byte	0
 1915 075e 00       		.byte	0
 1916 075f 00       		.byte	0
 1917 0760 00       		.byte	0
 1918 0761 00       		.byte	0
 1919 0762 00       		.byte	0
 1920 0763 00       		.byte	0
 1921 0764 00       		.byte	0
 1922 0765 00       		.byte	0
 1923 0766 01       		.byte	1
 1924 0767 00       		.byte	0
 1925 0768 25       		.byte	37
 1926 0769 00       		.byte	0
 1927 076a 18       		.byte	24
 1928 076b 01       		.byte	1
 1929              		.section	.cywolatch,"a",%progbits
 1930              		.align	2
 1931              		.type	cy_meta_wonvl, %object
 1932              		.size	cy_meta_wonvl, 4
 1933              	cy_meta_wonvl:
 1934 0000 BC       		.byte	-68
 1935 0001 90       		.byte	-112
 1936 0002 AC       		.byte	-84
 1937 0003 AF       		.byte	-81
 1938              		.section	.cycustnvl,"a",%progbits
ARM GAS  C:\Users\dlau\AppData\Local\Temp\ccOaS4XO.s 			page 35


 1939              		.align	2
 1940              		.type	cy_meta_custnvl, %object
 1941              		.size	cy_meta_custnvl, 4
 1942              	cy_meta_custnvl:
 1943 0000 00       		.byte	0
 1944 0001 00       		.byte	0
 1945 0002 40       		.byte	64
 1946 0003 05       		.byte	5
 1947              		.section	.cymeta,"a",%progbits
 1948              		.align	2
 1949              		.type	cy_metadata, %object
 1950              		.size	cy_metadata, 12
 1951              	cy_metadata:
 1952 0000 00       		.byte	0
 1953 0001 01       		.byte	1
 1954 0002 2E       		.byte	46
 1955 0003 16       		.byte	22
 1956 0004 10       		.byte	16
 1957 0005 69       		.byte	105
 1958 0006 00       		.byte	0
 1959 0007 01       		.byte	1
 1960 0008 00       		.byte	0
 1961 0009 00       		.byte	0
 1962 000a 00       		.byte	0
 1963 000b 00       		.byte	0
 1964              		.section	.cyflashprotect,"a",%progbits
 1965              		.align	2
 1966              		.type	cy_meta_flashprotect, %object
 1967              		.size	cy_meta_flashprotect, 256
 1968              	cy_meta_flashprotect:
 1969 0000 00000000 		.space	256
 1969      00000000 
 1969      00000000 
 1969      00000000 
 1969      00000000 
 1970              		.text
 1971              	.Letext0:
 1972              		.file 1 "c:\\program files (x86)\\cypress\\psoc creator\\4.2\\psoc creator\\import\\gnu\\arm\\5.4.
 1973              		.file 2 "c:\\program files (x86)\\cypress\\psoc creator\\4.2\\psoc creator\\import\\gnu\\arm\\5.4.
 1974              		.file 3 "Generated_Source\\PSoC5\\cymetadata.c"
 1975              		.section	.debug_info,"",%progbits
 1976              	.Ldebug_info0:
 1977 0000 35010000 		.4byte	0x135
 1978 0004 0400     		.2byte	0x4
 1979 0006 00000000 		.4byte	.Ldebug_abbrev0
 1980 000a 04       		.byte	0x4
 1981 000b 01       		.uleb128 0x1
 1982 000c 24000000 		.4byte	.LASF17
 1983 0010 0C       		.byte	0xc
 1984 0011 C0010000 		.4byte	.LASF18
 1985 0015 D7000000 		.4byte	.LASF19
 1986 0019 00000000 		.4byte	.Ldebug_line0
 1987 001d 02       		.uleb128 0x2
 1988 001e 01       		.byte	0x1
 1989 001f 06       		.byte	0x6
 1990 0020 B4010000 		.4byte	.LASF0
 1991 0024 03       		.uleb128 0x3
ARM GAS  C:\Users\dlau\AppData\Local\Temp\ccOaS4XO.s 			page 36


 1992 0025 00000000 		.4byte	.LASF9
 1993 0029 01       		.byte	0x1
 1994 002a 1D       		.byte	0x1d
 1995 002b 2F000000 		.4byte	0x2f
 1996 002f 02       		.uleb128 0x2
 1997 0030 01       		.byte	0x1
 1998 0031 08       		.byte	0x8
 1999 0032 16000000 		.4byte	.LASF1
 2000 0036 02       		.uleb128 0x2
 2001 0037 02       		.byte	0x2
 2002 0038 05       		.byte	0x5
 2003 0039 A1010000 		.4byte	.LASF2
 2004 003d 02       		.uleb128 0x2
 2005 003e 02       		.byte	0x2
 2006 003f 07       		.byte	0x7
 2007 0040 C4000000 		.4byte	.LASF3
 2008 0044 02       		.uleb128 0x2
 2009 0045 04       		.byte	0x4
 2010 0046 05       		.byte	0x5
 2011 0047 AB010000 		.4byte	.LASF4
 2012 004b 02       		.uleb128 0x2
 2013 004c 04       		.byte	0x4
 2014 004d 07       		.byte	0x7
 2015 004e B2000000 		.4byte	.LASF5
 2016 0052 02       		.uleb128 0x2
 2017 0053 08       		.byte	0x8
 2018 0054 05       		.byte	0x5
 2019 0055 93010000 		.4byte	.LASF6
 2020 0059 02       		.uleb128 0x2
 2021 005a 08       		.byte	0x8
 2022 005b 07       		.byte	0x7
 2023 005c 48010000 		.4byte	.LASF7
 2024 0060 04       		.uleb128 0x4
 2025 0061 04       		.byte	0x4
 2026 0062 05       		.byte	0x5
 2027 0063 696E7400 		.ascii	"int\000"
 2028 0067 02       		.uleb128 0x2
 2029 0068 04       		.byte	0x4
 2030 0069 07       		.byte	0x7
 2031 006a 3B010000 		.4byte	.LASF8
 2032 006e 03       		.uleb128 0x3
 2033 006f 5F010000 		.4byte	.LASF10
 2034 0073 02       		.byte	0x2
 2035 0074 18       		.byte	0x18
 2036 0075 24000000 		.4byte	0x24
 2037 0079 05       		.uleb128 0x5
 2038 007a 91000000 		.4byte	0x91
 2039 007e 8A000000 		.4byte	0x8a
 2040 0082 06       		.uleb128 0x6
 2041 0083 8A000000 		.4byte	0x8a
 2042 0087 6B07     		.2byte	0x76b
 2043 0089 00       		.byte	0
 2044 008a 02       		.uleb128 0x2
 2045 008b 04       		.byte	0x4
 2046 008c 07       		.byte	0x7
 2047 008d 8A010000 		.4byte	.LASF11
 2048 0091 07       		.uleb128 0x7
ARM GAS  C:\Users\dlau\AppData\Local\Temp\ccOaS4XO.s 			page 37


 2049 0092 6E000000 		.4byte	0x6e
 2050 0096 08       		.uleb128 0x8
 2051 0097 29010000 		.4byte	.LASF12
 2052 009b 03       		.byte	0x3
 2053 009c 1F       		.byte	0x1f
 2054 009d A7000000 		.4byte	0xa7
 2055 00a1 05       		.uleb128 0x5
 2056 00a2 03       		.byte	0x3
 2057 00a3 00000000 		.4byte	cy_meta_configecc
 2058 00a7 07       		.uleb128 0x7
 2059 00a8 79000000 		.4byte	0x79
 2060 00ac 05       		.uleb128 0x5
 2061 00ad 91000000 		.4byte	0x91
 2062 00b1 BC000000 		.4byte	0xbc
 2063 00b5 09       		.uleb128 0x9
 2064 00b6 8A000000 		.4byte	0x8a
 2065 00ba 03       		.byte	0x3
 2066 00bb 00       		.byte	0
 2067 00bc 0A       		.uleb128 0xa
 2068 00bd 19010000 		.4byte	.LASF13
 2069 00c1 03       		.byte	0x3
 2070 00c2 1A01     		.2byte	0x11a
 2071 00c4 CE000000 		.4byte	0xce
 2072 00c8 05       		.uleb128 0x5
 2073 00c9 03       		.byte	0x3
 2074 00ca 00000000 		.4byte	cy_meta_custnvl
 2075 00ce 07       		.uleb128 0x7
 2076 00cf AC000000 		.4byte	0xac
 2077 00d3 0A       		.uleb128 0xa
 2078 00d4 7C010000 		.4byte	.LASF14
 2079 00d8 03       		.byte	0x3
 2080 00d9 2801     		.2byte	0x128
 2081 00db E5000000 		.4byte	0xe5
 2082 00df 05       		.uleb128 0x5
 2083 00e0 03       		.byte	0x3
 2084 00e1 00000000 		.4byte	cy_meta_wonvl
 2085 00e5 07       		.uleb128 0x7
 2086 00e6 AC000000 		.4byte	0xac
 2087 00ea 05       		.uleb128 0x5
 2088 00eb 91000000 		.4byte	0x91
 2089 00ef FA000000 		.4byte	0xfa
 2090 00f3 09       		.uleb128 0x9
 2091 00f4 8A000000 		.4byte	0x8a
 2092 00f8 FF       		.byte	0xff
 2093 00f9 00       		.byte	0
 2094 00fa 0A       		.uleb128 0xa
 2095 00fb 67010000 		.4byte	.LASF15
 2096 00ff 03       		.byte	0x3
 2097 0100 3601     		.2byte	0x136
 2098 0102 0C010000 		.4byte	0x10c
 2099 0106 05       		.uleb128 0x5
 2100 0107 03       		.byte	0x3
 2101 0108 00000000 		.4byte	cy_meta_flashprotect
 2102 010c 07       		.uleb128 0x7
 2103 010d EA000000 		.4byte	0xea
 2104 0111 05       		.uleb128 0x5
 2105 0112 91000000 		.4byte	0x91
ARM GAS  C:\Users\dlau\AppData\Local\Temp\ccOaS4XO.s 			page 38


 2106 0116 21010000 		.4byte	0x121
 2107 011a 09       		.uleb128 0x9
 2108 011b 8A000000 		.4byte	0x8a
 2109 011f 0B       		.byte	0xb
 2110 0120 00       		.byte	0
 2111 0121 0A       		.uleb128 0xa
 2112 0122 0A000000 		.4byte	.LASF16
 2113 0126 03       		.byte	0x3
 2114 0127 6301     		.2byte	0x163
 2115 0129 33010000 		.4byte	0x133
 2116 012d 05       		.uleb128 0x5
 2117 012e 03       		.byte	0x3
 2118 012f 00000000 		.4byte	cy_metadata
 2119 0133 07       		.uleb128 0x7
 2120 0134 11010000 		.4byte	0x111
 2121 0138 00       		.byte	0
 2122              		.section	.debug_abbrev,"",%progbits
 2123              	.Ldebug_abbrev0:
 2124 0000 01       		.uleb128 0x1
 2125 0001 11       		.uleb128 0x11
 2126 0002 01       		.byte	0x1
 2127 0003 25       		.uleb128 0x25
 2128 0004 0E       		.uleb128 0xe
 2129 0005 13       		.uleb128 0x13
 2130 0006 0B       		.uleb128 0xb
 2131 0007 03       		.uleb128 0x3
 2132 0008 0E       		.uleb128 0xe
 2133 0009 1B       		.uleb128 0x1b
 2134 000a 0E       		.uleb128 0xe
 2135 000b 10       		.uleb128 0x10
 2136 000c 17       		.uleb128 0x17
 2137 000d 00       		.byte	0
 2138 000e 00       		.byte	0
 2139 000f 02       		.uleb128 0x2
 2140 0010 24       		.uleb128 0x24
 2141 0011 00       		.byte	0
 2142 0012 0B       		.uleb128 0xb
 2143 0013 0B       		.uleb128 0xb
 2144 0014 3E       		.uleb128 0x3e
 2145 0015 0B       		.uleb128 0xb
 2146 0016 03       		.uleb128 0x3
 2147 0017 0E       		.uleb128 0xe
 2148 0018 00       		.byte	0
 2149 0019 00       		.byte	0
 2150 001a 03       		.uleb128 0x3
 2151 001b 16       		.uleb128 0x16
 2152 001c 00       		.byte	0
 2153 001d 03       		.uleb128 0x3
 2154 001e 0E       		.uleb128 0xe
 2155 001f 3A       		.uleb128 0x3a
 2156 0020 0B       		.uleb128 0xb
 2157 0021 3B       		.uleb128 0x3b
 2158 0022 0B       		.uleb128 0xb
 2159 0023 49       		.uleb128 0x49
 2160 0024 13       		.uleb128 0x13
 2161 0025 00       		.byte	0
 2162 0026 00       		.byte	0
ARM GAS  C:\Users\dlau\AppData\Local\Temp\ccOaS4XO.s 			page 39


 2163 0027 04       		.uleb128 0x4
 2164 0028 24       		.uleb128 0x24
 2165 0029 00       		.byte	0
 2166 002a 0B       		.uleb128 0xb
 2167 002b 0B       		.uleb128 0xb
 2168 002c 3E       		.uleb128 0x3e
 2169 002d 0B       		.uleb128 0xb
 2170 002e 03       		.uleb128 0x3
 2171 002f 08       		.uleb128 0x8
 2172 0030 00       		.byte	0
 2173 0031 00       		.byte	0
 2174 0032 05       		.uleb128 0x5
 2175 0033 01       		.uleb128 0x1
 2176 0034 01       		.byte	0x1
 2177 0035 49       		.uleb128 0x49
 2178 0036 13       		.uleb128 0x13
 2179 0037 01       		.uleb128 0x1
 2180 0038 13       		.uleb128 0x13
 2181 0039 00       		.byte	0
 2182 003a 00       		.byte	0
 2183 003b 06       		.uleb128 0x6
 2184 003c 21       		.uleb128 0x21
 2185 003d 00       		.byte	0
 2186 003e 49       		.uleb128 0x49
 2187 003f 13       		.uleb128 0x13
 2188 0040 2F       		.uleb128 0x2f
 2189 0041 05       		.uleb128 0x5
 2190 0042 00       		.byte	0
 2191 0043 00       		.byte	0
 2192 0044 07       		.uleb128 0x7
 2193 0045 26       		.uleb128 0x26
 2194 0046 00       		.byte	0
 2195 0047 49       		.uleb128 0x49
 2196 0048 13       		.uleb128 0x13
 2197 0049 00       		.byte	0
 2198 004a 00       		.byte	0
 2199 004b 08       		.uleb128 0x8
 2200 004c 34       		.uleb128 0x34
 2201 004d 00       		.byte	0
 2202 004e 03       		.uleb128 0x3
 2203 004f 0E       		.uleb128 0xe
 2204 0050 3A       		.uleb128 0x3a
 2205 0051 0B       		.uleb128 0xb
 2206 0052 3B       		.uleb128 0x3b
 2207 0053 0B       		.uleb128 0xb
 2208 0054 49       		.uleb128 0x49
 2209 0055 13       		.uleb128 0x13
 2210 0056 3F       		.uleb128 0x3f
 2211 0057 19       		.uleb128 0x19
 2212 0058 02       		.uleb128 0x2
 2213 0059 18       		.uleb128 0x18
 2214 005a 00       		.byte	0
 2215 005b 00       		.byte	0
 2216 005c 09       		.uleb128 0x9
 2217 005d 21       		.uleb128 0x21
 2218 005e 00       		.byte	0
 2219 005f 49       		.uleb128 0x49
ARM GAS  C:\Users\dlau\AppData\Local\Temp\ccOaS4XO.s 			page 40


 2220 0060 13       		.uleb128 0x13
 2221 0061 2F       		.uleb128 0x2f
 2222 0062 0B       		.uleb128 0xb
 2223 0063 00       		.byte	0
 2224 0064 00       		.byte	0
 2225 0065 0A       		.uleb128 0xa
 2226 0066 34       		.uleb128 0x34
 2227 0067 00       		.byte	0
 2228 0068 03       		.uleb128 0x3
 2229 0069 0E       		.uleb128 0xe
 2230 006a 3A       		.uleb128 0x3a
 2231 006b 0B       		.uleb128 0xb
 2232 006c 3B       		.uleb128 0x3b
 2233 006d 05       		.uleb128 0x5
 2234 006e 49       		.uleb128 0x49
 2235 006f 13       		.uleb128 0x13
 2236 0070 3F       		.uleb128 0x3f
 2237 0071 19       		.uleb128 0x19
 2238 0072 02       		.uleb128 0x2
 2239 0073 18       		.uleb128 0x18
 2240 0074 00       		.byte	0
 2241 0075 00       		.byte	0
 2242 0076 00       		.byte	0
 2243              		.section	.debug_aranges,"",%progbits
 2244 0000 14000000 		.4byte	0x14
 2245 0004 0200     		.2byte	0x2
 2246 0006 00000000 		.4byte	.Ldebug_info0
 2247 000a 04       		.byte	0x4
 2248 000b 00       		.byte	0
 2249 000c 0000     		.2byte	0
 2250 000e 0000     		.2byte	0
 2251 0010 00000000 		.4byte	0
 2252 0014 00000000 		.4byte	0
 2253              		.section	.debug_line,"",%progbits
 2254              	.Ldebug_line0:
 2255 0000 3D010000 		.section	.debug_str,"MS",%progbits,1
 2255      02003701 
 2255      00000201 
 2255      FB0E0D00 
 2255      01010101 
 2256              	.LASF9:
 2257 0000 5F5F7569 		.ascii	"__uint8_t\000"
 2257      6E74385F 
 2257      7400
 2258              	.LASF16:
 2259 000a 63795F6D 		.ascii	"cy_metadata\000"
 2259      65746164 
 2259      61746100 
 2260              	.LASF1:
 2261 0016 756E7369 		.ascii	"unsigned char\000"
 2261      676E6564 
 2261      20636861 
 2261      7200
 2262              	.LASF17:
 2263 0024 474E5520 		.ascii	"GNU C11 5.4.1 20160609 (release) [ARM/embedded-5-br"
 2263      43313120 
 2263      352E342E 
ARM GAS  C:\Users\dlau\AppData\Local\Temp\ccOaS4XO.s 			page 41


 2263      31203230 
 2263      31363036 
 2264 0057 616E6368 		.ascii	"anch revision 237715] -mcpu=cortex-m3 -mthumb -g -O"
 2264      20726576 
 2264      6973696F 
 2264      6E203233 
 2264      37373135 
 2265 008a 67202D66 		.ascii	"g -ffunction-sections -ffat-lto-objects\000"
 2265      66756E63 
 2265      74696F6E 
 2265      2D736563 
 2265      74696F6E 
 2266              	.LASF5:
 2267 00b2 6C6F6E67 		.ascii	"long unsigned int\000"
 2267      20756E73 
 2267      69676E65 
 2267      6420696E 
 2267      7400
 2268              	.LASF3:
 2269 00c4 73686F72 		.ascii	"short unsigned int\000"
 2269      7420756E 
 2269      7369676E 
 2269      65642069 
 2269      6E7400
 2270              	.LASF19:
 2271 00d7 433A5C55 		.ascii	"C:\\Users\\dlau\\Documents\\PSoC Creator\\ME135_235"
 2271      73657273 
 2271      5C646C61 
 2271      755C446F 
 2271      63756D65 
 2272 0105 5C46696E 		.ascii	"\\FinalProject.cydsn\000"
 2272      616C5072 
 2272      6F6A6563 
 2272      742E6379 
 2272      64736E00 
 2273              	.LASF13:
 2274 0119 63795F6D 		.ascii	"cy_meta_custnvl\000"
 2274      6574615F 
 2274      63757374 
 2274      6E766C00 
 2275              	.LASF12:
 2276 0129 63795F6D 		.ascii	"cy_meta_configecc\000"
 2276      6574615F 
 2276      636F6E66 
 2276      69676563 
 2276      6300
 2277              	.LASF8:
 2278 013b 756E7369 		.ascii	"unsigned int\000"
 2278      676E6564 
 2278      20696E74 
 2278      00
 2279              	.LASF7:
 2280 0148 6C6F6E67 		.ascii	"long long unsigned int\000"
 2280      206C6F6E 
 2280      6720756E 
 2280      7369676E 
 2280      65642069 
ARM GAS  C:\Users\dlau\AppData\Local\Temp\ccOaS4XO.s 			page 42


 2281              	.LASF10:
 2282 015f 75696E74 		.ascii	"uint8_t\000"
 2282      385F7400 
 2283              	.LASF15:
 2284 0167 63795F6D 		.ascii	"cy_meta_flashprotect\000"
 2284      6574615F 
 2284      666C6173 
 2284      6870726F 
 2284      74656374 
 2285              	.LASF14:
 2286 017c 63795F6D 		.ascii	"cy_meta_wonvl\000"
 2286      6574615F 
 2286      776F6E76 
 2286      6C00
 2287              	.LASF11:
 2288 018a 73697A65 		.ascii	"sizetype\000"
 2288      74797065 
 2288      00
 2289              	.LASF6:
 2290 0193 6C6F6E67 		.ascii	"long long int\000"
 2290      206C6F6E 
 2290      6720696E 
 2290      7400
 2291              	.LASF2:
 2292 01a1 73686F72 		.ascii	"short int\000"
 2292      7420696E 
 2292      7400
 2293              	.LASF4:
 2294 01ab 6C6F6E67 		.ascii	"long int\000"
 2294      20696E74 
 2294      00
 2295              	.LASF0:
 2296 01b4 7369676E 		.ascii	"signed char\000"
 2296      65642063 
 2296      68617200 
 2297              	.LASF18:
 2298 01c0 47656E65 		.ascii	"Generated_Source\\PSoC5\\cymetadata.c\000"
 2298      72617465 
 2298      645F536F 
 2298      75726365 
 2298      5C50536F 
 2299              		.ident	"GCC: (GNU Tools for ARM Embedded Processors) 5.4.1 20160609 (release) [ARM/embedded-5-bran
