ARM GAS  C:\Users\dlau\AppData\Local\Temp\ccrZxE0G.s 			page 1


   1              		.syntax unified
   2              		.cpu cortex-m3
   3              		.fpu softvfp
   4              		.eabi_attribute 20, 1
   5              		.eabi_attribute 21, 1
   6              		.eabi_attribute 23, 3
   7              		.eabi_attribute 24, 1
   8              		.eabi_attribute 25, 1
   9              		.eabi_attribute 26, 1
  10              		.eabi_attribute 30, 1
  11              		.eabi_attribute 34, 1
  12              		.eabi_attribute 18, 4
  13              		.thumb
  14              		.syntax unified
  15              		.file	"main.c"
  16              		.text
  17              	.Ltext0:
  18              		.cfi_sections	.debug_frame
  19              		.section	.text.ByteReceived,"ax",%progbits
  20              		.align	2
  21              		.global	ByteReceived
  22              		.thumb
  23              		.thumb_func
  24              		.type	ByteReceived, %function
  25              	ByteReceived:
  26              	.LFB63:
  27              		.file 1 "main.c"
   1:main.c        **** /* ========================================
   2:main.c        ****  *
   3:main.c        ****  * Copyright YOUR COMPANY, THE YEAR
   4:main.c        ****  * All Rights Reserved
   5:main.c        ****  * UNPUBLISHED, LICENSED SOFTWARE.
   6:main.c        ****  *
   7:main.c        ****  * CONFIDENTIAL AND PROPRIETARY INFORMATION
   8:main.c        ****  * WHICH IS THE PROPERTY OF your company.
   9:main.c        ****  *
  10:main.c        ****  * ========================================
  11:main.c        **** */
  12:main.c        **** #include "project.h"
  13:main.c        **** 
  14:main.c        **** uint8 i;
  15:main.c        **** 
  16:main.c        **** uint8 ByteCount = 0;
  17:main.c        **** 
  18:main.c        **** uint8 firstbyte = 0;
  19:main.c        **** uint8 CommandReady = 0;
  20:main.c        **** uint8 Count = 0;
  21:main.c        **** uint8 Status;
  22:main.c        **** 
  23:main.c        **** uint8 ReceivedBuffer[70]; 
  24:main.c        **** uint8 TransmitBuffer[70]; 
  25:main.c        **** 
  26:main.c        **** 
  27:main.c        **** uint16 PingOutput[32];
  28:main.c        **** uint16 PongOutput[32];
  29:main.c        **** 
  30:main.c        **** uint8 ping = 1;
ARM GAS  C:\Users\dlau\AppData\Local\Temp\ccrZxE0G.s 			page 2


  31:main.c        **** uint8 datacount = 0;
  32:main.c        **** uint8 dataready = 0;
  33:main.c        **** 
  34:main.c        **** struct command_protocol
  35:main.c        **** {
  36:main.c        ****     uint8 packet_size;
  37:main.c        ****     uint8 command;
  38:main.c        ****     uint8 buffer[64]; 
  39:main.c        **** } Command_Packet;
  40:main.c        **** 
  41:main.c        **** struct command_protocol Transmit_Packet;
  42:main.c        **** 
  43:main.c        **** CY_ISR(ByteReceived)
  44:main.c        **** { 
  28              		.loc 1 44 0
  29              		.cfi_startproc
  30              		@ args = 0, pretend = 0, frame = 0
  31              		@ frame_needed = 0, uses_anonymous_args = 0
  32 0000 38B5     		push	{r3, r4, r5, lr}
  33              		.cfi_def_cfa_offset 16
  34              		.cfi_offset 3, -16
  35              		.cfi_offset 4, -12
  36              		.cfi_offset 5, -8
  37              		.cfi_offset 14, -4
  45:main.c        ****     LEDDrive_Write(1);
  38              		.loc 1 45 0
  39 0002 0120     		movs	r0, #1
  40 0004 FFF7FEFF 		bl	LEDDrive_Write
  41              	.LVL0:
  46:main.c        ****     ReceivedBuffer[ByteCount++] = (uint8) (LabVIEW_UART_GetByte()&0x00ff);
  42              		.loc 1 46 0
  43 0008 0D4C     		ldr	r4, .L4
  44 000a 2578     		ldrb	r5, [r4]	@ zero_extendqisi2
  45 000c 6B1C     		adds	r3, r5, #1
  46 000e 2370     		strb	r3, [r4]
  47 0010 FFF7FEFF 		bl	LabVIEW_UART_GetByte
  48              	.LVL1:
  49 0014 0B4B     		ldr	r3, .L4+4
  50 0016 5855     		strb	r0, [r3, r5]
  47:main.c        ****     if(firstbyte == 0)
  51              		.loc 1 47 0
  52 0018 6378     		ldrb	r3, [r4, #1]	@ zero_extendqisi2
  53 001a 2BB9     		cbnz	r3, .L2
  48:main.c        ****     {
  49:main.c        ****         ByteCounter_WriteCompare(ReceivedBuffer[0]);
  54              		.loc 1 49 0
  55 001c 094B     		ldr	r3, .L4+4
  56 001e 1878     		ldrb	r0, [r3]	@ zero_extendqisi2
  57 0020 FFF7FEFF 		bl	ByteCounter_WriteCompare
  58              	.LVL2:
  50:main.c        ****         firstbyte = 1;
  59              		.loc 1 50 0
  60 0024 0122     		movs	r2, #1
  61 0026 6270     		strb	r2, [r4, #1]
  62              	.L2:
  51:main.c        ****    
  52:main.c        ****     }
ARM GAS  C:\Users\dlau\AppData\Local\Temp\ccrZxE0G.s 			page 3


  53:main.c        ****     Count = ByteCounter_ReadCounter();
  63              		.loc 1 53 0
  64 0028 FFF7FEFF 		bl	ByteCounter_ReadCounter
  65              	.LVL3:
  66 002c 044B     		ldr	r3, .L4
  67 002e 9870     		strb	r0, [r3, #2]
  54:main.c        ****     Status = ByteCounter_ReadStatusRegister();
  68              		.loc 1 54 0
  69 0030 FFF7FEFF 		bl	ByteCounter_ReadStatusRegister
  70              	.LVL4:
  71 0034 044B     		ldr	r3, .L4+8
  72 0036 1870     		strb	r0, [r3]
  55:main.c        ****     LEDDrive_Write(0);
  73              		.loc 1 55 0
  74 0038 0020     		movs	r0, #0
  75 003a FFF7FEFF 		bl	LEDDrive_Write
  76              	.LVL5:
  77 003e 38BD     		pop	{r3, r4, r5, pc}
  78              	.L5:
  79              		.align	2
  80              	.L4:
  81 0040 00000000 		.word	.LANCHOR0
  82 0044 00000000 		.word	ReceivedBuffer
  83 0048 00000000 		.word	Status
  84              		.cfi_endproc
  85              	.LFE63:
  86              		.size	ByteReceived, .-ByteReceived
  87              		.section	.text.CommandReceived,"ax",%progbits
  88              		.align	2
  89              		.global	CommandReceived
  90              		.thumb
  91              		.thumb_func
  92              		.type	CommandReceived, %function
  93              	CommandReceived:
  94              	.LFB64:
  56:main.c        **** }
  57:main.c        **** 
  58:main.c        **** CY_ISR(CommandReceived)
  59:main.c        **** {
  95              		.loc 1 59 0
  96              		.cfi_startproc
  97              		@ args = 0, pretend = 0, frame = 0
  98              		@ frame_needed = 0, uses_anonymous_args = 0
  99 0000 08B5     		push	{r3, lr}
 100              		.cfi_def_cfa_offset 8
 101              		.cfi_offset 3, -8
 102              		.cfi_offset 14, -4
  60:main.c        ****     uint8 i;
  61:main.c        ****     
  62:main.c        ****     if(CommandReady == 0)
 103              		.loc 1 62 0
 104 0002 114B     		ldr	r3, .L11
 105 0004 DB78     		ldrb	r3, [r3, #3]	@ zero_extendqisi2
 106 0006 C3B9     		cbnz	r3, .L7
  63:main.c        ****     {
  64:main.c        ****         Command_Packet.packet_size = ReceivedBuffer[0];
 107              		.loc 1 64 0
ARM GAS  C:\Users\dlau\AppData\Local\Temp\ccrZxE0G.s 			page 4


 108 0008 104A     		ldr	r2, .L11+4
 109 000a 1078     		ldrb	r0, [r2]	@ zero_extendqisi2
 110 000c 104B     		ldr	r3, .L11+8
 111 000e 1870     		strb	r0, [r3]
  65:main.c        ****         Command_Packet.command = ReceivedBuffer[1];
 112              		.loc 1 65 0
 113 0010 5278     		ldrb	r2, [r2, #1]	@ zero_extendqisi2
 114 0012 5A70     		strb	r2, [r3, #1]
 115              	.LVL6:
  66:main.c        ****     
  67:main.c        ****         for(i=0;i<(Command_Packet.packet_size - 2);i++)
 116              		.loc 1 67 0
 117 0014 0023     		movs	r3, #0
 118 0016 07E0     		b	.L8
 119              	.LVL7:
 120              	.L9:
  68:main.c        ****         {
  69:main.c        ****             Command_Packet.buffer[i] =  ReceivedBuffer[i+2];
 121              		.loc 1 69 0 discriminator 3
 122 0018 9A1C     		adds	r2, r3, #2
 123 001a 0C49     		ldr	r1, .L11+4
 124 001c 895C     		ldrb	r1, [r1, r2]	@ zero_extendqisi2
 125 001e 0C4A     		ldr	r2, .L11+8
 126 0020 1A44     		add	r2, r2, r3
 127 0022 9170     		strb	r1, [r2, #2]
  67:main.c        ****         {
 128              		.loc 1 67 0 discriminator 3
 129 0024 0133     		adds	r3, r3, #1
 130              	.LVL8:
 131 0026 DBB2     		uxtb	r3, r3
 132              	.LVL9:
 133              	.L8:
  67:main.c        ****         {
 134              		.loc 1 67 0 is_stmt 0 discriminator 1
 135 0028 821E     		subs	r2, r0, #2
 136 002a 9342     		cmp	r3, r2
 137 002c F4DB     		blt	.L9
  70:main.c        ****         }
  71:main.c        ****     
  72:main.c        ****         firstbyte = 0;
 138              		.loc 1 72 0 is_stmt 1
 139 002e 064B     		ldr	r3, .L11
 140              	.LVL10:
 141 0030 0022     		movs	r2, #0
 142 0032 5A70     		strb	r2, [r3, #1]
  73:main.c        ****         CommandReady = 1;
 143              		.loc 1 73 0
 144 0034 0121     		movs	r1, #1
 145 0036 D970     		strb	r1, [r3, #3]
  74:main.c        ****         ByteCount = 0;
 146              		.loc 1 74 0
 147 0038 1A70     		strb	r2, [r3]
 148              	.L7:
  75:main.c        ****     }
  76:main.c        ****     ByteCounter_ReadStatusRegister();
 149              		.loc 1 76 0
 150 003a FFF7FEFF 		bl	ByteCounter_ReadStatusRegister
ARM GAS  C:\Users\dlau\AppData\Local\Temp\ccrZxE0G.s 			page 5


 151              	.LVL11:
  77:main.c        ****     LEDDrive_Write(0);
 152              		.loc 1 77 0
 153 003e 0020     		movs	r0, #0
 154 0040 FFF7FEFF 		bl	LEDDrive_Write
 155              	.LVL12:
 156 0044 08BD     		pop	{r3, pc}
 157              	.L12:
 158 0046 00BF     		.align	2
 159              	.L11:
 160 0048 00000000 		.word	.LANCHOR0
 161 004c 00000000 		.word	ReceivedBuffer
 162 0050 00000000 		.word	Command_Packet
 163              		.cfi_endproc
 164              	.LFE64:
 165              		.size	CommandReceived, .-CommandReceived
 166              		.section	.text.TimerInterrupt,"ax",%progbits
 167              		.align	2
 168              		.global	TimerInterrupt
 169              		.thumb
 170              		.thumb_func
 171              		.type	TimerInterrupt, %function
 172              	TimerInterrupt:
 173              	.LFB65:
  78:main.c        **** }
  79:main.c        **** 
  80:main.c        **** 
  81:main.c        **** 
  82:main.c        **** CY_ISR(TimerInterrupt)
  83:main.c        **** {
 174              		.loc 1 83 0
 175              		.cfi_startproc
 176              		@ args = 0, pretend = 0, frame = 0
 177              		@ frame_needed = 0, uses_anonymous_args = 0
 178 0000 10B5     		push	{r4, lr}
 179              		.cfi_def_cfa_offset 8
 180              		.cfi_offset 4, -8
 181              		.cfi_offset 14, -4
  84:main.c        ****     ADC_DelSig_IsEndConversion(ADC_DelSig_WAIT_FOR_RESULT);
 182              		.loc 1 84 0
 183 0002 0020     		movs	r0, #0
 184 0004 FFF7FEFF 		bl	ADC_DelSig_IsEndConversion
 185              	.LVL13:
  85:main.c        ****     if(ping)
 186              		.loc 1 85 0
 187 0008 114B     		ldr	r3, .L18
 188 000a 1B78     		ldrb	r3, [r3]	@ zero_extendqisi2
 189 000c 3BB1     		cbz	r3, .L14
  86:main.c        ****     {
  87:main.c        ****         PingOutput[datacount] = ADC_DelSig_GetResult16();
 190              		.loc 1 87 0
 191 000e 114B     		ldr	r3, .L18+4
 192 0010 1C79     		ldrb	r4, [r3, #4]	@ zero_extendqisi2
 193 0012 FFF7FEFF 		bl	ADC_DelSig_GetResult16
 194              	.LVL14:
 195 0016 104B     		ldr	r3, .L18+8
 196 0018 23F81400 		strh	r0, [r3, r4, lsl #1]	@ movhi
ARM GAS  C:\Users\dlau\AppData\Local\Temp\ccrZxE0G.s 			page 6


 197 001c 06E0     		b	.L15
 198              	.L14:
  88:main.c        ****     }
  89:main.c        ****     else
  90:main.c        ****     {
  91:main.c        ****         PongOutput[datacount] = ADC_DelSig_GetResult16();
 199              		.loc 1 91 0
 200 001e 0D4B     		ldr	r3, .L18+4
 201 0020 1C79     		ldrb	r4, [r3, #4]	@ zero_extendqisi2
 202 0022 FFF7FEFF 		bl	ADC_DelSig_GetResult16
 203              	.LVL15:
 204 0026 0D4B     		ldr	r3, .L18+12
 205 0028 23F81400 		strh	r0, [r3, r4, lsl #1]	@ movhi
 206              	.L15:
  92:main.c        ****     }
  93:main.c        ****     datacount = (datacount+1) & 0x01F;
 207              		.loc 1 93 0
 208 002c 094A     		ldr	r2, .L18+4
 209 002e 1379     		ldrb	r3, [r2, #4]	@ zero_extendqisi2
 210 0030 0133     		adds	r3, r3, #1
 211 0032 03F01F03 		and	r3, r3, #31
 212 0036 1371     		strb	r3, [r2, #4]
  94:main.c        ****     if(datacount == 0)
 213              		.loc 1 94 0
 214 0038 3BB9     		cbnz	r3, .L16
  95:main.c        ****     {
  96:main.c        ****         ping ^= 1; //switches ping to pong, vice versa
 215              		.loc 1 96 0
 216 003a 054A     		ldr	r2, .L18
 217 003c 1378     		ldrb	r3, [r2]	@ zero_extendqisi2
 218 003e 83F00103 		eor	r3, r3, #1
 219 0042 1370     		strb	r3, [r2]
  97:main.c        ****         dataready = 1;
 220              		.loc 1 97 0
 221 0044 0122     		movs	r2, #1
 222 0046 034B     		ldr	r3, .L18+4
 223 0048 5A71     		strb	r2, [r3, #5]
 224              	.L16:
  98:main.c        ****     }
  99:main.c        ****     Timer_1_ReadStatusRegister();
 225              		.loc 1 99 0
 226 004a FFF7FEFF 		bl	Timer_1_ReadStatusRegister
 227              	.LVL16:
 228 004e 10BD     		pop	{r4, pc}
 229              	.L19:
 230              		.align	2
 231              	.L18:
 232 0050 00000000 		.word	.LANCHOR1
 233 0054 00000000 		.word	.LANCHOR0
 234 0058 00000000 		.word	PingOutput
 235 005c 00000000 		.word	PongOutput
 236              		.cfi_endproc
 237              	.LFE65:
 238              		.size	TimerInterrupt, .-TimerInterrupt
 239              		.section	.text.main,"ax",%progbits
 240              		.align	2
 241              		.global	main
ARM GAS  C:\Users\dlau\AppData\Local\Temp\ccrZxE0G.s 			page 7


 242              		.thumb
 243              		.thumb_func
 244              		.type	main, %function
 245              	main:
 246              	.LFB66:
 100:main.c        **** }
 101:main.c        ****     
 102:main.c        **** 
 103:main.c        **** int main(void)
 104:main.c        **** {
 247              		.loc 1 104 0
 248              		.cfi_startproc
 249              		@ Volatile: function does not return.
 250              		@ args = 0, pretend = 0, frame = 0
 251              		@ frame_needed = 0, uses_anonymous_args = 0
 252 0000 08B5     		push	{r3, lr}
 253              		.cfi_def_cfa_offset 8
 254              		.cfi_offset 3, -8
 255              		.cfi_offset 14, -4
 105:main.c        ****     
 106:main.c        ****     UARTReset_Write(0);
 256              		.loc 1 106 0
 257 0002 0020     		movs	r0, #0
 258 0004 FFF7FEFF 		bl	UARTReset_Write
 259              	.LVL17:
 107:main.c        ****     ByteCountReset_Write(0);
 260              		.loc 1 107 0
 261 0008 0020     		movs	r0, #0
 262 000a FFF7FEFF 		bl	ByteCountReset_Write
 263              	.LVL18:
 108:main.c        ****     
 109:main.c        ****     LabVIEW_UART_Start();
 264              		.loc 1 109 0
 265 000e FFF7FEFF 		bl	LabVIEW_UART_Start
 266              	.LVL19:
 110:main.c        ****     
 111:main.c        ****     
 112:main.c        ****     WaveGenerator_Start();
 267              		.loc 1 112 0
 268 0012 FFF7FEFF 		bl	WaveGenerator_Start
 269              	.LVL20:
 113:main.c        ****     ADC_DelSig_Start();
 270              		.loc 1 113 0
 271 0016 FFF7FEFF 		bl	ADC_DelSig_Start
 272              	.LVL21:
 114:main.c        ****     
 115:main.c        ****     TimerReset_Write(0);
 273              		.loc 1 115 0
 274 001a 0020     		movs	r0, #0
 275 001c FFF7FEFF 		bl	TimerReset_Write
 276              	.LVL22:
 116:main.c        ****     Timer_1_Start();
 277              		.loc 1 116 0
 278 0020 FFF7FEFF 		bl	Timer_1_Start
 279              	.LVL23:
 117:main.c        ****     TimerReset_Write(1);
 280              		.loc 1 117 0
ARM GAS  C:\Users\dlau\AppData\Local\Temp\ccrZxE0G.s 			page 8


 281 0024 0120     		movs	r0, #1
 282 0026 FFF7FEFF 		bl	TimerReset_Write
 283              	.LVL24:
 118:main.c        ****     
 119:main.c        ****     TimerInterrupt_Start();
 284              		.loc 1 119 0
 285 002a FFF7FEFF 		bl	TimerInterrupt_Start
 286              	.LVL25:
 120:main.c        ****     TimerInterrupt_StartEx(TimerInterrupt);
 287              		.loc 1 120 0
 288 002e 6C48     		ldr	r0, .L38
 289 0030 FFF7FEFF 		bl	TimerInterrupt_StartEx
 290              	.LVL26:
 121:main.c        ****     
 122:main.c        ****     Timer_1_Stop();
 291              		.loc 1 122 0
 292 0034 FFF7FEFF 		bl	Timer_1_Stop
 293              	.LVL27:
 123:main.c        ****     
 124:main.c        ****     ADC_DelSig_IRQ_Enable();
 294              		.loc 1 124 0
 295 0038 FFF7FEFF 		bl	ADC_DelSig_IRQ_Enable
 296              	.LVL28:
 125:main.c        ****     
 126:main.c        ****     ByteCounter_Start();
 297              		.loc 1 126 0
 298 003c FFF7FEFF 		bl	ByteCounter_Start
 299              	.LVL29:
 127:main.c        ****     ByteCounter_Enable();
 300              		.loc 1 127 0
 301 0040 FFF7FEFF 		bl	ByteCounter_Enable
 302              	.LVL30:
 128:main.c        ****     ByteCounter_SetInterruptMode(ByteCounter_STATUS_CMP_INT_EN_MASK);
 303              		.loc 1 128 0
 304 0044 0120     		movs	r0, #1
 305 0046 FFF7FEFF 		bl	ByteCounter_SetInterruptMode
 306              	.LVL31:
 129:main.c        ****     
 130:main.c        ****     ByteReceived_Start();
 307              		.loc 1 130 0
 308 004a FFF7FEFF 		bl	ByteReceived_Start
 309              	.LVL32:
 131:main.c        ****     ByteReceived_StartEx(ByteReceived);
 310              		.loc 1 131 0
 311 004e 6548     		ldr	r0, .L38+4
 312 0050 FFF7FEFF 		bl	ByteReceived_StartEx
 313              	.LVL33:
 132:main.c        ****     ByteReceived_Enable();
 314              		.loc 1 132 0
 315 0054 FFF7FEFF 		bl	ByteReceived_Enable
 316              	.LVL34:
 133:main.c        ****     
 134:main.c        ****     CommandReceived_Start();
 317              		.loc 1 134 0
 318 0058 FFF7FEFF 		bl	CommandReceived_Start
 319              	.LVL35:
 135:main.c        ****     CommandReceived_StartEx(CommandReceived);
ARM GAS  C:\Users\dlau\AppData\Local\Temp\ccrZxE0G.s 			page 9


 320              		.loc 1 135 0
 321 005c 6248     		ldr	r0, .L38+8
 322 005e FFF7FEFF 		bl	CommandReceived_StartEx
 323              	.LVL36:
 136:main.c        ****     CommandReceived_Enable();
 324              		.loc 1 136 0
 325 0062 FFF7FEFF 		bl	CommandReceived_Enable
 326              	.LVL37:
 137:main.c        ****     
 138:main.c        ****     CyGlobalIntEnable; /* Enable global interrupts. */
 327              		.loc 1 138 0
 328              		.syntax unified
 329              	@ 138 "main.c" 1
 330 0066 62B6     		CPSIE   i
 331              	@ 0 "" 2
 139:main.c        **** 
 140:main.c        ****     /* Place your initialization/startup code here (e.g. MyInst_Start()) */
 141:main.c        ****     ADC_DelSig_StartConvert();
 332              		.loc 1 141 0
 333              		.thumb
 334              		.syntax unified
 335 0068 FFF7FEFF 		bl	ADC_DelSig_StartConvert
 336              	.LVL38:
 337              	.L21:
 142:main.c        ****     
 143:main.c        ****     for(;;)
 144:main.c        ****     {
 145:main.c        ****     if(CommandReady)
 338              		.loc 1 145 0
 339 006c 5F4B     		ldr	r3, .L38+12
 340 006e DB78     		ldrb	r3, [r3, #3]	@ zero_extendqisi2
 341 0070 002B     		cmp	r3, #0
 342 0072 FBD0     		beq	.L21
 146:main.c        ****         {
 147:main.c        ****             Transmit_Packet.command = Command_Packet.command;
 343              		.loc 1 147 0
 344 0074 5E49     		ldr	r1, .L38+16
 345 0076 4B78     		ldrb	r3, [r1, #1]	@ zero_extendqisi2
 346 0078 5E48     		ldr	r0, .L38+20
 347 007a 4370     		strb	r3, [r0, #1]
 148:main.c        ****             TransmitBuffer[1] = Transmit_Packet.command;
 348              		.loc 1 148 0
 349 007c 5E4A     		ldr	r2, .L38+24
 350 007e 5370     		strb	r3, [r2, #1]
 149:main.c        ****             Transmit_Packet.packet_size = Command_Packet.packet_size;
 351              		.loc 1 149 0
 352 0080 0978     		ldrb	r1, [r1]	@ zero_extendqisi2
 353 0082 0170     		strb	r1, [r0]
 150:main.c        ****             TransmitBuffer[0] = Transmit_Packet.packet_size;
 354              		.loc 1 150 0
 355 0084 1170     		strb	r1, [r2]
 151:main.c        ****             
 152:main.c        ****             switch(Command_Packet.command)
 356              		.loc 1 152 0
 357 0086 022B     		cmp	r3, #2
 358 0088 21D0     		beq	.L23
 359 008a 032B     		cmp	r3, #3
ARM GAS  C:\Users\dlau\AppData\Local\Temp\ccrZxE0G.s 			page 10


 360 008c 00F08780 		beq	.L24
 361 0090 012B     		cmp	r3, #1
 362 0092 40F0A080 		bne	.L22
 153:main.c        ****             {
 154:main.c        ****                 case 1: // Start Timer
 155:main.c        ****                     for(i=0;i<Transmit_Packet.packet_size;i++)
 363              		.loc 1 155 0
 364 0096 0022     		movs	r2, #0
 365 0098 584B     		ldr	r3, .L38+28
 366 009a 1A70     		strb	r2, [r3]
 367 009c 0BE0     		b	.L26
 368              	.L27:
 156:main.c        ****                     {
 157:main.c        ****                             Transmit_Packet.buffer[i+2] = Command_Packet.buffer[i];
 369              		.loc 1 157 0 discriminator 3
 370 009e 981C     		adds	r0, r3, #2
 371 00a0 534A     		ldr	r2, .L38+16
 372 00a2 1A44     		add	r2, r2, r3
 373 00a4 9478     		ldrb	r4, [r2, #2]	@ zero_extendqisi2
 374 00a6 534A     		ldr	r2, .L38+20
 375 00a8 0244     		add	r2, r2, r0
 376 00aa 9470     		strb	r4, [r2, #2]
 158:main.c        ****                             TransmitBuffer[i+2] = Transmit_Packet.buffer[i+2];
 377              		.loc 1 158 0 discriminator 3
 378 00ac 524A     		ldr	r2, .L38+24
 379 00ae 1454     		strb	r4, [r2, r0]
 155:main.c        ****                     {
 380              		.loc 1 155 0 discriminator 3
 381 00b0 0133     		adds	r3, r3, #1
 382 00b2 524A     		ldr	r2, .L38+28
 383 00b4 1370     		strb	r3, [r2]
 384              	.L26:
 155:main.c        ****                     {
 385              		.loc 1 155 0 is_stmt 0 discriminator 1
 386 00b6 514B     		ldr	r3, .L38+28
 387 00b8 1B78     		ldrb	r3, [r3]	@ zero_extendqisi2
 388 00ba 9942     		cmp	r1, r3
 389 00bc EFD8     		bhi	.L27
 159:main.c        ****                     }
 160:main.c        ****                     CommandReady = 0;
 390              		.loc 1 160 0 is_stmt 1
 391 00be 0020     		movs	r0, #0
 392 00c0 4A4B     		ldr	r3, .L38+12
 393 00c2 D870     		strb	r0, [r3, #3]
 161:main.c        ****                     
 162:main.c        ****                     TimerReset_Write(0);
 394              		.loc 1 162 0
 395 00c4 FFF7FEFF 		bl	TimerReset_Write
 396              	.LVL39:
 163:main.c        ****                     Timer_1_Start(); 
 397              		.loc 1 163 0
 398 00c8 FFF7FEFF 		bl	Timer_1_Start
 399              	.LVL40:
 164:main.c        ****                     
 165:main.c        ****                 break;
 400              		.loc 1 165 0
 401 00cc 83E0     		b	.L22
ARM GAS  C:\Users\dlau\AppData\Local\Temp\ccrZxE0G.s 			page 11


 402              	.L23:
 166:main.c        ****                     
 167:main.c        ****                 case 2: // Start Acquisition
 168:main.c        ****                     if (ping == 1 && dataready == 1)
 403              		.loc 1 168 0
 404 00ce 4C4B     		ldr	r3, .L38+32
 405 00d0 1B78     		ldrb	r3, [r3]	@ zero_extendqisi2
 406 00d2 012B     		cmp	r3, #1
 407 00d4 2FD1     		bne	.L28
 408              		.loc 1 168 0 is_stmt 0 discriminator 1
 409 00d6 454A     		ldr	r2, .L38+12
 410 00d8 5279     		ldrb	r2, [r2, #5]	@ zero_extendqisi2
 411 00da 012A     		cmp	r2, #1
 412 00dc 2BD1     		bne	.L28
 169:main.c        ****                     {
 170:main.c        ****                         for(i=0;i<32;i++)
 413              		.loc 1 170 0 is_stmt 1
 414 00de 0022     		movs	r2, #0
 415 00e0 464B     		ldr	r3, .L38+28
 416 00e2 1A70     		strb	r2, [r3]
 417 00e4 0DE0     		b	.L29
 418              	.L30:
 171:main.c        ****                         {
 172:main.c        ****                                 TransmitBuffer[2*i+6] = (PongOutput[i])& 0xFF;
 419              		.loc 1 172 0 discriminator 3
 420 00e6 D91C     		adds	r1, r3, #3
 421 00e8 464A     		ldr	r2, .L38+36
 422 00ea 32F81320 		ldrh	r2, [r2, r3, lsl #1]
 423 00ee 4248     		ldr	r0, .L38+24
 424 00f0 00F81120 		strb	r2, [r0, r1, lsl #1]
 173:main.c        ****                                 TransmitBuffer[2*i+7] = (PongOutput[i])>>8;
 425              		.loc 1 173 0 discriminator 3
 426 00f4 5900     		lsls	r1, r3, #1
 427 00f6 0731     		adds	r1, r1, #7
 428 00f8 120A     		lsrs	r2, r2, #8
 429 00fa 4254     		strb	r2, [r0, r1]
 170:main.c        ****                         {
 430              		.loc 1 170 0 discriminator 3
 431 00fc 0133     		adds	r3, r3, #1
 432 00fe 3F4A     		ldr	r2, .L38+28
 433 0100 1370     		strb	r3, [r2]
 434              	.L29:
 170:main.c        ****                         {
 435              		.loc 1 170 0 is_stmt 0 discriminator 1
 436 0102 3E4B     		ldr	r3, .L38+28
 437 0104 1B78     		ldrb	r3, [r3]	@ zero_extendqisi2
 438 0106 1F2B     		cmp	r3, #31
 439 0108 EDD9     		bls	.L30
 174:main.c        ****                         }
 175:main.c        ****                         
 176:main.c        ****                         TransmitBuffer[2] = (Timer_1_ReadPeriod())& 0xFF; // Timer Period
 440              		.loc 1 176 0 is_stmt 1
 441 010a FFF7FEFF 		bl	Timer_1_ReadPeriod
 442              	.LVL41:
 443 010e 3A4C     		ldr	r4, .L38+24
 444 0110 A070     		strb	r0, [r4, #2]
 177:main.c        ****                         TransmitBuffer[3] = (Timer_1_ReadPeriod())>>8;
ARM GAS  C:\Users\dlau\AppData\Local\Temp\ccrZxE0G.s 			page 12


 445              		.loc 1 177 0
 446 0112 FFF7FEFF 		bl	Timer_1_ReadPeriod
 447              	.LVL42:
 448 0116 000A     		lsrs	r0, r0, #8
 449 0118 E070     		strb	r0, [r4, #3]
 178:main.c        ****                         TransmitBuffer[4] = (Timer_1_ReadPeriod())>>16;
 450              		.loc 1 178 0
 451 011a FFF7FEFF 		bl	Timer_1_ReadPeriod
 452              	.LVL43:
 453 011e 000C     		lsrs	r0, r0, #16
 454 0120 2071     		strb	r0, [r4, #4]
 179:main.c        ****                         TransmitBuffer[5] = (Timer_1_ReadPeriod())>>24;
 455              		.loc 1 179 0
 456 0122 FFF7FEFF 		bl	Timer_1_ReadPeriod
 457              	.LVL44:
 458 0126 000E     		lsrs	r0, r0, #24
 459 0128 6071     		strb	r0, [r4, #5]
 180:main.c        ****                         dataready = 0;
 460              		.loc 1 180 0
 461 012a 0022     		movs	r2, #0
 462 012c 2F4B     		ldr	r3, .L38+12
 463 012e 5A71     		strb	r2, [r3, #5]
 181:main.c        ****                         TransmitBuffer[0] = 70;
 464              		.loc 1 181 0
 465 0130 4623     		movs	r3, #70
 466 0132 2370     		strb	r3, [r4]
 467 0134 2FE0     		b	.L31
 468              	.L28:
 182:main.c        ****                     }    
 183:main.c        ****                     else if(ping == 0 && dataready == 1)
 469              		.loc 1 183 0
 470 0136 73BB     		cbnz	r3, .L31
 471              		.loc 1 183 0 is_stmt 0 discriminator 1
 472 0138 2C4B     		ldr	r3, .L38+12
 473 013a 5B79     		ldrb	r3, [r3, #5]	@ zero_extendqisi2
 474 013c 012B     		cmp	r3, #1
 475 013e 2AD1     		bne	.L31
 184:main.c        ****                     {
 185:main.c        ****                         for(i=0;i<32;i++)
 476              		.loc 1 185 0 is_stmt 1
 477 0140 0022     		movs	r2, #0
 478 0142 2E4B     		ldr	r3, .L38+28
 479 0144 1A70     		strb	r2, [r3]
 480 0146 0DE0     		b	.L32
 481              	.L33:
 186:main.c        ****                         {
 187:main.c        ****                                 TransmitBuffer[2*i+6] = (PingOutput[i])& 0xFF;
 482              		.loc 1 187 0 discriminator 3
 483 0148 D91C     		adds	r1, r3, #3
 484 014a 2F4A     		ldr	r2, .L38+40
 485 014c 32F81320 		ldrh	r2, [r2, r3, lsl #1]
 486 0150 2948     		ldr	r0, .L38+24
 487 0152 00F81120 		strb	r2, [r0, r1, lsl #1]
 188:main.c        ****                                 TransmitBuffer[2*i+7] = (PingOutput[i])>>8;
 488              		.loc 1 188 0 discriminator 3
 489 0156 5900     		lsls	r1, r3, #1
 490 0158 0731     		adds	r1, r1, #7
ARM GAS  C:\Users\dlau\AppData\Local\Temp\ccrZxE0G.s 			page 13


 491 015a 120A     		lsrs	r2, r2, #8
 492 015c 4254     		strb	r2, [r0, r1]
 185:main.c        ****                         {
 493              		.loc 1 185 0 discriminator 3
 494 015e 0133     		adds	r3, r3, #1
 495 0160 264A     		ldr	r2, .L38+28
 496 0162 1370     		strb	r3, [r2]
 497              	.L32:
 185:main.c        ****                         {
 498              		.loc 1 185 0 is_stmt 0 discriminator 1
 499 0164 254B     		ldr	r3, .L38+28
 500 0166 1B78     		ldrb	r3, [r3]	@ zero_extendqisi2
 501 0168 1F2B     		cmp	r3, #31
 502 016a EDD9     		bls	.L33
 189:main.c        ****                         }
 190:main.c        ****                         TransmitBuffer[2] = (Timer_1_ReadPeriod())& 0xFF;
 503              		.loc 1 190 0 is_stmt 1
 504 016c FFF7FEFF 		bl	Timer_1_ReadPeriod
 505              	.LVL45:
 506 0170 214C     		ldr	r4, .L38+24
 507 0172 A070     		strb	r0, [r4, #2]
 191:main.c        ****                         TransmitBuffer[3] = (Timer_1_ReadPeriod())>>8;
 508              		.loc 1 191 0
 509 0174 FFF7FEFF 		bl	Timer_1_ReadPeriod
 510              	.LVL46:
 511 0178 000A     		lsrs	r0, r0, #8
 512 017a E070     		strb	r0, [r4, #3]
 192:main.c        ****                         TransmitBuffer[4] = (Timer_1_ReadPeriod())>>16;
 513              		.loc 1 192 0
 514 017c FFF7FEFF 		bl	Timer_1_ReadPeriod
 515              	.LVL47:
 516 0180 000C     		lsrs	r0, r0, #16
 517 0182 2071     		strb	r0, [r4, #4]
 193:main.c        ****                         TransmitBuffer[5] = (Timer_1_ReadPeriod())>>24;
 518              		.loc 1 193 0
 519 0184 FFF7FEFF 		bl	Timer_1_ReadPeriod
 520              	.LVL48:
 521 0188 000E     		lsrs	r0, r0, #24
 522 018a 6071     		strb	r0, [r4, #5]
 194:main.c        ****                         dataready = 0;
 523              		.loc 1 194 0
 524 018c 0022     		movs	r2, #0
 525 018e 174B     		ldr	r3, .L38+12
 526 0190 5A71     		strb	r2, [r3, #5]
 195:main.c        ****                         TransmitBuffer[0] = 70;
 527              		.loc 1 195 0
 528 0192 4623     		movs	r3, #70
 529 0194 2370     		strb	r3, [r4]
 530              	.L31:
 196:main.c        ****                     }                   
 197:main.c        ****                     CommandReady = 0;                    
 531              		.loc 1 197 0
 532 0196 0022     		movs	r2, #0
 533 0198 144B     		ldr	r3, .L38+12
 534 019a DA70     		strb	r2, [r3, #3]
 198:main.c        ****                 
 199:main.c        ****                 break;         
ARM GAS  C:\Users\dlau\AppData\Local\Temp\ccrZxE0G.s 			page 14


 535              		.loc 1 199 0
 536 019c 1BE0     		b	.L22
 537              	.L24:
 200:main.c        ****                     
 201:main.c        ****                 case 3: // Stop Timer
 202:main.c        ****                     for(i=0;i<Transmit_Packet.packet_size;i++)
 538              		.loc 1 202 0
 539 019e 0022     		movs	r2, #0
 540 01a0 164B     		ldr	r3, .L38+28
 541 01a2 1A70     		strb	r2, [r3]
 542 01a4 0BE0     		b	.L34
 543              	.L35:
 203:main.c        ****                     {
 204:main.c        ****                             Transmit_Packet.buffer[i+2] = Command_Packet.buffer[i];
 544              		.loc 1 204 0 discriminator 3
 545 01a6 981C     		adds	r0, r3, #2
 546 01a8 114A     		ldr	r2, .L38+16
 547 01aa 1A44     		add	r2, r2, r3
 548 01ac 9478     		ldrb	r4, [r2, #2]	@ zero_extendqisi2
 549 01ae 114A     		ldr	r2, .L38+20
 550 01b0 0244     		add	r2, r2, r0
 551 01b2 9470     		strb	r4, [r2, #2]
 205:main.c        ****                             TransmitBuffer[i+2] = Transmit_Packet.buffer[i+2];
 552              		.loc 1 205 0 discriminator 3
 553 01b4 104A     		ldr	r2, .L38+24
 554 01b6 1454     		strb	r4, [r2, r0]
 202:main.c        ****                     {
 555              		.loc 1 202 0 discriminator 3
 556 01b8 0133     		adds	r3, r3, #1
 557 01ba 104A     		ldr	r2, .L38+28
 558 01bc 1370     		strb	r3, [r2]
 559              	.L34:
 202:main.c        ****                     {
 560              		.loc 1 202 0 is_stmt 0 discriminator 1
 561 01be 0F4B     		ldr	r3, .L38+28
 562 01c0 1B78     		ldrb	r3, [r3]	@ zero_extendqisi2
 563 01c2 9942     		cmp	r1, r3
 564 01c4 EFD8     		bhi	.L35
 206:main.c        ****                     }
 207:main.c        ****                     CommandReady = 0;
 565              		.loc 1 207 0 is_stmt 1
 566 01c6 0024     		movs	r4, #0
 567 01c8 084B     		ldr	r3, .L38+12
 568 01ca DC70     		strb	r4, [r3, #3]
 208:main.c        ****                     
 209:main.c        ****                     Timer_1_Stop(); 
 569              		.loc 1 209 0
 570 01cc FFF7FEFF 		bl	Timer_1_Stop
 571              	.LVL49:
 210:main.c        ****                     TimerReset_Write(0);
 572              		.loc 1 210 0
 573 01d0 2046     		mov	r0, r4
 574 01d2 FFF7FEFF 		bl	TimerReset_Write
 575              	.LVL50:
 576              	.L22:
 211:main.c        ****                     
 212:main.c        ****                 break;
ARM GAS  C:\Users\dlau\AppData\Local\Temp\ccrZxE0G.s 			page 15


 213:main.c        ****                        
 214:main.c        ****                 default:
 215:main.c        ****                 break;
 216:main.c        ****             }
 217:main.c        ****             LabVIEW_UART_PutArray(TransmitBuffer,TransmitBuffer[0]);
 577              		.loc 1 217 0
 578 01d6 0848     		ldr	r0, .L38+24
 579 01d8 0178     		ldrb	r1, [r0]	@ zero_extendqisi2
 580 01da FFF7FEFF 		bl	LabVIEW_UART_PutArray
 581              	.LVL51:
 582 01de 45E7     		b	.L21
 583              	.L39:
 584              		.align	2
 585              	.L38:
 586 01e0 00000000 		.word	TimerInterrupt
 587 01e4 00000000 		.word	ByteReceived
 588 01e8 00000000 		.word	CommandReceived
 589 01ec 00000000 		.word	.LANCHOR0
 590 01f0 00000000 		.word	Command_Packet
 591 01f4 00000000 		.word	Transmit_Packet
 592 01f8 00000000 		.word	TransmitBuffer
 593 01fc 00000000 		.word	i
 594 0200 00000000 		.word	.LANCHOR1
 595 0204 00000000 		.word	PongOutput
 596 0208 00000000 		.word	PingOutput
 597              		.cfi_endproc
 598              	.LFE66:
 599              		.size	main, .-main
 600              		.comm	Transmit_Packet,66,4
 601              		.comm	Command_Packet,66,4
 602              		.global	dataready
 603              		.global	datacount
 604              		.global	ping
 605              		.comm	PongOutput,64,4
 606              		.comm	PingOutput,64,4
 607              		.comm	TransmitBuffer,70,4
 608              		.comm	ReceivedBuffer,70,4
 609              		.comm	Status,1,1
 610              		.global	Count
 611              		.global	CommandReady
 612              		.global	firstbyte
 613              		.global	ByteCount
 614              		.comm	i,1,1
 615              		.data
 616              		.set	.LANCHOR1,. + 0
 617              		.type	ping, %object
 618              		.size	ping, 1
 619              	ping:
 620 0000 01       		.byte	1
 621              		.bss
 622              		.set	.LANCHOR0,. + 0
 623              		.type	ByteCount, %object
 624              		.size	ByteCount, 1
 625              	ByteCount:
 626 0000 00       		.space	1
 627              		.type	firstbyte, %object
 628              		.size	firstbyte, 1
ARM GAS  C:\Users\dlau\AppData\Local\Temp\ccrZxE0G.s 			page 16


 629              	firstbyte:
 630 0001 00       		.space	1
 631              		.type	Count, %object
 632              		.size	Count, 1
 633              	Count:
 634 0002 00       		.space	1
 635              		.type	CommandReady, %object
 636              		.size	CommandReady, 1
 637              	CommandReady:
 638 0003 00       		.space	1
 639              		.type	datacount, %object
 640              		.size	datacount, 1
 641              	datacount:
 642 0004 00       		.space	1
 643              		.type	dataready, %object
 644              		.size	dataready, 1
 645              	dataready:
 646 0005 00       		.space	1
 647              		.text
 648              	.Letext0:
 649              		.file 2 "c:\\program files (x86)\\cypress\\psoc creator\\4.2\\psoc creator\\import\\gnu\\arm\\5.4.
 650              		.file 3 "c:\\program files (x86)\\cypress\\psoc creator\\4.2\\psoc creator\\import\\gnu\\arm\\5.4.
 651              		.file 4 "Generated_Source\\PSoC5/cytypes.h"
 652              		.file 5 "Generated_Source\\PSoC5/core_cm3.h"
 653              		.file 6 "Generated_Source\\PSoC5/LEDDrive.h"
 654              		.file 7 "Generated_Source\\PSoC5/LabVIEW_UART.h"
 655              		.file 8 "Generated_Source\\PSoC5/ByteCounter.h"
 656              		.file 9 "Generated_Source\\PSoC5/ADC_DelSig.h"
 657              		.file 10 "Generated_Source\\PSoC5/Timer_1.h"
 658              		.file 11 "Generated_Source\\PSoC5/UARTReset.h"
 659              		.file 12 "Generated_Source\\PSoC5/ByteCountReset.h"
 660              		.file 13 "Generated_Source\\PSoC5/WaveGenerator.h"
 661              		.file 14 "Generated_Source\\PSoC5/TimerReset.h"
 662              		.file 15 "Generated_Source\\PSoC5/TimerInterrupt.h"
 663              		.file 16 "Generated_Source\\PSoC5/ADC_DelSig_IRQ.h"
 664              		.file 17 "Generated_Source\\PSoC5/ByteReceived.h"
 665              		.file 18 "Generated_Source\\PSoC5/CommandReceived.h"
 666              		.section	.debug_info,"",%progbits
 667              	.Ldebug_info0:
 668 0000 28060000 		.4byte	0x628
 669 0004 0400     		.2byte	0x4
 670 0006 00000000 		.4byte	.Ldebug_abbrev0
 671 000a 04       		.byte	0x4
 672 000b 01       		.uleb128 0x1
 673 000c 62040000 		.4byte	.LASF70
 674 0010 0C       		.byte	0xc
 675 0011 60030000 		.4byte	.LASF71
 676 0015 C3030000 		.4byte	.LASF72
 677 0019 00000000 		.4byte	.Ldebug_ranges0+0
 678 001d 00000000 		.4byte	0
 679 0021 00000000 		.4byte	.Ldebug_line0
 680 0025 02       		.uleb128 0x2
 681 0026 01       		.byte	0x1
 682 0027 06       		.byte	0x6
 683 0028 0C010000 		.4byte	.LASF0
 684 002c 02       		.uleb128 0x2
 685 002d 01       		.byte	0x1
ARM GAS  C:\Users\dlau\AppData\Local\Temp\ccrZxE0G.s 			page 17


 686 002e 08       		.byte	0x8
 687 002f EC010000 		.4byte	.LASF1
 688 0033 02       		.uleb128 0x2
 689 0034 02       		.byte	0x2
 690 0035 05       		.byte	0x5
 691 0036 2E000000 		.4byte	.LASF2
 692 003a 02       		.uleb128 0x2
 693 003b 02       		.byte	0x2
 694 003c 07       		.byte	0x7
 695 003d 9F020000 		.4byte	.LASF3
 696 0041 03       		.uleb128 0x3
 697 0042 05040000 		.4byte	.LASF9
 698 0046 02       		.byte	0x2
 699 0047 3F       		.byte	0x3f
 700 0048 4C000000 		.4byte	0x4c
 701 004c 02       		.uleb128 0x2
 702 004d 04       		.byte	0x4
 703 004e 05       		.byte	0x5
 704 004f 49010000 		.4byte	.LASF4
 705 0053 02       		.uleb128 0x2
 706 0054 04       		.byte	0x4
 707 0055 07       		.byte	0x7
 708 0056 6A020000 		.4byte	.LASF5
 709 005a 02       		.uleb128 0x2
 710 005b 08       		.byte	0x8
 711 005c 05       		.byte	0x5
 712 005d 3B010000 		.4byte	.LASF6
 713 0061 02       		.uleb128 0x2
 714 0062 08       		.byte	0x8
 715 0063 07       		.byte	0x7
 716 0064 2A020000 		.4byte	.LASF7
 717 0068 04       		.uleb128 0x4
 718 0069 04       		.byte	0x4
 719 006a 05       		.byte	0x5
 720 006b 696E7400 		.ascii	"int\000"
 721 006f 02       		.uleb128 0x2
 722 0070 04       		.byte	0x4
 723 0071 07       		.byte	0x7
 724 0072 51020000 		.4byte	.LASF8
 725 0076 03       		.uleb128 0x3
 726 0077 F8020000 		.4byte	.LASF10
 727 007b 03       		.byte	0x3
 728 007c 2C       		.byte	0x2c
 729 007d 41000000 		.4byte	0x41
 730 0081 05       		.uleb128 0x5
 731 0082 C4000000 		.4byte	.LASF11
 732 0086 04       		.byte	0x4
 733 0087 E401     		.2byte	0x1e4
 734 0089 2C000000 		.4byte	0x2c
 735 008d 05       		.uleb128 0x5
 736 008e 86000000 		.4byte	.LASF12
 737 0092 04       		.byte	0x4
 738 0093 E501     		.2byte	0x1e5
 739 0095 3A000000 		.4byte	0x3a
 740 0099 02       		.uleb128 0x2
 741 009a 04       		.byte	0x4
 742 009b 04       		.byte	0x4
ARM GAS  C:\Users\dlau\AppData\Local\Temp\ccrZxE0G.s 			page 18


 743 009c 18010000 		.4byte	.LASF13
 744 00a0 02       		.uleb128 0x2
 745 00a1 08       		.byte	0x8
 746 00a2 04       		.byte	0x4
 747 00a3 7D030000 		.4byte	.LASF14
 748 00a7 02       		.uleb128 0x2
 749 00a8 01       		.byte	0x1
 750 00a9 08       		.byte	0x8
 751 00aa E4020000 		.4byte	.LASF15
 752 00ae 02       		.uleb128 0x2
 753 00af 08       		.byte	0x8
 754 00b0 04       		.byte	0x4
 755 00b1 CF010000 		.4byte	.LASF16
 756 00b5 02       		.uleb128 0x2
 757 00b6 04       		.byte	0x4
 758 00b7 07       		.byte	0x7
 759 00b8 38000000 		.4byte	.LASF17
 760 00bc 06       		.uleb128 0x6
 761 00bd 9A010000 		.4byte	.LASF73
 762 00c1 42       		.byte	0x42
 763 00c2 01       		.byte	0x1
 764 00c3 22       		.byte	0x22
 765 00c4 ED000000 		.4byte	0xed
 766 00c8 07       		.uleb128 0x7
 767 00c9 5E020000 		.4byte	.LASF18
 768 00cd 01       		.byte	0x1
 769 00ce 24       		.byte	0x24
 770 00cf 81000000 		.4byte	0x81
 771 00d3 00       		.byte	0
 772 00d4 07       		.uleb128 0x7
 773 00d5 18050000 		.4byte	.LASF19
 774 00d9 01       		.byte	0x1
 775 00da 25       		.byte	0x25
 776 00db 81000000 		.4byte	0x81
 777 00df 01       		.byte	0x1
 778 00e0 07       		.uleb128 0x7
 779 00e1 59030000 		.4byte	.LASF20
 780 00e5 01       		.byte	0x1
 781 00e6 26       		.byte	0x26
 782 00e7 ED000000 		.4byte	0xed
 783 00eb 02       		.byte	0x2
 784 00ec 00       		.byte	0
 785 00ed 08       		.uleb128 0x8
 786 00ee 81000000 		.4byte	0x81
 787 00f2 FD000000 		.4byte	0xfd
 788 00f6 09       		.uleb128 0x9
 789 00f7 B5000000 		.4byte	0xb5
 790 00fb 3F       		.byte	0x3f
 791 00fc 00       		.byte	0
 792 00fd 0A       		.uleb128 0xa
 793 00fe 23010000 		.4byte	.LASF21
 794 0102 01       		.byte	0x1
 795 0103 2B       		.byte	0x2b
 796 0104 00000000 		.4byte	.LFB63
 797 0108 4C000000 		.4byte	.LFE63-.LFB63
 798 010c 01       		.uleb128 0x1
 799 010d 9C       		.byte	0x9c
ARM GAS  C:\Users\dlau\AppData\Local\Temp\ccrZxE0G.s 			page 19


 800 010e 59010000 		.4byte	0x159
 801 0112 0B       		.uleb128 0xb
 802 0113 08000000 		.4byte	.LVL0
 803 0117 D6040000 		.4byte	0x4d6
 804 011b 25010000 		.4byte	0x125
 805 011f 0C       		.uleb128 0xc
 806 0120 01       		.uleb128 0x1
 807 0121 50       		.byte	0x50
 808 0122 01       		.uleb128 0x1
 809 0123 31       		.byte	0x31
 810 0124 00       		.byte	0
 811 0125 0D       		.uleb128 0xd
 812 0126 14000000 		.4byte	.LVL1
 813 012a E1040000 		.4byte	0x4e1
 814 012e 0D       		.uleb128 0xd
 815 012f 24000000 		.4byte	.LVL2
 816 0133 EC040000 		.4byte	0x4ec
 817 0137 0D       		.uleb128 0xd
 818 0138 2C000000 		.4byte	.LVL3
 819 013c F7040000 		.4byte	0x4f7
 820 0140 0D       		.uleb128 0xd
 821 0141 34000000 		.4byte	.LVL4
 822 0145 02050000 		.4byte	0x502
 823 0149 0E       		.uleb128 0xe
 824 014a 3E000000 		.4byte	.LVL5
 825 014e D6040000 		.4byte	0x4d6
 826 0152 0C       		.uleb128 0xc
 827 0153 01       		.uleb128 0x1
 828 0154 50       		.byte	0x50
 829 0155 01       		.uleb128 0x1
 830 0156 30       		.byte	0x30
 831 0157 00       		.byte	0
 832 0158 00       		.byte	0
 833 0159 0A       		.uleb128 0xa
 834 015a 41020000 		.4byte	.LASF22
 835 015e 01       		.byte	0x1
 836 015f 3A       		.byte	0x3a
 837 0160 00000000 		.4byte	.LFB64
 838 0164 54000000 		.4byte	.LFE64-.LFB64
 839 0168 01       		.uleb128 0x1
 840 0169 9C       		.byte	0x9c
 841 016a 94010000 		.4byte	0x194
 842 016e 0F       		.uleb128 0xf
 843 016f 6900     		.ascii	"i\000"
 844 0171 01       		.byte	0x1
 845 0172 3C       		.byte	0x3c
 846 0173 81000000 		.4byte	0x81
 847 0177 00000000 		.4byte	.LLST0
 848 017b 0D       		.uleb128 0xd
 849 017c 3E000000 		.4byte	.LVL11
 850 0180 02050000 		.4byte	0x502
 851 0184 0E       		.uleb128 0xe
 852 0185 44000000 		.4byte	.LVL12
 853 0189 D6040000 		.4byte	0x4d6
 854 018d 0C       		.uleb128 0xc
 855 018e 01       		.uleb128 0x1
 856 018f 50       		.byte	0x50
ARM GAS  C:\Users\dlau\AppData\Local\Temp\ccrZxE0G.s 			page 20


 857 0190 01       		.uleb128 0x1
 858 0191 30       		.byte	0x30
 859 0192 00       		.byte	0
 860 0193 00       		.byte	0
 861 0194 0A       		.uleb128 0xa
 862 0195 E9020000 		.4byte	.LASF23
 863 0199 01       		.byte	0x1
 864 019a 52       		.byte	0x52
 865 019b 00000000 		.4byte	.LFB65
 866 019f 60000000 		.4byte	.LFE65-.LFB65
 867 01a3 01       		.uleb128 0x1
 868 01a4 9C       		.byte	0x9c
 869 01a5 D8010000 		.4byte	0x1d8
 870 01a9 0B       		.uleb128 0xb
 871 01aa 08000000 		.4byte	.LVL13
 872 01ae 0D050000 		.4byte	0x50d
 873 01b2 BC010000 		.4byte	0x1bc
 874 01b6 0C       		.uleb128 0xc
 875 01b7 01       		.uleb128 0x1
 876 01b8 50       		.byte	0x50
 877 01b9 01       		.uleb128 0x1
 878 01ba 30       		.byte	0x30
 879 01bb 00       		.byte	0
 880 01bc 0D       		.uleb128 0xd
 881 01bd 16000000 		.4byte	.LVL14
 882 01c1 18050000 		.4byte	0x518
 883 01c5 0D       		.uleb128 0xd
 884 01c6 26000000 		.4byte	.LVL15
 885 01ca 18050000 		.4byte	0x518
 886 01ce 0D       		.uleb128 0xd
 887 01cf 4E000000 		.4byte	.LVL16
 888 01d3 23050000 		.4byte	0x523
 889 01d7 00       		.byte	0
 890 01d8 10       		.uleb128 0x10
 891 01d9 41000000 		.4byte	.LASF74
 892 01dd 01       		.byte	0x1
 893 01de 67       		.byte	0x67
 894 01df 68000000 		.4byte	0x68
 895 01e3 00000000 		.4byte	.LFB66
 896 01e7 0C020000 		.4byte	.LFE66-.LFB66
 897 01eb 01       		.uleb128 0x1
 898 01ec 9C       		.byte	0x9c
 899 01ed A8030000 		.4byte	0x3a8
 900 01f1 0B       		.uleb128 0xb
 901 01f2 08000000 		.4byte	.LVL17
 902 01f6 2E050000 		.4byte	0x52e
 903 01fa 04020000 		.4byte	0x204
 904 01fe 0C       		.uleb128 0xc
 905 01ff 01       		.uleb128 0x1
 906 0200 50       		.byte	0x50
 907 0201 01       		.uleb128 0x1
 908 0202 30       		.byte	0x30
 909 0203 00       		.byte	0
 910 0204 0B       		.uleb128 0xb
 911 0205 0E000000 		.4byte	.LVL18
 912 0209 39050000 		.4byte	0x539
 913 020d 17020000 		.4byte	0x217
ARM GAS  C:\Users\dlau\AppData\Local\Temp\ccrZxE0G.s 			page 21


 914 0211 0C       		.uleb128 0xc
 915 0212 01       		.uleb128 0x1
 916 0213 50       		.byte	0x50
 917 0214 01       		.uleb128 0x1
 918 0215 30       		.byte	0x30
 919 0216 00       		.byte	0
 920 0217 0D       		.uleb128 0xd
 921 0218 12000000 		.4byte	.LVL19
 922 021c 44050000 		.4byte	0x544
 923 0220 0D       		.uleb128 0xd
 924 0221 16000000 		.4byte	.LVL20
 925 0225 4F050000 		.4byte	0x54f
 926 0229 0D       		.uleb128 0xd
 927 022a 1A000000 		.4byte	.LVL21
 928 022e 5A050000 		.4byte	0x55a
 929 0232 0B       		.uleb128 0xb
 930 0233 20000000 		.4byte	.LVL22
 931 0237 65050000 		.4byte	0x565
 932 023b 45020000 		.4byte	0x245
 933 023f 0C       		.uleb128 0xc
 934 0240 01       		.uleb128 0x1
 935 0241 50       		.byte	0x50
 936 0242 01       		.uleb128 0x1
 937 0243 30       		.byte	0x30
 938 0244 00       		.byte	0
 939 0245 0D       		.uleb128 0xd
 940 0246 24000000 		.4byte	.LVL23
 941 024a 70050000 		.4byte	0x570
 942 024e 0B       		.uleb128 0xb
 943 024f 2A000000 		.4byte	.LVL24
 944 0253 65050000 		.4byte	0x565
 945 0257 61020000 		.4byte	0x261
 946 025b 0C       		.uleb128 0xc
 947 025c 01       		.uleb128 0x1
 948 025d 50       		.byte	0x50
 949 025e 01       		.uleb128 0x1
 950 025f 31       		.byte	0x31
 951 0260 00       		.byte	0
 952 0261 0D       		.uleb128 0xd
 953 0262 2E000000 		.4byte	.LVL25
 954 0266 7B050000 		.4byte	0x57b
 955 026a 0B       		.uleb128 0xb
 956 026b 34000000 		.4byte	.LVL26
 957 026f 86050000 		.4byte	0x586
 958 0273 81020000 		.4byte	0x281
 959 0277 0C       		.uleb128 0xc
 960 0278 01       		.uleb128 0x1
 961 0279 50       		.byte	0x50
 962 027a 05       		.uleb128 0x5
 963 027b 03       		.byte	0x3
 964 027c 00000000 		.4byte	TimerInterrupt
 965 0280 00       		.byte	0
 966 0281 0D       		.uleb128 0xd
 967 0282 38000000 		.4byte	.LVL27
 968 0286 91050000 		.4byte	0x591
 969 028a 0D       		.uleb128 0xd
 970 028b 3C000000 		.4byte	.LVL28
ARM GAS  C:\Users\dlau\AppData\Local\Temp\ccrZxE0G.s 			page 22


 971 028f 9C050000 		.4byte	0x59c
 972 0293 0D       		.uleb128 0xd
 973 0294 40000000 		.4byte	.LVL29
 974 0298 A7050000 		.4byte	0x5a7
 975 029c 0D       		.uleb128 0xd
 976 029d 44000000 		.4byte	.LVL30
 977 02a1 B2050000 		.4byte	0x5b2
 978 02a5 0B       		.uleb128 0xb
 979 02a6 4A000000 		.4byte	.LVL31
 980 02aa BD050000 		.4byte	0x5bd
 981 02ae B8020000 		.4byte	0x2b8
 982 02b2 0C       		.uleb128 0xc
 983 02b3 01       		.uleb128 0x1
 984 02b4 50       		.byte	0x50
 985 02b5 01       		.uleb128 0x1
 986 02b6 31       		.byte	0x31
 987 02b7 00       		.byte	0
 988 02b8 0D       		.uleb128 0xd
 989 02b9 4E000000 		.4byte	.LVL32
 990 02bd C8050000 		.4byte	0x5c8
 991 02c1 0B       		.uleb128 0xb
 992 02c2 54000000 		.4byte	.LVL33
 993 02c6 D3050000 		.4byte	0x5d3
 994 02ca D8020000 		.4byte	0x2d8
 995 02ce 0C       		.uleb128 0xc
 996 02cf 01       		.uleb128 0x1
 997 02d0 50       		.byte	0x50
 998 02d1 05       		.uleb128 0x5
 999 02d2 03       		.byte	0x3
 1000 02d3 00000000 		.4byte	ByteReceived
 1001 02d7 00       		.byte	0
 1002 02d8 0D       		.uleb128 0xd
 1003 02d9 58000000 		.4byte	.LVL34
 1004 02dd DE050000 		.4byte	0x5de
 1005 02e1 0D       		.uleb128 0xd
 1006 02e2 5C000000 		.4byte	.LVL35
 1007 02e6 E9050000 		.4byte	0x5e9
 1008 02ea 0B       		.uleb128 0xb
 1009 02eb 62000000 		.4byte	.LVL36
 1010 02ef F4050000 		.4byte	0x5f4
 1011 02f3 01030000 		.4byte	0x301
 1012 02f7 0C       		.uleb128 0xc
 1013 02f8 01       		.uleb128 0x1
 1014 02f9 50       		.byte	0x50
 1015 02fa 05       		.uleb128 0x5
 1016 02fb 03       		.byte	0x3
 1017 02fc 00000000 		.4byte	CommandReceived
 1018 0300 00       		.byte	0
 1019 0301 0D       		.uleb128 0xd
 1020 0302 66000000 		.4byte	.LVL37
 1021 0306 FF050000 		.4byte	0x5ff
 1022 030a 0D       		.uleb128 0xd
 1023 030b 6C000000 		.4byte	.LVL38
 1024 030f 0A060000 		.4byte	0x60a
 1025 0313 0B       		.uleb128 0xb
 1026 0314 C8000000 		.4byte	.LVL39
 1027 0318 65050000 		.4byte	0x565
ARM GAS  C:\Users\dlau\AppData\Local\Temp\ccrZxE0G.s 			page 23


 1028 031c 26030000 		.4byte	0x326
 1029 0320 0C       		.uleb128 0xc
 1030 0321 01       		.uleb128 0x1
 1031 0322 50       		.byte	0x50
 1032 0323 01       		.uleb128 0x1
 1033 0324 30       		.byte	0x30
 1034 0325 00       		.byte	0
 1035 0326 0D       		.uleb128 0xd
 1036 0327 CC000000 		.4byte	.LVL40
 1037 032b 70050000 		.4byte	0x570
 1038 032f 0D       		.uleb128 0xd
 1039 0330 0E010000 		.4byte	.LVL41
 1040 0334 15060000 		.4byte	0x615
 1041 0338 0D       		.uleb128 0xd
 1042 0339 16010000 		.4byte	.LVL42
 1043 033d 15060000 		.4byte	0x615
 1044 0341 0D       		.uleb128 0xd
 1045 0342 1E010000 		.4byte	.LVL43
 1046 0346 15060000 		.4byte	0x615
 1047 034a 0D       		.uleb128 0xd
 1048 034b 26010000 		.4byte	.LVL44
 1049 034f 15060000 		.4byte	0x615
 1050 0353 0D       		.uleb128 0xd
 1051 0354 70010000 		.4byte	.LVL45
 1052 0358 15060000 		.4byte	0x615
 1053 035c 0D       		.uleb128 0xd
 1054 035d 78010000 		.4byte	.LVL46
 1055 0361 15060000 		.4byte	0x615
 1056 0365 0D       		.uleb128 0xd
 1057 0366 80010000 		.4byte	.LVL47
 1058 036a 15060000 		.4byte	0x615
 1059 036e 0D       		.uleb128 0xd
 1060 036f 88010000 		.4byte	.LVL48
 1061 0373 15060000 		.4byte	0x615
 1062 0377 0D       		.uleb128 0xd
 1063 0378 D0010000 		.4byte	.LVL49
 1064 037c 91050000 		.4byte	0x591
 1065 0380 0B       		.uleb128 0xb
 1066 0381 D6010000 		.4byte	.LVL50
 1067 0385 65050000 		.4byte	0x565
 1068 0389 94030000 		.4byte	0x394
 1069 038d 0C       		.uleb128 0xc
 1070 038e 01       		.uleb128 0x1
 1071 038f 50       		.byte	0x50
 1072 0390 02       		.uleb128 0x2
 1073 0391 74       		.byte	0x74
 1074 0392 00       		.sleb128 0
 1075 0393 00       		.byte	0
 1076 0394 0E       		.uleb128 0xe
 1077 0395 DE010000 		.4byte	.LVL51
 1078 0399 20060000 		.4byte	0x620
 1079 039d 0C       		.uleb128 0xc
 1080 039e 01       		.uleb128 0x1
 1081 039f 50       		.byte	0x50
 1082 03a0 05       		.uleb128 0x5
 1083 03a1 03       		.byte	0x3
 1084 03a2 00000000 		.4byte	TransmitBuffer
ARM GAS  C:\Users\dlau\AppData\Local\Temp\ccrZxE0G.s 			page 24


 1085 03a6 00       		.byte	0
 1086 03a7 00       		.byte	0
 1087 03a8 11       		.uleb128 0x11
 1088 03a9 55040000 		.4byte	.LASF24
 1089 03ad 05       		.byte	0x5
 1090 03ae 1207     		.2byte	0x712
 1091 03b0 B4030000 		.4byte	0x3b4
 1092 03b4 12       		.uleb128 0x12
 1093 03b5 76000000 		.4byte	0x76
 1094 03b9 13       		.uleb128 0x13
 1095 03ba 6900     		.ascii	"i\000"
 1096 03bc 01       		.byte	0x1
 1097 03bd 0E       		.byte	0xe
 1098 03be 81000000 		.4byte	0x81
 1099 03c2 05       		.uleb128 0x5
 1100 03c3 03       		.byte	0x3
 1101 03c4 00000000 		.4byte	i
 1102 03c8 14       		.uleb128 0x14
 1103 03c9 52010000 		.4byte	.LASF25
 1104 03cd 01       		.byte	0x1
 1105 03ce 10       		.byte	0x10
 1106 03cf 81000000 		.4byte	0x81
 1107 03d3 05       		.uleb128 0x5
 1108 03d4 03       		.byte	0x3
 1109 03d5 00000000 		.4byte	ByteCount
 1110 03d9 14       		.uleb128 0x14
 1111 03da 2D040000 		.4byte	.LASF26
 1112 03de 01       		.byte	0x1
 1113 03df 12       		.byte	0x12
 1114 03e0 81000000 		.4byte	0x81
 1115 03e4 05       		.uleb128 0x5
 1116 03e5 03       		.byte	0x3
 1117 03e6 00000000 		.4byte	firstbyte
 1118 03ea 14       		.uleb128 0x14
 1119 03eb 84030000 		.4byte	.LASF27
 1120 03ef 01       		.byte	0x1
 1121 03f0 13       		.byte	0x13
 1122 03f1 81000000 		.4byte	0x81
 1123 03f5 05       		.uleb128 0x5
 1124 03f6 03       		.byte	0x3
 1125 03f7 00000000 		.4byte	CommandReady
 1126 03fb 14       		.uleb128 0x14
 1127 03fc 99020000 		.4byte	.LASF28
 1128 0400 01       		.byte	0x1
 1129 0401 14       		.byte	0x14
 1130 0402 81000000 		.4byte	0x81
 1131 0406 05       		.uleb128 0x5
 1132 0407 03       		.byte	0x3
 1133 0408 00000000 		.4byte	Count
 1134 040c 14       		.uleb128 0x14
 1135 040d 26040000 		.4byte	.LASF29
 1136 0411 01       		.byte	0x1
 1137 0412 15       		.byte	0x15
 1138 0413 81000000 		.4byte	0x81
 1139 0417 05       		.uleb128 0x5
 1140 0418 03       		.byte	0x3
 1141 0419 00000000 		.4byte	Status
ARM GAS  C:\Users\dlau\AppData\Local\Temp\ccrZxE0G.s 			page 25


 1142 041d 08       		.uleb128 0x8
 1143 041e 81000000 		.4byte	0x81
 1144 0422 2D040000 		.4byte	0x42d
 1145 0426 09       		.uleb128 0x9
 1146 0427 B5000000 		.4byte	0xb5
 1147 042b 45       		.byte	0x45
 1148 042c 00       		.byte	0
 1149 042d 14       		.uleb128 0x14
 1150 042e D5020000 		.4byte	.LASF30
 1151 0432 01       		.byte	0x1
 1152 0433 17       		.byte	0x17
 1153 0434 1D040000 		.4byte	0x41d
 1154 0438 05       		.uleb128 0x5
 1155 0439 03       		.byte	0x3
 1156 043a 00000000 		.4byte	ReceivedBuffer
 1157 043e 14       		.uleb128 0x14
 1158 043f 46000000 		.4byte	.LASF31
 1159 0443 01       		.byte	0x1
 1160 0444 18       		.byte	0x18
 1161 0445 1D040000 		.4byte	0x41d
 1162 0449 05       		.uleb128 0x5
 1163 044a 03       		.byte	0x3
 1164 044b 00000000 		.4byte	TransmitBuffer
 1165 044f 08       		.uleb128 0x8
 1166 0450 8D000000 		.4byte	0x8d
 1167 0454 5F040000 		.4byte	0x45f
 1168 0458 09       		.uleb128 0x9
 1169 0459 B5000000 		.4byte	0xb5
 1170 045d 1F       		.byte	0x1f
 1171 045e 00       		.byte	0
 1172 045f 14       		.uleb128 0x14
 1173 0460 AB010000 		.4byte	.LASF32
 1174 0464 01       		.byte	0x1
 1175 0465 1B       		.byte	0x1b
 1176 0466 4F040000 		.4byte	0x44f
 1177 046a 05       		.uleb128 0x5
 1178 046b 03       		.byte	0x3
 1179 046c 00000000 		.4byte	PingOutput
 1180 0470 14       		.uleb128 0x14
 1181 0471 30010000 		.4byte	.LASF33
 1182 0475 01       		.byte	0x1
 1183 0476 1C       		.byte	0x1c
 1184 0477 4F040000 		.4byte	0x44f
 1185 047b 05       		.uleb128 0x5
 1186 047c 03       		.byte	0x3
 1187 047d 00000000 		.4byte	PongOutput
 1188 0481 14       		.uleb128 0x14
 1189 0482 1E010000 		.4byte	.LASF34
 1190 0486 01       		.byte	0x1
 1191 0487 1E       		.byte	0x1e
 1192 0488 81000000 		.4byte	0x81
 1193 048c 05       		.uleb128 0x5
 1194 048d 03       		.byte	0x3
 1195 048e 00000000 		.4byte	ping
 1196 0492 14       		.uleb128 0x14
 1197 0493 8F020000 		.4byte	.LASF35
 1198 0497 01       		.byte	0x1
ARM GAS  C:\Users\dlau\AppData\Local\Temp\ccrZxE0G.s 			page 26


 1199 0498 1F       		.byte	0x1f
 1200 0499 81000000 		.4byte	0x81
 1201 049d 05       		.uleb128 0x5
 1202 049e 03       		.byte	0x3
 1203 049f 00000000 		.4byte	datacount
 1204 04a3 14       		.uleb128 0x14
 1205 04a4 4B040000 		.4byte	.LASF36
 1206 04a8 01       		.byte	0x1
 1207 04a9 20       		.byte	0x20
 1208 04aa 81000000 		.4byte	0x81
 1209 04ae 05       		.uleb128 0x5
 1210 04af 03       		.byte	0x3
 1211 04b0 00000000 		.4byte	dataready
 1212 04b4 14       		.uleb128 0x14
 1213 04b5 C6020000 		.4byte	.LASF37
 1214 04b9 01       		.byte	0x1
 1215 04ba 27       		.byte	0x27
 1216 04bb BC000000 		.4byte	0xbc
 1217 04bf 05       		.uleb128 0x5
 1218 04c0 03       		.byte	0x3
 1219 04c1 00000000 		.4byte	Command_Packet
 1220 04c5 14       		.uleb128 0x14
 1221 04c6 E9000000 		.4byte	.LASF38
 1222 04ca 01       		.byte	0x1
 1223 04cb 29       		.byte	0x29
 1224 04cc BC000000 		.4byte	0xbc
 1225 04d0 05       		.uleb128 0x5
 1226 04d1 03       		.byte	0x3
 1227 04d2 00000000 		.4byte	Transmit_Packet
 1228 04d6 15       		.uleb128 0x15
 1229 04d7 A0000000 		.4byte	.LASF39
 1230 04db A0000000 		.4byte	.LASF39
 1231 04df 06       		.byte	0x6
 1232 04e0 2F       		.byte	0x2f
 1233 04e1 15       		.uleb128 0x15
 1234 04e2 AF000000 		.4byte	.LASF40
 1235 04e6 AF000000 		.4byte	.LASF40
 1236 04ea 07       		.byte	0x7
 1237 04eb 72       		.byte	0x72
 1238 04ec 15       		.uleb128 0x15
 1239 04ed B6010000 		.4byte	.LASF41
 1240 04f1 B6010000 		.4byte	.LASF41
 1241 04f5 08       		.byte	0x8
 1242 04f6 63       		.byte	0x63
 1243 04f7 15       		.uleb128 0x15
 1244 04f8 33030000 		.4byte	.LASF42
 1245 04fc 33030000 		.4byte	.LASF42
 1246 0500 08       		.byte	0x8
 1247 0501 5D       		.byte	0x5d
 1248 0502 15       		.uleb128 0x15
 1249 0503 CA000000 		.4byte	.LASF43
 1250 0507 CA000000 		.4byte	.LASF43
 1251 050b 08       		.byte	0x8
 1252 050c 52       		.byte	0x52
 1253 050d 15       		.uleb128 0x15
 1254 050e 18030000 		.4byte	.LASF44
 1255 0512 18030000 		.4byte	.LASF44
ARM GAS  C:\Users\dlau\AppData\Local\Temp\ccrZxE0G.s 			page 27


 1256 0516 09       		.byte	0x9
 1257 0517 3F       		.byte	0x3f
 1258 0518 15       		.uleb128 0x15
 1259 0519 01050000 		.4byte	.LASF45
 1260 051d 01050000 		.4byte	.LASF45
 1261 0521 09       		.byte	0x9
 1262 0522 41       		.byte	0x41
 1263 0523 15       		.uleb128 0x15
 1264 0524 6B000000 		.4byte	.LASF46
 1265 0528 6B000000 		.4byte	.LASF46
 1266 052c 0A       		.byte	0xa
 1267 052d 5E       		.byte	0x5e
 1268 052e 15       		.uleb128 0x15
 1269 052f 91030000 		.4byte	.LASF47
 1270 0533 91030000 		.4byte	.LASF47
 1271 0537 0B       		.byte	0xb
 1272 0538 2F       		.byte	0x2f
 1273 0539 15       		.uleb128 0x15
 1274 053a 20050000 		.4byte	.LASF48
 1275 053e 20050000 		.4byte	.LASF48
 1276 0542 0C       		.byte	0xc
 1277 0543 2F       		.byte	0x2f
 1278 0544 15       		.uleb128 0x15
 1279 0545 8D000000 		.4byte	.LASF49
 1280 0549 8D000000 		.4byte	.LASF49
 1281 054d 07       		.byte	0x7
 1282 054e 54       		.byte	0x54
 1283 054f 15       		.uleb128 0x15
 1284 0550 B2020000 		.4byte	.LASF50
 1285 0554 B2020000 		.4byte	.LASF50
 1286 0558 0D       		.byte	0xd
 1287 0559 67       		.byte	0x67
 1288 055a 15       		.uleb128 0x15
 1289 055b DB010000 		.4byte	.LASF51
 1290 055f DB010000 		.4byte	.LASF51
 1291 0563 09       		.byte	0x9
 1292 0564 3A       		.byte	0x3a
 1293 0565 15       		.uleb128 0x15
 1294 0566 F0040000 		.4byte	.LASF52
 1295 056a F0040000 		.4byte	.LASF52
 1296 056e 0E       		.byte	0xe
 1297 056f 2F       		.byte	0x2f
 1298 0570 15       		.uleb128 0x15
 1299 0571 4B030000 		.4byte	.LASF53
 1300 0575 4B030000 		.4byte	.LASF53
 1301 0579 0A       		.byte	0xa
 1302 057a 5A       		.byte	0x5a
 1303 057b 15       		.uleb128 0x15
 1304 057c 85010000 		.4byte	.LASF54
 1305 0580 85010000 		.4byte	.LASF54
 1306 0584 0F       		.byte	0xf
 1307 0585 17       		.byte	0x17
 1308 0586 15       		.uleb128 0x15
 1309 0587 5C010000 		.4byte	.LASF55
 1310 058b 5C010000 		.4byte	.LASF55
 1311 058f 0F       		.byte	0xf
 1312 0590 18       		.byte	0x18
ARM GAS  C:\Users\dlau\AppData\Local\Temp\ccrZxE0G.s 			page 28


 1313 0591 15       		.uleb128 0x15
 1314 0592 B6030000 		.4byte	.LASF56
 1315 0596 B6030000 		.4byte	.LASF56
 1316 059a 0A       		.byte	0xa
 1317 059b 5B       		.byte	0x5b
 1318 059c 15       		.uleb128 0x15
 1319 059d 18000000 		.4byte	.LASF57
 1320 05a1 18000000 		.4byte	.LASF57
 1321 05a5 10       		.byte	0x10
 1322 05a6 23       		.byte	0x23
 1323 05a7 15       		.uleb128 0x15
 1324 05a8 73010000 		.4byte	.LASF58
 1325 05ac 73010000 		.4byte	.LASF58
 1326 05b0 08       		.byte	0x8
 1327 05b1 4F       		.byte	0x4f
 1328 05b2 15       		.uleb128 0x15
 1329 05b3 7C020000 		.4byte	.LASF59
 1330 05b7 7C020000 		.4byte	.LASF59
 1331 05bb 08       		.byte	0x8
 1332 05bc 71       		.byte	0x71
 1333 05bd 15       		.uleb128 0x15
 1334 05be 0D020000 		.4byte	.LASF60
 1335 05c2 0D020000 		.4byte	.LASF60
 1336 05c6 08       		.byte	0x8
 1337 05c7 51       		.byte	0x51
 1338 05c8 15       		.uleb128 0x15
 1339 05c9 F9000000 		.4byte	.LASF61
 1340 05cd F9000000 		.4byte	.LASF61
 1341 05d1 11       		.byte	0x11
 1342 05d2 17       		.byte	0x17
 1343 05d3 15       		.uleb128 0x15
 1344 05d4 A1030000 		.4byte	.LASF62
 1345 05d8 A1030000 		.4byte	.LASF62
 1346 05dc 11       		.byte	0x11
 1347 05dd 18       		.byte	0x18
 1348 05de 15       		.uleb128 0x15
 1349 05df 37040000 		.4byte	.LASF63
 1350 05e3 37040000 		.4byte	.LASF63
 1351 05e7 11       		.byte	0x11
 1352 05e8 23       		.byte	0x23
 1353 05e9 15       		.uleb128 0x15
 1354 05ea 55000000 		.4byte	.LASF64
 1355 05ee 55000000 		.4byte	.LASF64
 1356 05f2 12       		.byte	0x12
 1357 05f3 17       		.byte	0x17
 1358 05f4 15       		.uleb128 0x15
 1359 05f5 00030000 		.4byte	.LASF65
 1360 05f9 00030000 		.4byte	.LASF65
 1361 05fd 12       		.byte	0x12
 1362 05fe 18       		.byte	0x18
 1363 05ff 15       		.uleb128 0x15
 1364 0600 0F040000 		.4byte	.LASF66
 1365 0604 0F040000 		.4byte	.LASF66
 1366 0608 12       		.byte	0x12
 1367 0609 23       		.byte	0x23
 1368 060a 15       		.uleb128 0x15
 1369 060b 00000000 		.4byte	.LASF67
ARM GAS  C:\Users\dlau\AppData\Local\Temp\ccrZxE0G.s 			page 29


 1370 060f 00000000 		.4byte	.LASF67
 1371 0613 09       		.byte	0x9
 1372 0614 3D       		.byte	0x3d
 1373 0615 15       		.uleb128 0x15
 1374 0616 FA010000 		.4byte	.LASF68
 1375 061a FA010000 		.4byte	.LASF68
 1376 061e 0A       		.byte	0xa
 1377 061f 67       		.byte	0x67
 1378 0620 15       		.uleb128 0x15
 1379 0621 67030000 		.4byte	.LASF69
 1380 0625 67030000 		.4byte	.LASF69
 1381 0629 07       		.byte	0x7
 1382 062a 8C       		.byte	0x8c
 1383 062b 00       		.byte	0
 1384              		.section	.debug_abbrev,"",%progbits
 1385              	.Ldebug_abbrev0:
 1386 0000 01       		.uleb128 0x1
 1387 0001 11       		.uleb128 0x11
 1388 0002 01       		.byte	0x1
 1389 0003 25       		.uleb128 0x25
 1390 0004 0E       		.uleb128 0xe
 1391 0005 13       		.uleb128 0x13
 1392 0006 0B       		.uleb128 0xb
 1393 0007 03       		.uleb128 0x3
 1394 0008 0E       		.uleb128 0xe
 1395 0009 1B       		.uleb128 0x1b
 1396 000a 0E       		.uleb128 0xe
 1397 000b 55       		.uleb128 0x55
 1398 000c 17       		.uleb128 0x17
 1399 000d 11       		.uleb128 0x11
 1400 000e 01       		.uleb128 0x1
 1401 000f 10       		.uleb128 0x10
 1402 0010 17       		.uleb128 0x17
 1403 0011 00       		.byte	0
 1404 0012 00       		.byte	0
 1405 0013 02       		.uleb128 0x2
 1406 0014 24       		.uleb128 0x24
 1407 0015 00       		.byte	0
 1408 0016 0B       		.uleb128 0xb
 1409 0017 0B       		.uleb128 0xb
 1410 0018 3E       		.uleb128 0x3e
 1411 0019 0B       		.uleb128 0xb
 1412 001a 03       		.uleb128 0x3
 1413 001b 0E       		.uleb128 0xe
 1414 001c 00       		.byte	0
 1415 001d 00       		.byte	0
 1416 001e 03       		.uleb128 0x3
 1417 001f 16       		.uleb128 0x16
 1418 0020 00       		.byte	0
 1419 0021 03       		.uleb128 0x3
 1420 0022 0E       		.uleb128 0xe
 1421 0023 3A       		.uleb128 0x3a
 1422 0024 0B       		.uleb128 0xb
 1423 0025 3B       		.uleb128 0x3b
 1424 0026 0B       		.uleb128 0xb
 1425 0027 49       		.uleb128 0x49
 1426 0028 13       		.uleb128 0x13
ARM GAS  C:\Users\dlau\AppData\Local\Temp\ccrZxE0G.s 			page 30


 1427 0029 00       		.byte	0
 1428 002a 00       		.byte	0
 1429 002b 04       		.uleb128 0x4
 1430 002c 24       		.uleb128 0x24
 1431 002d 00       		.byte	0
 1432 002e 0B       		.uleb128 0xb
 1433 002f 0B       		.uleb128 0xb
 1434 0030 3E       		.uleb128 0x3e
 1435 0031 0B       		.uleb128 0xb
 1436 0032 03       		.uleb128 0x3
 1437 0033 08       		.uleb128 0x8
 1438 0034 00       		.byte	0
 1439 0035 00       		.byte	0
 1440 0036 05       		.uleb128 0x5
 1441 0037 16       		.uleb128 0x16
 1442 0038 00       		.byte	0
 1443 0039 03       		.uleb128 0x3
 1444 003a 0E       		.uleb128 0xe
 1445 003b 3A       		.uleb128 0x3a
 1446 003c 0B       		.uleb128 0xb
 1447 003d 3B       		.uleb128 0x3b
 1448 003e 05       		.uleb128 0x5
 1449 003f 49       		.uleb128 0x49
 1450 0040 13       		.uleb128 0x13
 1451 0041 00       		.byte	0
 1452 0042 00       		.byte	0
 1453 0043 06       		.uleb128 0x6
 1454 0044 13       		.uleb128 0x13
 1455 0045 01       		.byte	0x1
 1456 0046 03       		.uleb128 0x3
 1457 0047 0E       		.uleb128 0xe
 1458 0048 0B       		.uleb128 0xb
 1459 0049 0B       		.uleb128 0xb
 1460 004a 3A       		.uleb128 0x3a
 1461 004b 0B       		.uleb128 0xb
 1462 004c 3B       		.uleb128 0x3b
 1463 004d 0B       		.uleb128 0xb
 1464 004e 01       		.uleb128 0x1
 1465 004f 13       		.uleb128 0x13
 1466 0050 00       		.byte	0
 1467 0051 00       		.byte	0
 1468 0052 07       		.uleb128 0x7
 1469 0053 0D       		.uleb128 0xd
 1470 0054 00       		.byte	0
 1471 0055 03       		.uleb128 0x3
 1472 0056 0E       		.uleb128 0xe
 1473 0057 3A       		.uleb128 0x3a
 1474 0058 0B       		.uleb128 0xb
 1475 0059 3B       		.uleb128 0x3b
 1476 005a 0B       		.uleb128 0xb
 1477 005b 49       		.uleb128 0x49
 1478 005c 13       		.uleb128 0x13
 1479 005d 38       		.uleb128 0x38
 1480 005e 0B       		.uleb128 0xb
 1481 005f 00       		.byte	0
 1482 0060 00       		.byte	0
 1483 0061 08       		.uleb128 0x8
ARM GAS  C:\Users\dlau\AppData\Local\Temp\ccrZxE0G.s 			page 31


 1484 0062 01       		.uleb128 0x1
 1485 0063 01       		.byte	0x1
 1486 0064 49       		.uleb128 0x49
 1487 0065 13       		.uleb128 0x13
 1488 0066 01       		.uleb128 0x1
 1489 0067 13       		.uleb128 0x13
 1490 0068 00       		.byte	0
 1491 0069 00       		.byte	0
 1492 006a 09       		.uleb128 0x9
 1493 006b 21       		.uleb128 0x21
 1494 006c 00       		.byte	0
 1495 006d 49       		.uleb128 0x49
 1496 006e 13       		.uleb128 0x13
 1497 006f 2F       		.uleb128 0x2f
 1498 0070 0B       		.uleb128 0xb
 1499 0071 00       		.byte	0
 1500 0072 00       		.byte	0
 1501 0073 0A       		.uleb128 0xa
 1502 0074 2E       		.uleb128 0x2e
 1503 0075 01       		.byte	0x1
 1504 0076 3F       		.uleb128 0x3f
 1505 0077 19       		.uleb128 0x19
 1506 0078 03       		.uleb128 0x3
 1507 0079 0E       		.uleb128 0xe
 1508 007a 3A       		.uleb128 0x3a
 1509 007b 0B       		.uleb128 0xb
 1510 007c 3B       		.uleb128 0x3b
 1511 007d 0B       		.uleb128 0xb
 1512 007e 27       		.uleb128 0x27
 1513 007f 19       		.uleb128 0x19
 1514 0080 11       		.uleb128 0x11
 1515 0081 01       		.uleb128 0x1
 1516 0082 12       		.uleb128 0x12
 1517 0083 06       		.uleb128 0x6
 1518 0084 40       		.uleb128 0x40
 1519 0085 18       		.uleb128 0x18
 1520 0086 9742     		.uleb128 0x2117
 1521 0088 19       		.uleb128 0x19
 1522 0089 01       		.uleb128 0x1
 1523 008a 13       		.uleb128 0x13
 1524 008b 00       		.byte	0
 1525 008c 00       		.byte	0
 1526 008d 0B       		.uleb128 0xb
 1527 008e 898201   		.uleb128 0x4109
 1528 0091 01       		.byte	0x1
 1529 0092 11       		.uleb128 0x11
 1530 0093 01       		.uleb128 0x1
 1531 0094 31       		.uleb128 0x31
 1532 0095 13       		.uleb128 0x13
 1533 0096 01       		.uleb128 0x1
 1534 0097 13       		.uleb128 0x13
 1535 0098 00       		.byte	0
 1536 0099 00       		.byte	0
 1537 009a 0C       		.uleb128 0xc
 1538 009b 8A8201   		.uleb128 0x410a
 1539 009e 00       		.byte	0
 1540 009f 02       		.uleb128 0x2
ARM GAS  C:\Users\dlau\AppData\Local\Temp\ccrZxE0G.s 			page 32


 1541 00a0 18       		.uleb128 0x18
 1542 00a1 9142     		.uleb128 0x2111
 1543 00a3 18       		.uleb128 0x18
 1544 00a4 00       		.byte	0
 1545 00a5 00       		.byte	0
 1546 00a6 0D       		.uleb128 0xd
 1547 00a7 898201   		.uleb128 0x4109
 1548 00aa 00       		.byte	0
 1549 00ab 11       		.uleb128 0x11
 1550 00ac 01       		.uleb128 0x1
 1551 00ad 31       		.uleb128 0x31
 1552 00ae 13       		.uleb128 0x13
 1553 00af 00       		.byte	0
 1554 00b0 00       		.byte	0
 1555 00b1 0E       		.uleb128 0xe
 1556 00b2 898201   		.uleb128 0x4109
 1557 00b5 01       		.byte	0x1
 1558 00b6 11       		.uleb128 0x11
 1559 00b7 01       		.uleb128 0x1
 1560 00b8 31       		.uleb128 0x31
 1561 00b9 13       		.uleb128 0x13
 1562 00ba 00       		.byte	0
 1563 00bb 00       		.byte	0
 1564 00bc 0F       		.uleb128 0xf
 1565 00bd 34       		.uleb128 0x34
 1566 00be 00       		.byte	0
 1567 00bf 03       		.uleb128 0x3
 1568 00c0 08       		.uleb128 0x8
 1569 00c1 3A       		.uleb128 0x3a
 1570 00c2 0B       		.uleb128 0xb
 1571 00c3 3B       		.uleb128 0x3b
 1572 00c4 0B       		.uleb128 0xb
 1573 00c5 49       		.uleb128 0x49
 1574 00c6 13       		.uleb128 0x13
 1575 00c7 02       		.uleb128 0x2
 1576 00c8 17       		.uleb128 0x17
 1577 00c9 00       		.byte	0
 1578 00ca 00       		.byte	0
 1579 00cb 10       		.uleb128 0x10
 1580 00cc 2E       		.uleb128 0x2e
 1581 00cd 01       		.byte	0x1
 1582 00ce 3F       		.uleb128 0x3f
 1583 00cf 19       		.uleb128 0x19
 1584 00d0 03       		.uleb128 0x3
 1585 00d1 0E       		.uleb128 0xe
 1586 00d2 3A       		.uleb128 0x3a
 1587 00d3 0B       		.uleb128 0xb
 1588 00d4 3B       		.uleb128 0x3b
 1589 00d5 0B       		.uleb128 0xb
 1590 00d6 27       		.uleb128 0x27
 1591 00d7 19       		.uleb128 0x19
 1592 00d8 49       		.uleb128 0x49
 1593 00d9 13       		.uleb128 0x13
 1594 00da 8701     		.uleb128 0x87
 1595 00dc 19       		.uleb128 0x19
 1596 00dd 11       		.uleb128 0x11
 1597 00de 01       		.uleb128 0x1
ARM GAS  C:\Users\dlau\AppData\Local\Temp\ccrZxE0G.s 			page 33


 1598 00df 12       		.uleb128 0x12
 1599 00e0 06       		.uleb128 0x6
 1600 00e1 40       		.uleb128 0x40
 1601 00e2 18       		.uleb128 0x18
 1602 00e3 9742     		.uleb128 0x2117
 1603 00e5 19       		.uleb128 0x19
 1604 00e6 01       		.uleb128 0x1
 1605 00e7 13       		.uleb128 0x13
 1606 00e8 00       		.byte	0
 1607 00e9 00       		.byte	0
 1608 00ea 11       		.uleb128 0x11
 1609 00eb 34       		.uleb128 0x34
 1610 00ec 00       		.byte	0
 1611 00ed 03       		.uleb128 0x3
 1612 00ee 0E       		.uleb128 0xe
 1613 00ef 3A       		.uleb128 0x3a
 1614 00f0 0B       		.uleb128 0xb
 1615 00f1 3B       		.uleb128 0x3b
 1616 00f2 05       		.uleb128 0x5
 1617 00f3 49       		.uleb128 0x49
 1618 00f4 13       		.uleb128 0x13
 1619 00f5 3F       		.uleb128 0x3f
 1620 00f6 19       		.uleb128 0x19
 1621 00f7 3C       		.uleb128 0x3c
 1622 00f8 19       		.uleb128 0x19
 1623 00f9 00       		.byte	0
 1624 00fa 00       		.byte	0
 1625 00fb 12       		.uleb128 0x12
 1626 00fc 35       		.uleb128 0x35
 1627 00fd 00       		.byte	0
 1628 00fe 49       		.uleb128 0x49
 1629 00ff 13       		.uleb128 0x13
 1630 0100 00       		.byte	0
 1631 0101 00       		.byte	0
 1632 0102 13       		.uleb128 0x13
 1633 0103 34       		.uleb128 0x34
 1634 0104 00       		.byte	0
 1635 0105 03       		.uleb128 0x3
 1636 0106 08       		.uleb128 0x8
 1637 0107 3A       		.uleb128 0x3a
 1638 0108 0B       		.uleb128 0xb
 1639 0109 3B       		.uleb128 0x3b
 1640 010a 0B       		.uleb128 0xb
 1641 010b 49       		.uleb128 0x49
 1642 010c 13       		.uleb128 0x13
 1643 010d 3F       		.uleb128 0x3f
 1644 010e 19       		.uleb128 0x19
 1645 010f 02       		.uleb128 0x2
 1646 0110 18       		.uleb128 0x18
 1647 0111 00       		.byte	0
 1648 0112 00       		.byte	0
 1649 0113 14       		.uleb128 0x14
 1650 0114 34       		.uleb128 0x34
 1651 0115 00       		.byte	0
 1652 0116 03       		.uleb128 0x3
 1653 0117 0E       		.uleb128 0xe
 1654 0118 3A       		.uleb128 0x3a
ARM GAS  C:\Users\dlau\AppData\Local\Temp\ccrZxE0G.s 			page 34


 1655 0119 0B       		.uleb128 0xb
 1656 011a 3B       		.uleb128 0x3b
 1657 011b 0B       		.uleb128 0xb
 1658 011c 49       		.uleb128 0x49
 1659 011d 13       		.uleb128 0x13
 1660 011e 3F       		.uleb128 0x3f
 1661 011f 19       		.uleb128 0x19
 1662 0120 02       		.uleb128 0x2
 1663 0121 18       		.uleb128 0x18
 1664 0122 00       		.byte	0
 1665 0123 00       		.byte	0
 1666 0124 15       		.uleb128 0x15
 1667 0125 2E       		.uleb128 0x2e
 1668 0126 00       		.byte	0
 1669 0127 3F       		.uleb128 0x3f
 1670 0128 19       		.uleb128 0x19
 1671 0129 3C       		.uleb128 0x3c
 1672 012a 19       		.uleb128 0x19
 1673 012b 6E       		.uleb128 0x6e
 1674 012c 0E       		.uleb128 0xe
 1675 012d 03       		.uleb128 0x3
 1676 012e 0E       		.uleb128 0xe
 1677 012f 3A       		.uleb128 0x3a
 1678 0130 0B       		.uleb128 0xb
 1679 0131 3B       		.uleb128 0x3b
 1680 0132 0B       		.uleb128 0xb
 1681 0133 00       		.byte	0
 1682 0134 00       		.byte	0
 1683 0135 00       		.byte	0
 1684              		.section	.debug_loc,"",%progbits
 1685              	.Ldebug_loc0:
 1686              	.LLST0:
 1687 0000 14000000 		.4byte	.LVL6
 1688 0004 18000000 		.4byte	.LVL7
 1689 0008 0200     		.2byte	0x2
 1690 000a 30       		.byte	0x30
 1691 000b 9F       		.byte	0x9f
 1692 000c 18000000 		.4byte	.LVL7
 1693 0010 26000000 		.4byte	.LVL8
 1694 0014 0100     		.2byte	0x1
 1695 0016 53       		.byte	0x53
 1696 0017 28000000 		.4byte	.LVL9
 1697 001b 30000000 		.4byte	.LVL10
 1698 001f 0100     		.2byte	0x1
 1699 0021 53       		.byte	0x53
 1700 0022 00000000 		.4byte	0
 1701 0026 00000000 		.4byte	0
 1702              		.section	.debug_aranges,"",%progbits
 1703 0000 34000000 		.4byte	0x34
 1704 0004 0200     		.2byte	0x2
 1705 0006 00000000 		.4byte	.Ldebug_info0
 1706 000a 04       		.byte	0x4
 1707 000b 00       		.byte	0
 1708 000c 0000     		.2byte	0
 1709 000e 0000     		.2byte	0
 1710 0010 00000000 		.4byte	.LFB63
 1711 0014 4C000000 		.4byte	.LFE63-.LFB63
ARM GAS  C:\Users\dlau\AppData\Local\Temp\ccrZxE0G.s 			page 35


 1712 0018 00000000 		.4byte	.LFB64
 1713 001c 54000000 		.4byte	.LFE64-.LFB64
 1714 0020 00000000 		.4byte	.LFB65
 1715 0024 60000000 		.4byte	.LFE65-.LFB65
 1716 0028 00000000 		.4byte	.LFB66
 1717 002c 0C020000 		.4byte	.LFE66-.LFB66
 1718 0030 00000000 		.4byte	0
 1719 0034 00000000 		.4byte	0
 1720              		.section	.debug_ranges,"",%progbits
 1721              	.Ldebug_ranges0:
 1722 0000 00000000 		.4byte	.LFB63
 1723 0004 4C000000 		.4byte	.LFE63
 1724 0008 00000000 		.4byte	.LFB64
 1725 000c 54000000 		.4byte	.LFE64
 1726 0010 00000000 		.4byte	.LFB65
 1727 0014 60000000 		.4byte	.LFE65
 1728 0018 00000000 		.4byte	.LFB66
 1729 001c 0C020000 		.4byte	.LFE66
 1730 0020 00000000 		.4byte	0
 1731 0024 00000000 		.4byte	0
 1732              		.section	.debug_line,"",%progbits
 1733              	.Ldebug_line0:
 1734 0000 3D030000 		.section	.debug_str,"MS",%progbits,1
 1734      02002F02 
 1734      00000201 
 1734      FB0E0D00 
 1734      01010101 
 1735              	.LASF67:
 1736 0000 4144435F 		.ascii	"ADC_DelSig_StartConvert\000"
 1736      44656C53 
 1736      69675F53 
 1736      74617274 
 1736      436F6E76 
 1737              	.LASF57:
 1738 0018 4144435F 		.ascii	"ADC_DelSig_IRQ_Enable\000"
 1738      44656C53 
 1738      69675F49 
 1738      52515F45 
 1738      6E61626C 
 1739              	.LASF2:
 1740 002e 73686F72 		.ascii	"short int\000"
 1740      7420696E 
 1740      7400
 1741              	.LASF17:
 1742 0038 73697A65 		.ascii	"sizetype\000"
 1742      74797065 
 1742      00
 1743              	.LASF74:
 1744 0041 6D61696E 		.ascii	"main\000"
 1744      00
 1745              	.LASF31:
 1746 0046 5472616E 		.ascii	"TransmitBuffer\000"
 1746      736D6974 
 1746      42756666 
 1746      657200
 1747              	.LASF64:
 1748 0055 436F6D6D 		.ascii	"CommandReceived_Start\000"
ARM GAS  C:\Users\dlau\AppData\Local\Temp\ccrZxE0G.s 			page 36


 1748      616E6452 
 1748      65636569 
 1748      7665645F 
 1748      53746172 
 1749              	.LASF46:
 1750 006b 54696D65 		.ascii	"Timer_1_ReadStatusRegister\000"
 1750      725F315F 
 1750      52656164 
 1750      53746174 
 1750      75735265 
 1751              	.LASF12:
 1752 0086 75696E74 		.ascii	"uint16\000"
 1752      313600
 1753              	.LASF49:
 1754 008d 4C616256 		.ascii	"LabVIEW_UART_Start\000"
 1754      4945575F 
 1754      55415254 
 1754      5F537461 
 1754      727400
 1755              	.LASF39:
 1756 00a0 4C454444 		.ascii	"LEDDrive_Write\000"
 1756      72697665 
 1756      5F577269 
 1756      746500
 1757              	.LASF40:
 1758 00af 4C616256 		.ascii	"LabVIEW_UART_GetByte\000"
 1758      4945575F 
 1758      55415254 
 1758      5F476574 
 1758      42797465 
 1759              	.LASF11:
 1760 00c4 75696E74 		.ascii	"uint8\000"
 1760      3800
 1761              	.LASF43:
 1762 00ca 42797465 		.ascii	"ByteCounter_ReadStatusRegister\000"
 1762      436F756E 
 1762      7465725F 
 1762      52656164 
 1762      53746174 
 1763              	.LASF38:
 1764 00e9 5472616E 		.ascii	"Transmit_Packet\000"
 1764      736D6974 
 1764      5F506163 
 1764      6B657400 
 1765              	.LASF61:
 1766 00f9 42797465 		.ascii	"ByteReceived_Start\000"
 1766      52656365 
 1766      69766564 
 1766      5F537461 
 1766      727400
 1767              	.LASF0:
 1768 010c 7369676E 		.ascii	"signed char\000"
 1768      65642063 
 1768      68617200 
 1769              	.LASF13:
 1770 0118 666C6F61 		.ascii	"float\000"
 1770      7400
ARM GAS  C:\Users\dlau\AppData\Local\Temp\ccrZxE0G.s 			page 37


 1771              	.LASF34:
 1772 011e 70696E67 		.ascii	"ping\000"
 1772      00
 1773              	.LASF21:
 1774 0123 42797465 		.ascii	"ByteReceived\000"
 1774      52656365 
 1774      69766564 
 1774      00
 1775              	.LASF33:
 1776 0130 506F6E67 		.ascii	"PongOutput\000"
 1776      4F757470 
 1776      757400
 1777              	.LASF6:
 1778 013b 6C6F6E67 		.ascii	"long long int\000"
 1778      206C6F6E 
 1778      6720696E 
 1778      7400
 1779              	.LASF4:
 1780 0149 6C6F6E67 		.ascii	"long int\000"
 1780      20696E74 
 1780      00
 1781              	.LASF25:
 1782 0152 42797465 		.ascii	"ByteCount\000"
 1782      436F756E 
 1782      7400
 1783              	.LASF55:
 1784 015c 54696D65 		.ascii	"TimerInterrupt_StartEx\000"
 1784      72496E74 
 1784      65727275 
 1784      70745F53 
 1784      74617274 
 1785              	.LASF58:
 1786 0173 42797465 		.ascii	"ByteCounter_Start\000"
 1786      436F756E 
 1786      7465725F 
 1786      53746172 
 1786      7400
 1787              	.LASF54:
 1788 0185 54696D65 		.ascii	"TimerInterrupt_Start\000"
 1788      72496E74 
 1788      65727275 
 1788      70745F53 
 1788      74617274 
 1789              	.LASF73:
 1790 019a 636F6D6D 		.ascii	"command_protocol\000"
 1790      616E645F 
 1790      70726F74 
 1790      6F636F6C 
 1790      00
 1791              	.LASF32:
 1792 01ab 50696E67 		.ascii	"PingOutput\000"
 1792      4F757470 
 1792      757400
 1793              	.LASF41:
 1794 01b6 42797465 		.ascii	"ByteCounter_WriteCompare\000"
 1794      436F756E 
 1794      7465725F 
ARM GAS  C:\Users\dlau\AppData\Local\Temp\ccrZxE0G.s 			page 38


 1794      57726974 
 1794      65436F6D 
 1795              	.LASF16:
 1796 01cf 6C6F6E67 		.ascii	"long double\000"
 1796      20646F75 
 1796      626C6500 
 1797              	.LASF51:
 1798 01db 4144435F 		.ascii	"ADC_DelSig_Start\000"
 1798      44656C53 
 1798      69675F53 
 1798      74617274 
 1798      00
 1799              	.LASF1:
 1800 01ec 756E7369 		.ascii	"unsigned char\000"
 1800      676E6564 
 1800      20636861 
 1800      7200
 1801              	.LASF68:
 1802 01fa 54696D65 		.ascii	"Timer_1_ReadPeriod\000"
 1802      725F315F 
 1802      52656164 
 1802      50657269 
 1802      6F6400
 1803              	.LASF60:
 1804 020d 42797465 		.ascii	"ByteCounter_SetInterruptMode\000"
 1804      436F756E 
 1804      7465725F 
 1804      53657449 
 1804      6E746572 
 1805              	.LASF7:
 1806 022a 6C6F6E67 		.ascii	"long long unsigned int\000"
 1806      206C6F6E 
 1806      6720756E 
 1806      7369676E 
 1806      65642069 
 1807              	.LASF22:
 1808 0241 436F6D6D 		.ascii	"CommandReceived\000"
 1808      616E6452 
 1808      65636569 
 1808      76656400 
 1809              	.LASF8:
 1810 0251 756E7369 		.ascii	"unsigned int\000"
 1810      676E6564 
 1810      20696E74 
 1810      00
 1811              	.LASF18:
 1812 025e 7061636B 		.ascii	"packet_size\000"
 1812      65745F73 
 1812      697A6500 
 1813              	.LASF5:
 1814 026a 6C6F6E67 		.ascii	"long unsigned int\000"
 1814      20756E73 
 1814      69676E65 
 1814      6420696E 
 1814      7400
 1815              	.LASF59:
 1816 027c 42797465 		.ascii	"ByteCounter_Enable\000"
ARM GAS  C:\Users\dlau\AppData\Local\Temp\ccrZxE0G.s 			page 39


 1816      436F756E 
 1816      7465725F 
 1816      456E6162 
 1816      6C6500
 1817              	.LASF35:
 1818 028f 64617461 		.ascii	"datacount\000"
 1818      636F756E 
 1818      7400
 1819              	.LASF28:
 1820 0299 436F756E 		.ascii	"Count\000"
 1820      7400
 1821              	.LASF3:
 1822 029f 73686F72 		.ascii	"short unsigned int\000"
 1822      7420756E 
 1822      7369676E 
 1822      65642069 
 1822      6E7400
 1823              	.LASF50:
 1824 02b2 57617665 		.ascii	"WaveGenerator_Start\000"
 1824      47656E65 
 1824      7261746F 
 1824      725F5374 
 1824      61727400 
 1825              	.LASF37:
 1826 02c6 436F6D6D 		.ascii	"Command_Packet\000"
 1826      616E645F 
 1826      5061636B 
 1826      657400
 1827              	.LASF30:
 1828 02d5 52656365 		.ascii	"ReceivedBuffer\000"
 1828      69766564 
 1828      42756666 
 1828      657200
 1829              	.LASF15:
 1830 02e4 63686172 		.ascii	"char\000"
 1830      00
 1831              	.LASF23:
 1832 02e9 54696D65 		.ascii	"TimerInterrupt\000"
 1832      72496E74 
 1832      65727275 
 1832      707400
 1833              	.LASF10:
 1834 02f8 696E7433 		.ascii	"int32_t\000"
 1834      325F7400 
 1835              	.LASF65:
 1836 0300 436F6D6D 		.ascii	"CommandReceived_StartEx\000"
 1836      616E6452 
 1836      65636569 
 1836      7665645F 
 1836      53746172 
 1837              	.LASF44:
 1838 0318 4144435F 		.ascii	"ADC_DelSig_IsEndConversion\000"
 1838      44656C53 
 1838      69675F49 
 1838      73456E64 
 1838      436F6E76 
 1839              	.LASF42:
ARM GAS  C:\Users\dlau\AppData\Local\Temp\ccrZxE0G.s 			page 40


 1840 0333 42797465 		.ascii	"ByteCounter_ReadCounter\000"
 1840      436F756E 
 1840      7465725F 
 1840      52656164 
 1840      436F756E 
 1841              	.LASF53:
 1842 034b 54696D65 		.ascii	"Timer_1_Start\000"
 1842      725F315F 
 1842      53746172 
 1842      7400
 1843              	.LASF20:
 1844 0359 62756666 		.ascii	"buffer\000"
 1844      657200
 1845              	.LASF71:
 1846 0360 6D61696E 		.ascii	"main.c\000"
 1846      2E6300
 1847              	.LASF69:
 1848 0367 4C616256 		.ascii	"LabVIEW_UART_PutArray\000"
 1848      4945575F 
 1848      55415254 
 1848      5F507574 
 1848      41727261 
 1849              	.LASF14:
 1850 037d 646F7562 		.ascii	"double\000"
 1850      6C6500
 1851              	.LASF27:
 1852 0384 436F6D6D 		.ascii	"CommandReady\000"
 1852      616E6452 
 1852      65616479 
 1852      00
 1853              	.LASF47:
 1854 0391 55415254 		.ascii	"UARTReset_Write\000"
 1854      52657365 
 1854      745F5772 
 1854      69746500 
 1855              	.LASF62:
 1856 03a1 42797465 		.ascii	"ByteReceived_StartEx\000"
 1856      52656365 
 1856      69766564 
 1856      5F537461 
 1856      72744578 
 1857              	.LASF56:
 1858 03b6 54696D65 		.ascii	"Timer_1_Stop\000"
 1858      725F315F 
 1858      53746F70 
 1858      00
 1859              	.LASF72:
 1860 03c3 433A5C55 		.ascii	"C:\\Users\\dlau\\Documents\\PSoC Creator\\ME135_235"
 1860      73657273 
 1860      5C646C61 
 1860      755C446F 
 1860      63756D65 
 1861 03f1 5C46696E 		.ascii	"\\FinalProject.cydsn\000"
 1861      616C5072 
 1861      6F6A6563 
 1861      742E6379 
 1861      64736E00 
ARM GAS  C:\Users\dlau\AppData\Local\Temp\ccrZxE0G.s 			page 41


 1862              	.LASF9:
 1863 0405 5F5F696E 		.ascii	"__int32_t\000"
 1863      7433325F 
 1863      7400
 1864              	.LASF66:
 1865 040f 436F6D6D 		.ascii	"CommandReceived_Enable\000"
 1865      616E6452 
 1865      65636569 
 1865      7665645F 
 1865      456E6162 
 1866              	.LASF29:
 1867 0426 53746174 		.ascii	"Status\000"
 1867      757300
 1868              	.LASF26:
 1869 042d 66697273 		.ascii	"firstbyte\000"
 1869      74627974 
 1869      6500
 1870              	.LASF63:
 1871 0437 42797465 		.ascii	"ByteReceived_Enable\000"
 1871      52656365 
 1871      69766564 
 1871      5F456E61 
 1871      626C6500 
 1872              	.LASF36:
 1873 044b 64617461 		.ascii	"dataready\000"
 1873      72656164 
 1873      7900
 1874              	.LASF24:
 1875 0455 49544D5F 		.ascii	"ITM_RxBuffer\000"
 1875      52784275 
 1875      66666572 
 1875      00
 1876              	.LASF70:
 1877 0462 474E5520 		.ascii	"GNU C11 5.4.1 20160609 (release) [ARM/embedded-5-br"
 1877      43313120 
 1877      352E342E 
 1877      31203230 
 1877      31363036 
 1878 0495 616E6368 		.ascii	"anch revision 237715] -mcpu=cortex-m3 -mthumb -g -O"
 1878      20726576 
 1878      6973696F 
 1878      6E203233 
 1878      37373135 
 1879 04c8 67202D66 		.ascii	"g -ffunction-sections -ffat-lto-objects\000"
 1879      66756E63 
 1879      74696F6E 
 1879      2D736563 
 1879      74696F6E 
 1880              	.LASF52:
 1881 04f0 54696D65 		.ascii	"TimerReset_Write\000"
 1881      72526573 
 1881      65745F57 
 1881      72697465 
 1881      00
 1882              	.LASF45:
 1883 0501 4144435F 		.ascii	"ADC_DelSig_GetResult16\000"
 1883      44656C53 
ARM GAS  C:\Users\dlau\AppData\Local\Temp\ccrZxE0G.s 			page 42


 1883      69675F47 
 1883      65745265 
 1883      73756C74 
 1884              	.LASF19:
 1885 0518 636F6D6D 		.ascii	"command\000"
 1885      616E6400 
 1886              	.LASF48:
 1887 0520 42797465 		.ascii	"ByteCountReset_Write\000"
 1887      436F756E 
 1887      74526573 
 1887      65745F57 
 1887      72697465 
 1888              		.ident	"GCC: (GNU Tools for ARM Embedded Processors) 5.4.1 20160609 (release) [ARM/embedded-5-bran
